<?xml version="1.0" encoding="utf-8"?><testsuite errors="0" failures="0" name="pytest" skips="0" tests="15" time="1.618"><testcase classname="base" file="python/lsstcppimport.py" line="-1" name="python.lsstcppimport" time="0.188690900803"></testcase><testcase classname="base" file="python/lsst/base/version.py" line="-1" name="python.lsst.base.version" time="0.159884929657"></testcase><testcase classname="base" file="tests/testModuleImporter2.py" line="-1" name="tests.testModuleImporter2" time="0.156723976135"></testcase><testcase classname="base" file="python/lsstimport.py" line="-1" name="python.lsstimport" time="0.152249097824"></testcase><testcase classname="base" file="python/lsst/base/__init__.py" line="-1" name="python.lsst.base.__init__" time="0.152042150497"></testcase><testcase classname="base" file="python/lsstDebug.py" line="-1" name="python.lsstDebug" time="0.15726184845"></testcase><testcase classname="base" file="python/lsst/base/packages.py" line="-1" name="python.lsst.base.packages" time="0.192846059799"></testcase><testcase classname="base" file="python/lsst/__init__.py" line="-1" name="python.lsst.__init__" time="0.152468204498"></testcase><testcase classname="base.tests.test_packages.PackagesTestCase" file="tests/test_packages.py" line="67" name="testPackages" time="0.0861830711365"></testcase><testcase classname="base.tests.test_packages.PackagesTestCase" file="tests/test_packages.py" line="58" name="testRuntime" time="0.000667095184326"></testcase><testcase classname="base.tests.test_threads.ThreadsTestCase" file="tests/test_threads.py" line="30" name="testApi" time="0.0291888713837"><system-err>WARNING: You are using OpenBLAS with multiple threads (8), but have not
specified the number of threads using one of the OpenBLAS environment variables:
OPENBLAS_NUM_THREADS, GOTO_NUM_THREADS, OMP_NUM_THREADS.
This may indicate that you are unintentionally using multiple threads, which may
cause problems. WE HAVE THEREFORE DISABLED OpenBLAS THREADING. If you know
what you are doing and want threads enabled implicitly, set the environment
variable LSST_ALLOW_IMPLICIT_THREADS.
WARNING: You are using MKL with multiple threads (8), but have not
specified the number of threads using one of the MKL environment variables:
MKL_NUM_THREADS, MKL_DOMAIN_NUM_THREADS, OMP_NUM_THREADS.
This may indicate that you are unintentionally using multiple threads, which may
cause problems. WE HAVE THEREFORE DISABLED MKL THREADING. If you know
what you are doing and want threads enabled implicitly, set the environment
variable LSST_ALLOW_IMPLICIT_THREADS.
</system-err></testcase><testcase classname="base" file="tests/test_packages.py" line="-1" name="tests.test_packages" time="0.117838144302"></testcase><testcase classname="base.tests.test_packages.PackagesTestCase" file="tests/test_packages.py" line="43" name="testPython" time="0.00844287872314"></testcase><testcase classname="base.tests.test_packages.PackagesTestCase" file="tests/test_packages.py" line="49" name="testEnvironment" time="0.0462710857391"></testcase><testcase classname="base" file="tests/test_threads.py" line="-1" name="tests.test_threads" time="0.123245716095"></testcase></testsuite>