<?xml version="1.0" encoding="utf-8"?><testsuite errors="0" failures="0" name="pytest" skips="0" tests="63" time="1.383"><testcase classname="pex_policy.tests.Dictionary_1.DictionaryTestCase" file="tests/Dictionary_1.py" line="427" name="testDefaults" time="0.00373077392578"></testcase><testcase classname="pex_policy.tests.Dictionary_1.DictionaryTestCase" file="tests/Dictionary_1.py" line="606" name="testSampleCode" time="0.00295281410217"></testcase><testcase classname="pex_policy.tests.Dictionary_1.DictionaryTestCase" file="tests/Dictionary_1.py" line="70" name="testDictionaryLoad" time="0.00158286094666"></testcase><testcase classname="pex_policy.tests.Dictionary_1.DictionaryTestCase" file="tests/Dictionary_1.py" line="531" name="testMergeDefaults" time="0.0107343196869"></testcase><testcase classname="pex_policy.tests.Dictionary_1.DictionaryTestCase" file="tests/Dictionary_1.py" line="77" name="testBadDictionary" time="0.00564289093018"></testcase><testcase classname="pex_policy.tests.Dictionary_1.DictionaryTestCase" file="tests/Dictionary_1.py" line="626" name="testEmptySubdict" time="0.00258278846741"></testcase><testcase classname="pex_policy.tests.Dictionary_1.DictionaryTestCase" file="tests/Dictionary_1.py" line="391" name="testChildDef" time="0.00857639312744"></testcase><testcase classname="pex_policy.tests.Dictionary_1.DictionaryTestCase" file="tests/Dictionary_1.py" line="144" name="testTypeValidation" time="0.00159406661987"></testcase><testcase classname="pex_policy.tests.Dictionary_1.DictionaryTestCase" file="tests/Dictionary_1.py" line="329" name="testNested" time="0.00602984428406"></testcase><testcase classname="pex_policy.tests.Dictionary_1.TestMemory" file="../../../opt/lsst/software/stack/Linux64/utils/13.0-8-gb7ca535+e978158b25/python/lsst/utils/tests.py" line="142" name="testLeaks" time="0.0270841121674"></testcase><testcase classname="pex_policy.tests.Dictionary_1.DictionaryTestCase" file="tests/Dictionary_1.py" line="135" name="testSimpleValidate" time="0.000818967819214"></testcase><testcase classname="pex_policy.tests.Dictionary_1.DictionaryTestCase" file="tests/Dictionary_1.py" line="245" name="testValues" time="0.00325918197632"></testcase><testcase classname="pex_policy.tests.Dictionary_1.DictionaryTestCase" file="tests/Dictionary_1.py" line="476" name="testSelfValidation" time="0.00339579582214"></testcase><testcase classname="pex_policy.tests.Dictionary_1.TestMemory" file="../../../opt/lsst/software/stack/Linux64/utils/13.0-8-gb7ca535+e978158b25/python/lsst/utils/tests.py" line="162" name="testFileDescriptorLeaks" time="0.0297908782959"></testcase><testcase classname="pex_policy.tests.Dictionary_1.DictionaryTestCase" file="tests/Dictionary_1.py" line="451" name="testSetAdd" time="0.00280976295471"></testcase><testcase classname="pex_policy.tests.Policy_1.PolicyTestCase" file="tests/Policy_1.py" line="124" name="testEmptyPolicy" time="0.000760078430176"></testcase><testcase classname="pex_policy.tests.Dictionary_1.DictionaryTestCase" file="tests/Dictionary_1.py" line="185" name="testWrongType" time="0.00232601165771"></testcase><testcase classname="pex_policy.tests.Policy_1.PolicyTestCase" file="tests/Policy_1.py" line="38" name="testPolicySetget" time="0.00129199028015"></testcase><testcase classname="pex_policy.tests.UrnPolicyFile_1.UrnPolicyFileTestCase" file="tests/UrnPolicyFile_1.py" line="87" name="testIndirect" time="0.00133109092712"></testcase><testcase classname="pex_policy.tests.Policy_1.TestMemory" file="../../../opt/lsst/software/stack/Linux64/utils/13.0-8-gb7ca535+e978158b25/python/lsst/utils/tests.py" line="162" name="testFileDescriptorLeaks" time="0.0290098190308"></testcase><testcase classname="pex_policy.tests.Policy_1.PolicyTestCase" file="tests/Policy_1.py" line="117" name="testSimpleLoad" time="0.00101590156555"></testcase><testcase classname="pex_policy.tests.Policy_1.PolicyTestCase" file="tests/Policy_1.py" line="135" name="testSetNothing" time="0.000885963439941"></testcase><testcase classname="pex_policy.tests.UrnPolicyFile_1.UrnPolicyFileTestCase" file="tests/UrnPolicyFile_1.py" line="99" name="testLoading" time="0.00476384162903"></testcase><testcase classname="pex_policy.tests.UrnPolicyFile_1.UrnPolicyFileTestCase" file="tests/UrnPolicyFile_1.py" line="123" name="testTypos" time="0.00104808807373"></testcase><testcase classname="pex_policy.tests.UrnPolicyFile_1.UrnPolicyFileTestCase" file="tests/UrnPolicyFile_1.py" line="71" name="testReference" time="0.00179028511047"></testcase><testcase classname="pex_policy.tests.UrnPolicyFile_1.UrnPolicyFileTestCase" file="tests/UrnPolicyFile_1.py" line="132" name="testRepos" time="0.00156497955322"></testcase><testcase classname="pex_policy.tests.UrnPolicyFile_1.TestMemory" file="../../../opt/lsst/software/stack/Linux64/utils/13.0-8-gb7ca535+e978158b25/python/lsst/utils/tests.py" line="142" name="testLeaks" time="0.0358941555023"></testcase><testcase classname="pex_policy.tests.testBigBool.BigBoolTestCase" file="tests/testBigBool.py" line="48" name="testBigBoolArray" time="0.00727701187134"></testcase><testcase classname="pex_policy.tests.testBigBool.TestMemory" file="../../../opt/lsst/software/stack/Linux64/utils/13.0-8-gb7ca535+e978158b25/python/lsst/utils/tests.py" line="142" name="testLeaks" time="0.0347700119019"></testcase><testcase classname="pex_policy.tests.testBigBool.TestMemory" file="../../../opt/lsst/software/stack/Linux64/utils/13.0-8-gb7ca535+e978158b25/python/lsst/utils/tests.py" line="162" name="testFileDescriptorLeaks" time="0.0426940917969"></testcase><testcase classname="pex_policy.tests.testDm8654.MemoryTester" file="../../../opt/lsst/software/stack/Linux64/utils/13.0-8-gb7ca535+e978158b25/python/lsst/utils/tests.py" line="162" name="testFileDescriptorLeaks" time="0.0314819812775"></testcase><testcase classname="pex_policy.tests.Policy_1.PolicyTestCase" file="tests/Policy_1.py" line="127" name="testPolicyCopy" time="0.00154304504395"></testcase><testcase classname="pex_policy.tests.testExecutables.UtilsBinaryTester" file="../../../opt/lsst/software/stack/Linux64/utils/13.0-8-gb7ca535+e978158b25/python/lsst/utils/tests.py" line="270" name="test_exe__lsst_build_build_pex_policy_tests_PAFtypes" time="0.0160329341888"><system-out>Running executable &apos;/lsst_build/build/pex_policy/tests/PAFtypes&apos; with no arguments...

</system-out></testcase><testcase classname="pex_policy.tests.testDm8654.MemoryTester" file="../../../opt/lsst/software/stack/Linux64/utils/13.0-8-gb7ca535+e978158b25/python/lsst/utils/tests.py" line="142" name="testLeaks" time="0.0347549915314"></testcase><testcase classname="pex_policy.tests.Policy_1.TestMemory" file="../../../opt/lsst/software/stack/Linux64/utils/13.0-8-gb7ca535+e978158b25/python/lsst/utils/tests.py" line="142" name="testLeaks" time="0.0301518440247"></testcase><testcase classname="pex_policy.tests.UrnPolicyFile_1.TestMemory" file="../../../opt/lsst/software/stack/Linux64/utils/13.0-8-gb7ca535+e978158b25/python/lsst/utils/tests.py" line="162" name="testFileDescriptorLeaks" time="0.0384800434113"></testcase><testcase classname="pex_policy.tests.testExecutables.UtilsBinaryTester" file="../../../opt/lsst/software/stack/Linux64/utils/13.0-8-gb7ca535+e978158b25/python/lsst/utils/tests.py" line="270" name="test_exe__lsst_build_build_pex_policy_tests_PolicyString_1" time="0.0175750255585"><system-out>Running executable &apos;/lsst_build/build/pex_policy/tests/PolicyString_1&apos; with no arguments...

</system-out></testcase><testcase classname="pex_policy.tests.testDm8654.Dm8654TestSuite" file="tests/testDm8654.py" line="69" name="testNamesExpected" time="0.00146198272705"></testcase><testcase classname="pex_policy.tests.testExecutables.UtilsBinaryTester" file="../../../opt/lsst/software/stack/Linux64/utils/13.0-8-gb7ca535+e978158b25/python/lsst/utils/tests.py" line="270" name="test_exe__lsst_build_build_pex_policy_tests_testDefaults" time="0.020024061203"><system-out>Running executable &apos;/lsst_build/build/pex_policy/tests/testDefaults&apos; with no arguments...

</system-out></testcase><testcase classname="pex_policy.tests.testExecutables.UtilsBinaryTester" file="../../../opt/lsst/software/stack/Linux64/utils/13.0-8-gb7ca535+e978158b25/python/lsst/utils/tests.py" line="270" name="test_exe__lsst_build_build_pex_policy_tests_PAFBadSyntax" time="0.0128529071808"><system-out>Running executable &apos;/lsst_build/build/pex_policy/tests/PAFBadSyntax&apos; with no arguments...

</system-out></testcase><testcase classname="pex_policy.tests.testExecutables.UtilsBinaryTester" file="../../../opt/lsst/software/stack/Linux64/utils/13.0-8-gb7ca535+e978158b25/python/lsst/utils/tests.py" line="270" name="test_exe__lsst_build_build_pex_policy_tests_DefaultPolicyFile_1" time="0.0228109359741"><system-out>Running executable &apos;/lsst_build/build/pex_policy/tests/DefaultPolicyFile_1&apos; with no arguments...
Policy installation directory: &quot;/lsst_build/build/pex_policy&quot;
Detected missing product

</system-out></testcase><testcase classname="pex_policy.tests.testExecutables.UtilsBinaryTester" file="../../../opt/lsst/software/stack/Linux64/utils/13.0-8-gb7ca535+e978158b25/python/lsst/utils/tests.py" line="270" name="test_exe__lsst_build_build_pex_policy_tests_Policy_1" time="0.017032623291"><system-out>Running executable &apos;/lsst_build/build/pex_policy/tests/Policy_1&apos; with no arguments...
foo confirmed not to exist: Policy parameter name not found: foo
doall confirmed not an Int: Parameter &quot;doall&quot; has wrong type; expecting int.
doall: true
doall: duh
doall: never
doall (2): duh never
Dictionary.definition.standalone.minOccurs: 1
Dictionary.definition.standalone.type: int
Dictionary.definition.standalone.required: 0
Dictionary.definition.standalone.score: 3.4
policy now has 13 names (3 policies, 9 parameters):
   Dictionary: Policy
   Dictionary.definition: Policy
   Dictionary.definition.standalone: Policy
   Dictionary.definition.standalone.score: double
   Dictionary.definition.standalone.type: string
   Dictionary.definition.standalone.required: bool
   Dictionary.definition.standalone.minOccurs: int
   test: PolicyFile
   pfalse: bool
   ptrue: bool
   pdbl: double
   pint: int
   doall: string
Types:
	doall: Ss
	minOccurs: i
	score: d
	required: b
	standalone: St10shared_ptrIN4lsst3daf4base11PropertySetEE
	test: St10shared_ptrIN4lsst3daf4base11PersistableEE
shallow copy score: 1.355
deep copy score: 3.4

</system-out></testcase><testcase classname="pex_policy.tests.testExecutables.UtilsBinaryTester" file="../../../opt/lsst/software/stack/Linux64/utils/13.0-8-gb7ca535+e978158b25/python/lsst/utils/tests.py" line="199" name="testSanity" time="0.000381231307983"></testcase><testcase classname="pex_policy.tests.testExecutables.UtilsBinaryTester" file="../../../opt/lsst/software/stack/Linux64/utils/13.0-8-gb7ca535+e978158b25/python/lsst/utils/tests.py" line="270" name="test_exe__lsst_build_build_pex_policy_tests_Policy_4" time="0.00948691368103"><system-out>Running executable &apos;/lsst_build/build/pex_policy/tests/Policy_4&apos; with no arguments...
Policy:
  definitions: {
      polish: {
          default: &quot;fancy&quot;
          type: &quot;string&quot;
      }
      threshold: {
          default: 0
          type: &quot;double&quot;
      }
      offsets: {
          default: 0
          type: &quot;int&quot;
      }
      transmitter: {
          maxOccurs: 1
          minOccurs: 0
          dictionaryFile: &quot;transmitter_dict.paf&quot;
          description: &quot;parameters for configuring the transmitter&quot;
          type: &quot;Policy&quot;
      }
      reciever: {
          maxOccurs: 1
          minOccurs: 0
          dictionaryFile: &quot;receiver_dict.paf&quot;
          description: &quot;parameters for configuring the receiver&quot;
          type: &quot;Policy&quot;
      }
      standalone: {
          allowed: {
              description: &quot;do not require event services to be running&quot;
              value: 0
          }, {
              description: &quot;The EventTransmitter object if constructed without the required event services running&quot;
              value: 1
          }
          maxOccurs: 1
          minOccurs: 0
          default: 0
          description: &quot;A boolean switch that, if true, will allow events to be sent to the transmitter interface without the underlying event services running.  These events will be ignored and remain undelivered.&quot;
          type: &quot;int&quot;
      }
  }
  target: &quot;EventTransmitter&quot;

standalone:
  allowed: {
      description: &quot;do not require event services to be running&quot;
      value: 0
  }, {
      description: &quot;The EventTransmitter object if constructed without the required event services running&quot;
      value: 1
  }
  maxOccurs: 1
  minOccurs: 0
  default: 0
  description: &quot;A boolean switch that, if true, will allow events to be sent to the transmitter interface without the underlying event services running.  These events will be ignored and remain undelivered.&quot;
  type: &quot;int&quot;

Policy:
  polish: &quot;fancy&quot;
  threshold: 0
  offsets: 0
  standalone: 0

Policy:
  standalone: 0
  offsets: 0
  threshold: 0
  polish: &quot;fancy&quot;


</system-out></testcase><testcase classname="pex_policy.tests.testExecutables.UtilsBinaryTester" file="../../../opt/lsst/software/stack/Linux64/utils/13.0-8-gb7ca535+e978158b25/python/lsst/utils/tests.py" line="270" name="test_exe__lsst_build_build_pex_policy_tests_Policy_2" time="0.0110237598419"><system-out>Running executable &apos;/lsst_build/build/pex_policy/tests/Policy_2&apos; with no arguments...
Contents of PAF file:
Policy:
  polish: &quot;fancy&quot;
  receiver: {
      logVerbosity: &quot;debug&quot;
  }
  transmitter: {
      serializationFormat: &quot;deluxe&quot;
      logVerbosity: &quot;debug&quot;
  }
  offsets: 1, 14, 39, 93, 21, 3, 99, 313
  threshold: 4.5
  standalone: 1


</system-out></testcase><testcase classname="pex_policy.tests.testGet.GetTestCase" file="tests/testGet.py" line="140" name="testGetFileArray" time="0.00140309333801"></testcase><testcase classname="pex_policy.tests.testGet.GetTestCase" file="tests/testGet.py" line="155" name="testGetPolicyArray" time="0.00103688240051"></testcase><testcase classname="pex_policy.tests.testGet.GetTestCase" file="tests/testGet.py" line="76" name="testGetBoolArray" time="0.00153970718384"></testcase><testcase classname="pex_policy.tests.testGet.TestMemory" file="../../../opt/lsst/software/stack/Linux64/utils/13.0-8-gb7ca535+e978158b25/python/lsst/utils/tests.py" line="162" name="testFileDescriptorLeaks" time="0.0172529220581"></testcase><testcase classname="pex_policy.tests.testGet.TestMemory" file="../../../opt/lsst/software/stack/Linux64/utils/13.0-8-gb7ca535+e978158b25/python/lsst/utils/tests.py" line="142" name="testLeaks" time="0.0194659233093"></testcase><testcase classname="pex_policy.tests.testGet.GetTestCase" file="tests/testGet.py" line="49" name="testGet" time="0.00156235694885"></testcase><testcase classname="pex_policy.tests.testGet.GetTestCase" file="tests/testGet.py" line="64" name="testGetIntArray" time="0.00127482414246"></testcase><testcase classname="pex_policy.tests.testExecutables.UtilsBinaryTester" file="../../../opt/lsst/software/stack/Linux64/utils/13.0-8-gb7ca535+e978158b25/python/lsst/utils/tests.py" line="270" name="test_exe__lsst_build_build_pex_policy_tests_Policy_3" time="0.00970768928528"><system-out>Running executable &apos;/lsst_build/build/pex_policy/tests/Policy_3&apos; with no arguments...
Contents of PAF file, /lsst_build/build/pex_policy/examples/EventTransmitter_policy.paf
Policy:
  polish: &quot;fancy&quot;
  receiver: {
      logVerbosity: &quot;debug&quot;
  }
  transmitter: {
      serializationFormat: &quot;deluxe&quot;
      logVerbosity: &quot;debug&quot;
  }
  offsets: 1, 14, 39, 93, 21, 3, 99, 313
  threshold: 4.5
  standalone: 1

Contents of PAF file, /lsst_build/build/pex_policy/examples/pipeline_policy.paf
Policy:
  stagePolicies: {
      polish: &quot;fancy&quot;
      receiver: {
          logVerbosity: &quot;debug&quot;
      }
      transmitter: {
          serializationFormat: &quot;deluxe&quot;
          logVerbosity: &quot;debug&quot;
      }
      offsets: 1, 14, 39, 93, 21, 3, 99, 313
      threshold: 4.5
      standalone: 1
  }, {
  }, {
  }
  eventTopics: &quot;None None None&quot;
  appStages: &quot;lsst.pcons.pex.harness.IOStage.InputStage&quot;, &quot;lsst.detection.pipeline.DetectionStage&quot;, &quot;lsst.pcons.pex.harness.IOStage.OutputStage&quot;


</system-out></testcase><testcase classname="pex_policy.tests.testGet.GetTestCase" file="tests/testGet.py" line="99" name="testGetDoublArray" time="0.00136494636536"></testcase><testcase classname="pex_policy.tests.testGet.GetTestCase" file="tests/testGet.py" line="116" name="testGetStringArray" time="0.0014910697937"></testcase><testcase classname="pex_policy.tests.testPolicyString.TestMemory" file="../../../opt/lsst/software/stack/Linux64/utils/13.0-8-gb7ca535+e978158b25/python/lsst/utils/tests.py" line="162" name="testFileDescriptorLeaks" time="0.0250878334045"></testcase><testcase classname="pex_policy.tests.testStringDest.TestMemory" file="../../../opt/lsst/software/stack/Linux64/utils/13.0-8-gb7ca535+e978158b25/python/lsst/utils/tests.py" line="162" name="testFileDescriptorLeaks" time="0.0208790302277"></testcase><testcase classname="pex_policy.tests.testPolicyString.PolicyStringTestCase" file="tests/testPolicyString.py" line="45" name="testRead" time="0.00116896629333"></testcase><testcase classname="pex_policy.tests.testStringDest.PolicyOutStringTestCase" file="tests/testStringDest.py" line="44" name="testDest" time="0.00120282173157"></testcase><testcase classname="pex_policy.tests.testStringDest.PolicyOutStringTestCase" file="tests/testStringDest.py" line="48" name="testWrite" time="0.0011260509491"></testcase><testcase classname="pex_policy.tests.testPolicyString.TestMemory" file="../../../opt/lsst/software/stack/Linux64/utils/13.0-8-gb7ca535+e978158b25/python/lsst/utils/tests.py" line="142" name="testLeaks" time="0.0209732055664"></testcase><testcase classname="pex_policy.tests.testStringDest.TestMemory" file="../../../opt/lsst/software/stack/Linux64/utils/13.0-8-gb7ca535+e978158b25/python/lsst/utils/tests.py" line="142" name="testLeaks" time="0.0240180492401"></testcase><testcase classname="pex_policy.tests.testGet.GetTestCase" file="tests/testGet.py" line="129" name="testGetEmptyString" time="0.00150990486145"></testcase></testsuite>