<?xml version="1.0" encoding="utf-8"?><testsuite errors="0" failures="0" name="pytest" skips="0" tests="63" time="1.421"><testcase classname="pex_policy.centos-7,py3.tests.Dictionary_1.DictionaryTestCase" file="tests/Dictionary_1.py" line="531" name="testMergeDefaults" time="0.0096378326416"></testcase><testcase classname="pex_policy.centos-7,py3.tests.Dictionary_1.DictionaryTestCase" file="tests/Dictionary_1.py" line="77" name="testBadDictionary" time="0.0052170753479"></testcase><testcase classname="pex_policy.centos-7,py3.tests.Dictionary_1.DictionaryTestCase" file="tests/Dictionary_1.py" line="626" name="testEmptySubdict" time="0.00262498855591"></testcase><testcase classname="pex_policy.centos-7,py3.tests.Dictionary_1.DictionaryTestCase" file="tests/Dictionary_1.py" line="391" name="testChildDef" time="0.00400280952454"></testcase><testcase classname="pex_policy.centos-7,py3.tests.Dictionary_1.DictionaryTestCase" file="tests/Dictionary_1.py" line="329" name="testNested" time="0.00725507736206"></testcase><testcase classname="pex_policy.centos-7,py3.tests.Dictionary_1.DictionaryTestCase" file="tests/Dictionary_1.py" line="606" name="testSampleCode" time="0.00282883644104"></testcase><testcase classname="pex_policy.centos-7,py3.tests.Dictionary_1.DictionaryTestCase" file="tests/Dictionary_1.py" line="427" name="testDefaults" time="0.00378274917603"></testcase><testcase classname="pex_policy.centos-7,py3.tests.Dictionary_1.DictionaryTestCase" file="tests/Dictionary_1.py" line="70" name="testDictionaryLoad" time="0.00153684616089"></testcase><testcase classname="pex_policy.centos-7,py3.tests.Dictionary_1.DictionaryTestCase" file="tests/Dictionary_1.py" line="245" name="testValues" time="0.00268125534058"></testcase><testcase classname="pex_policy.centos-7,py3.tests.Dictionary_1.DictionaryTestCase" file="tests/Dictionary_1.py" line="451" name="testSetAdd" time="0.00253677368164"></testcase><testcase classname="pex_policy.centos-7,py3.tests.Dictionary_1.TestMemory" file="../../../opt/lsst/software/stack/Linux64/utils/13.0-8-gb7ca535+e978158b25/python/lsst/utils/tests.py" line="142" name="testLeaks" time="0.0246090888977"></testcase><testcase classname="pex_policy.centos-7,py3.tests.Dictionary_1.DictionaryTestCase" file="tests/Dictionary_1.py" line="476" name="testSelfValidation" time="0.00278806686401"></testcase><testcase classname="pex_policy.centos-7,py3.tests.Dictionary_1.DictionaryTestCase" file="tests/Dictionary_1.py" line="144" name="testTypeValidation" time="0.00172090530396"></testcase><testcase classname="pex_policy.centos-7,py3.tests.Dictionary_1.DictionaryTestCase" file="tests/Dictionary_1.py" line="135" name="testSimpleValidate" time="0.000878810882568"></testcase><testcase classname="pex_policy.centos-7,py3.tests.Dictionary_1.TestMemory" file="../../../opt/lsst/software/stack/Linux64/utils/13.0-8-gb7ca535+e978158b25/python/lsst/utils/tests.py" line="162" name="testFileDescriptorLeaks" time="0.0281481742859"></testcase><testcase classname="pex_policy.centos-7,py3.tests.Dictionary_1.DictionaryTestCase" file="tests/Dictionary_1.py" line="185" name="testWrongType" time="0.00271582603455"></testcase><testcase classname="pex_policy.centos-7,py3.tests.Policy_1.PolicyTestCase" file="tests/Policy_1.py" line="124" name="testEmptyPolicy" time="0.000824689865112"></testcase><testcase classname="pex_policy.centos-7,py3.tests.Policy_1.PolicyTestCase" file="tests/Policy_1.py" line="38" name="testPolicySetget" time="0.00154113769531"></testcase><testcase classname="pex_policy.centos-7,py3.tests.Policy_1.PolicyTestCase" file="tests/Policy_1.py" line="135" name="testSetNothing" time="0.000829219818115"></testcase><testcase classname="pex_policy.centos-7,py3.tests.Policy_1.PolicyTestCase" file="tests/Policy_1.py" line="117" name="testSimpleLoad" time="0.000843048095703"></testcase><testcase classname="pex_policy.centos-7,py3.tests.Policy_1.TestMemory" file="../../../opt/lsst/software/stack/Linux64/utils/13.0-8-gb7ca535+e978158b25/python/lsst/utils/tests.py" line="162" name="testFileDescriptorLeaks" time="0.0315279960632"></testcase><testcase classname="pex_policy.centos-7,py3.tests.UrnPolicyFile_1.UrnPolicyFileTestCase" file="tests/UrnPolicyFile_1.py" line="87" name="testIndirect" time="0.00144100189209"></testcase><testcase classname="pex_policy.centos-7,py3.tests.UrnPolicyFile_1.UrnPolicyFileTestCase" file="tests/UrnPolicyFile_1.py" line="99" name="testLoading" time="0.00377583503723"></testcase><testcase classname="pex_policy.centos-7,py3.tests.UrnPolicyFile_1.UrnPolicyFileTestCase" file="tests/UrnPolicyFile_1.py" line="71" name="testReference" time="0.00162816047668"></testcase><testcase classname="pex_policy.centos-7,py3.tests.UrnPolicyFile_1.UrnPolicyFileTestCase" file="tests/UrnPolicyFile_1.py" line="132" name="testRepos" time="0.00135707855225"></testcase><testcase classname="pex_policy.centos-7,py3.tests.UrnPolicyFile_1.UrnPolicyFileTestCase" file="tests/UrnPolicyFile_1.py" line="123" name="testTypos" time="0.00147676467896"></testcase><testcase classname="pex_policy.centos-7,py3.tests.UrnPolicyFile_1.TestMemory" file="../../../opt/lsst/software/stack/Linux64/utils/13.0-8-gb7ca535+e978158b25/python/lsst/utils/tests.py" line="142" name="testLeaks" time="0.0439343452454"></testcase><testcase classname="pex_policy.centos-7,py3.tests.testBigBool.TestMemory" file="../../../opt/lsst/software/stack/Linux64/utils/13.0-8-gb7ca535+e978158b25/python/lsst/utils/tests.py" line="162" name="testFileDescriptorLeaks" time="0.0335803031921"></testcase><testcase classname="pex_policy.centos-7,py3.tests.testBigBool.BigBoolTestCase" file="tests/testBigBool.py" line="48" name="testBigBoolArray" time="0.00678205490112"></testcase><testcase classname="pex_policy.centos-7,py3.tests.Policy_1.PolicyTestCase" file="tests/Policy_1.py" line="127" name="testPolicyCopy" time="0.00116872787476"></testcase><testcase classname="pex_policy.centos-7,py3.tests.testBigBool.TestMemory" file="../../../opt/lsst/software/stack/Linux64/utils/13.0-8-gb7ca535+e978158b25/python/lsst/utils/tests.py" line="142" name="testLeaks" time="0.034038066864"></testcase><testcase classname="pex_policy.centos-7,py3.tests.testExecutables.UtilsBinaryTester" file="../../../opt/lsst/software/stack/Linux64/utils/13.0-8-gb7ca535+e978158b25/python/lsst/utils/tests.py" line="270" name="test_exe__lsst_build_build_pex_policy_tests_PAFBadSyntax" time="0.0132670402527"><system-out>Running executable &apos;/lsst_build/build/pex_policy/tests/PAFBadSyntax&apos; with no arguments...

</system-out></testcase><testcase classname="pex_policy.centos-7,py3.tests.testDm8654.Dm8654TestSuite" file="tests/testDm8654.py" line="69" name="testNamesExpected" time="0.00140285491943"></testcase><testcase classname="pex_policy.centos-7,py3.tests.testDm8654.MemoryTester" file="../../../opt/lsst/software/stack/Linux64/utils/13.0-8-gb7ca535+e978158b25/python/lsst/utils/tests.py" line="162" name="testFileDescriptorLeaks" time="0.0391712188721"></testcase><testcase classname="pex_policy.centos-7,py3.tests.Policy_1.TestMemory" file="../../../opt/lsst/software/stack/Linux64/utils/13.0-8-gb7ca535+e978158b25/python/lsst/utils/tests.py" line="142" name="testLeaks" time="0.0286271572113"></testcase><testcase classname="pex_policy.centos-7,py3.tests.testExecutables.UtilsBinaryTester" file="../../../opt/lsst/software/stack/Linux64/utils/13.0-8-gb7ca535+e978158b25/python/lsst/utils/tests.py" line="270" name="test_exe__lsst_build_build_pex_policy_tests_DefaultPolicyFile_1" time="0.0162220001221"><system-out>Running executable &apos;/lsst_build/build/pex_policy/tests/DefaultPolicyFile_1&apos; with no arguments...
Policy installation directory: &quot;/lsst_build/build/pex_policy&quot;
Detected missing product

</system-out></testcase><testcase classname="pex_policy.centos-7,py3.tests.testExecutables.UtilsBinaryTester" file="../../../opt/lsst/software/stack/Linux64/utils/13.0-8-gb7ca535+e978158b25/python/lsst/utils/tests.py" line="270" name="test_exe__lsst_build_build_pex_policy_tests_PolicyString_1" time="0.0134379863739"><system-out>Running executable &apos;/lsst_build/build/pex_policy/tests/PolicyString_1&apos; with no arguments...

</system-out></testcase><testcase classname="pex_policy.centos-7,py3.tests.UrnPolicyFile_1.TestMemory" file="../../../opt/lsst/software/stack/Linux64/utils/13.0-8-gb7ca535+e978158b25/python/lsst/utils/tests.py" line="162" name="testFileDescriptorLeaks" time="0.0276830196381"></testcase><testcase classname="pex_policy.centos-7,py3.tests.testExecutables.UtilsBinaryTester" file="../../../opt/lsst/software/stack/Linux64/utils/13.0-8-gb7ca535+e978158b25/python/lsst/utils/tests.py" line="270" name="test_exe__lsst_build_build_pex_policy_tests_Policy_3" time="0.0120446681976"><system-out>Running executable &apos;/lsst_build/build/pex_policy/tests/Policy_3&apos; with no arguments...
Contents of PAF file, /lsst_build/build/pex_policy/examples/EventTransmitter_policy.paf
Policy:
  polish: &quot;fancy&quot;
  receiver: {
      logVerbosity: &quot;debug&quot;
  }
  transmitter: {
      serializationFormat: &quot;deluxe&quot;
      logVerbosity: &quot;debug&quot;
  }
  offsets: 1, 14, 39, 93, 21, 3, 99, 313
  threshold: 4.5
  standalone: 1

Contents of PAF file, /lsst_build/build/pex_policy/examples/pipeline_policy.paf
Policy:
  stagePolicies: {
      polish: &quot;fancy&quot;
      receiver: {
          logVerbosity: &quot;debug&quot;
      }
      transmitter: {
          serializationFormat: &quot;deluxe&quot;
          logVerbosity: &quot;debug&quot;
      }
      offsets: 1, 14, 39, 93, 21, 3, 99, 313
      threshold: 4.5
      standalone: 1
  }, {
  }, {
  }
  eventTopics: &quot;None None None&quot;
  appStages: &quot;lsst.pcons.pex.harness.IOStage.InputStage&quot;, &quot;lsst.detection.pipeline.DetectionStage&quot;, &quot;lsst.pcons.pex.harness.IOStage.OutputStage&quot;


</system-out></testcase><testcase classname="pex_policy.centos-7,py3.tests.testDm8654.MemoryTester" file="../../../opt/lsst/software/stack/Linux64/utils/13.0-8-gb7ca535+e978158b25/python/lsst/utils/tests.py" line="142" name="testLeaks" time="0.0215983390808"></testcase><testcase classname="pex_policy.centos-7,py3.tests.testExecutables.UtilsBinaryTester" file="../../../opt/lsst/software/stack/Linux64/utils/13.0-8-gb7ca535+e978158b25/python/lsst/utils/tests.py" line="270" name="test_exe__lsst_build_build_pex_policy_tests_Policy_4" time="0.0168650150299"><system-out>Running executable &apos;/lsst_build/build/pex_policy/tests/Policy_4&apos; with no arguments...
Policy:
  definitions: {
      polish: {
          default: &quot;fancy&quot;
          type: &quot;string&quot;
      }
      threshold: {
          default: 0
          type: &quot;double&quot;
      }
      offsets: {
          default: 0
          type: &quot;int&quot;
      }
      transmitter: {
          maxOccurs: 1
          minOccurs: 0
          dictionaryFile: &quot;transmitter_dict.paf&quot;
          description: &quot;parameters for configuring the transmitter&quot;
          type: &quot;Policy&quot;
      }
      reciever: {
          maxOccurs: 1
          minOccurs: 0
          dictionaryFile: &quot;receiver_dict.paf&quot;
          description: &quot;parameters for configuring the receiver&quot;
          type: &quot;Policy&quot;
      }
      standalone: {
          allowed: {
              description: &quot;do not require event services to be running&quot;
              value: 0
          }, {
              description: &quot;The EventTransmitter object if constructed without the required event services running&quot;
              value: 1
          }
          maxOccurs: 1
          minOccurs: 0
          default: 0
          description: &quot;A boolean switch that, if true, will allow events to be sent to the transmitter interface without the underlying event services running.  These events will be ignored and remain undelivered.&quot;
          type: &quot;int&quot;
      }
  }
  target: &quot;EventTransmitter&quot;

standalone:
  allowed: {
      description: &quot;do not require event services to be running&quot;
      value: 0
  }, {
      description: &quot;The EventTransmitter object if constructed without the required event services running&quot;
      value: 1
  }
  maxOccurs: 1
  minOccurs: 0
  default: 0
  description: &quot;A boolean switch that, if true, will allow events to be sent to the transmitter interface without the underlying event services running.  These events will be ignored and remain undelivered.&quot;
  type: &quot;int&quot;

Policy:
  polish: &quot;fancy&quot;
  threshold: 0
  offsets: 0
  standalone: 0

Policy:
  standalone: 0
  offsets: 0
  threshold: 0
  polish: &quot;fancy&quot;


</system-out></testcase><testcase classname="pex_policy.centos-7,py3.tests.testExecutables.UtilsBinaryTester" file="../../../opt/lsst/software/stack/Linux64/utils/13.0-8-gb7ca535+e978158b25/python/lsst/utils/tests.py" line="270" name="test_exe__lsst_build_build_pex_policy_tests_PAFtypes" time="0.0103628635406"><system-out>Running executable &apos;/lsst_build/build/pex_policy/tests/PAFtypes&apos; with no arguments...

</system-out></testcase><testcase classname="pex_policy.centos-7,py3.tests.testExecutables.UtilsBinaryTester" file="../../../opt/lsst/software/stack/Linux64/utils/13.0-8-gb7ca535+e978158b25/python/lsst/utils/tests.py" line="270" name="test_exe__lsst_build_build_pex_policy_tests_Policy_2" time="0.0144188404083"><system-out>Running executable &apos;/lsst_build/build/pex_policy/tests/Policy_2&apos; with no arguments...
Contents of PAF file:
Policy:
  polish: &quot;fancy&quot;
  receiver: {
      logVerbosity: &quot;debug&quot;
  }
  transmitter: {
      serializationFormat: &quot;deluxe&quot;
      logVerbosity: &quot;debug&quot;
  }
  offsets: 1, 14, 39, 93, 21, 3, 99, 313
  threshold: 4.5
  standalone: 1


</system-out></testcase><testcase classname="pex_policy.centos-7,py3.tests.testExecutables.UtilsBinaryTester" file="../../../opt/lsst/software/stack/Linux64/utils/13.0-8-gb7ca535+e978158b25/python/lsst/utils/tests.py" line="199" name="testSanity" time="0.000408887863159"></testcase><testcase classname="pex_policy.centos-7,py3.tests.testGet.GetTestCase" file="tests/testGet.py" line="64" name="testGetIntArray" time="0.00134992599487"></testcase><testcase classname="pex_policy.centos-7,py3.tests.testGet.GetTestCase" file="tests/testGet.py" line="49" name="testGet" time="0.00157117843628"></testcase><testcase classname="pex_policy.centos-7,py3.tests.testGet.GetTestCase" file="tests/testGet.py" line="129" name="testGetEmptyString" time="0.00133085250854"></testcase><testcase classname="pex_policy.centos-7,py3.tests.testGet.GetTestCase" file="tests/testGet.py" line="116" name="testGetStringArray" time="0.000826835632324"></testcase><testcase classname="pex_policy.centos-7,py3.tests.testExecutables.UtilsBinaryTester" file="../../../opt/lsst/software/stack/Linux64/utils/13.0-8-gb7ca535+e978158b25/python/lsst/utils/tests.py" line="270" name="test_exe__lsst_build_build_pex_policy_tests_Policy_1" time="0.00861120223999"><system-out>Running executable &apos;/lsst_build/build/pex_policy/tests/Policy_1&apos; with no arguments...
foo confirmed not to exist: Policy parameter name not found: foo
doall confirmed not an Int: Parameter &quot;doall&quot; has wrong type; expecting int.
doall: true
doall: duh
doall: never
doall (2): duh never
Dictionary.definition.standalone.minOccurs: 1
Dictionary.definition.standalone.type: int
Dictionary.definition.standalone.required: 0
Dictionary.definition.standalone.score: 3.4
policy now has 13 names (3 policies, 9 parameters):
   Dictionary: Policy
   Dictionary.definition: Policy
   Dictionary.definition.standalone: Policy
   Dictionary.definition.standalone.score: double
   Dictionary.definition.standalone.type: string
   Dictionary.definition.standalone.required: bool
   Dictionary.definition.standalone.minOccurs: int
   test: PolicyFile
   pfalse: bool
   ptrue: bool
   pdbl: double
   pint: int
   doall: string
Types:
	doall: Ss
	minOccurs: i
	score: d
	required: b
	standalone: St10shared_ptrIN4lsst3daf4base11PropertySetEE
	test: St10shared_ptrIN4lsst3daf4base11PersistableEE
shallow copy score: 1.355
deep copy score: 3.4

</system-out></testcase><testcase classname="pex_policy.centos-7,py3.tests.testExecutables.UtilsBinaryTester" file="../../../opt/lsst/software/stack/Linux64/utils/13.0-8-gb7ca535+e978158b25/python/lsst/utils/tests.py" line="270" name="test_exe__lsst_build_build_pex_policy_tests_testDefaults" time="0.012437582016"><system-out>Running executable &apos;/lsst_build/build/pex_policy/tests/testDefaults&apos; with no arguments...

</system-out></testcase><testcase classname="pex_policy.centos-7,py3.tests.testGet.GetTestCase" file="tests/testGet.py" line="155" name="testGetPolicyArray" time="0.000880241394043"></testcase><testcase classname="pex_policy.centos-7,py3.tests.testGet.TestMemory" file="../../../opt/lsst/software/stack/Linux64/utils/13.0-8-gb7ca535+e978158b25/python/lsst/utils/tests.py" line="142" name="testLeaks" time="0.0199248790741"></testcase><testcase classname="pex_policy.centos-7,py3.tests.testGet.GetTestCase" file="tests/testGet.py" line="99" name="testGetDoublArray" time="0.0016713142395"></testcase><testcase classname="pex_policy.centos-7,py3.tests.testGet.GetTestCase" file="tests/testGet.py" line="76" name="testGetBoolArray" time="0.00142741203308"></testcase><testcase classname="pex_policy.centos-7,py3.tests.testGet.TestMemory" file="../../../opt/lsst/software/stack/Linux64/utils/13.0-8-gb7ca535+e978158b25/python/lsst/utils/tests.py" line="162" name="testFileDescriptorLeaks" time="0.0205328464508"></testcase><testcase classname="pex_policy.centos-7,py3.tests.testStringDest.TestMemory" file="../../../opt/lsst/software/stack/Linux64/utils/13.0-8-gb7ca535+e978158b25/python/lsst/utils/tests.py" line="162" name="testFileDescriptorLeaks" time="0.0216271877289"></testcase><testcase classname="pex_policy.centos-7,py3.tests.testStringDest.TestMemory" file="../../../opt/lsst/software/stack/Linux64/utils/13.0-8-gb7ca535+e978158b25/python/lsst/utils/tests.py" line="142" name="testLeaks" time="0.0258400440216"></testcase><testcase classname="pex_policy.centos-7,py3.tests.testStringDest.PolicyOutStringTestCase" file="tests/testStringDest.py" line="44" name="testDest" time="0.00106716156006"></testcase><testcase classname="pex_policy.centos-7,py3.tests.testPolicyString.TestMemory" file="../../../opt/lsst/software/stack/Linux64/utils/13.0-8-gb7ca535+e978158b25/python/lsst/utils/tests.py" line="162" name="testFileDescriptorLeaks" time="0.0260400772095"></testcase><testcase classname="pex_policy.centos-7,py3.tests.testStringDest.PolicyOutStringTestCase" file="tests/testStringDest.py" line="48" name="testWrite" time="0.00112700462341"></testcase><testcase classname="pex_policy.centos-7,py3.tests.testGet.GetTestCase" file="tests/testGet.py" line="140" name="testGetFileArray" time="0.00160694122314"></testcase><testcase classname="pex_policy.centos-7,py3.tests.testPolicyString.TestMemory" file="../../../opt/lsst/software/stack/Linux64/utils/13.0-8-gb7ca535+e978158b25/python/lsst/utils/tests.py" line="142" name="testLeaks" time="0.0263071060181"></testcase><testcase classname="pex_policy.centos-7,py3.tests.testPolicyString.PolicyStringTestCase" file="tests/testPolicyString.py" line="45" name="testRead" time="0.00142598152161"></testcase></testsuite>