<?xml version="1.0" encoding="utf-8"?><testsuite errors="0" failures="0" name="pytest" skips="6" tests="171" time="5.286"><testcase classname="daf_persistence.tests.test_LogicalLocation.TestMemory" file="../../../opt/lsst/software/stack/Linux64/utils/13.0-8-gb7ca535+e978158b25/python/lsst/utils/tests.py" line="162" name="testFileDescriptorLeaks" time="0.0437171459198"></testcase><testcase classname="daf_persistence.tests.test_DbStorage_1.TestMemory" file="../../../opt/lsst/software/stack/Linux64/utils/13.0-8-gb7ca535+e978158b25/python/lsst/utils/tests.py" line="162" name="testFileDescriptorLeaks" time="0.0424098968506"></testcase><testcase classname="daf_persistence.tests.test_DbStorage_2.DbStorage2TestCase" file="tests/test_DbStorage_2.py" line="49" name="testWriteRead" time="0.00132894515991"><skipped message="Database authenticator unavailable.  Skipping test." type="pytest.skip">tests/test_DbStorage_2.py:49: &lt;py._xmlgen.raw object at 0x7f5834584d50&gt;</skipped></testcase><testcase classname="daf_persistence.tests.test_LogicalLocation.LogicalLocationTestCase" file="tests/test_LogicalLocation.py" line="36" name="testSubst" time="0.0017409324646"><system-out>daf.persistence.LogicalLocation DEBUG: Input string: %(foo)xx
daf.persistence.LogicalLocation DEBUG: Key: foo
daf.persistence.LogicalLocation DEBUG: Map Val: bar
daf.persistence.LogicalLocation DEBUG: Result: barxx
daf.persistence.LogicalLocation DEBUG: Input string: %(x)foo
daf.persistence.LogicalLocation DEBUG: Key: x
daf.persistence.LogicalLocation DEBUG: Map Val: 3
daf.persistence.LogicalLocation DEBUG: Result: 3foo
daf.persistence.LogicalLocation DEBUG: Input string: yy%04d(x)yy
daf.persistence.LogicalLocation DEBUG: Key: x
daf.persistence.LogicalLocation DEBUG: Map Val: 3
daf.persistence.LogicalLocation DEBUG: Result: yy0003yy
daf.persistence.LogicalLocation DEBUG: Input string: %(foo)%(x)%(y)
daf.persistence.LogicalLocation DEBUG: Key: foo
daf.persistence.LogicalLocation DEBUG: Map Val: bar
daf.persistence.LogicalLocation DEBUG: Key: x
daf.persistence.LogicalLocation DEBUG: Map Val: 3
daf.persistence.LogicalLocation DEBUG: Key: y
daf.persistence.LogicalLocation DEBUG: Map Val: 2009
daf.persistence.LogicalLocation DEBUG: Result: bar32009
daf.persistence.LogicalLocation DEBUG: Input string: %(foo)%3d(y)
daf.persistence.LogicalLocation DEBUG: Key: foo
daf.persistence.LogicalLocation DEBUG: Map Val: baz
daf.persistence.LogicalLocation DEBUG: Key: y
daf.persistence.LogicalLocation DEBUG: Map Val: 2009
daf.persistence.LogicalLocation DEBUG: Result: baz2009
</system-out></testcase><testcase classname="daf_persistence.tests.test_DbStorage_1.TestMemory" file="../../../opt/lsst/software/stack/Linux64/utils/13.0-8-gb7ca535+e978158b25/python/lsst/utils/tests.py" line="142" name="testLeaks" time="0.0421557426453"></testcase><testcase classname="daf_persistence.tests.test_DbStorage_2.TestMemory" file="../../../opt/lsst/software/stack/Linux64/utils/13.0-8-gb7ca535+e978158b25/python/lsst/utils/tests.py" line="162" name="testFileDescriptorLeaks" time="0.0371408462524"></testcase><testcase classname="daf_persistence.tests.test_DbStorage_2.TestMemory" file="../../../opt/lsst/software/stack/Linux64/utils/13.0-8-gb7ca535+e978158b25/python/lsst/utils/tests.py" line="142" name="testLeaks" time="0.0436248779297"></testcase><testcase classname="daf_persistence.tests.test_DbStorage_1.DbStorage1TestCase" file="tests/test_DbStorage_1.py" line="48" name="testWriteRead" time="0.00150108337402"><skipped message="Database authenticator unavailable. Skipping test." type="pytest.skip">tests/test_DbStorage_1.py:48: &lt;py._xmlgen.raw object at 0x7f5834584f10&gt;</skipped></testcase><testcase classname="daf_persistence.tests.test_LogicalLocation.TestMemory" file="../../../opt/lsst/software/stack/Linux64/utils/13.0-8-gb7ca535+e978158b25/python/lsst/utils/tests.py" line="142" name="testLeaks" time="0.0567438602448"></testcase><testcase classname="daf_persistence.tests.test_butler.ButlerTest" file="tests/test_butler.py" line="82" name="testMapperCanBeClassObject" time="0.00938177108765"></testcase><testcase classname="daf_persistence.tests.test_butler.ButlerTest" file="tests/test_butler.py" line="78" name="testMapperCanBeStringV1Api" time="0.0135426521301"></testcase><testcase classname="daf_persistence.tests.test_butlerAlias.ButlerTestCase" file="tests/test_butlerAlias.py" line="137" name="testBadlyFormattedAlias" time="0.00218772888184"></testcase><testcase classname="daf_persistence.tests.test_butlerAlias.ButlerTestCase" file="tests/test_butlerAlias.py" line="123" name="testUnregisteredAlias" time="0.00127196311951"></testcase><testcase classname="daf_persistence.tests.test_butlerAlias.ButlerTestCase" file="tests/test_butlerAlias.py" line="86" name="testGet" time="0.138184070587"></testcase><testcase classname="daf_persistence.tests.test_butlerProxy.TestMemory" file="../../../opt/lsst/software/stack/Linux64/utils/13.0-8-gb7ca535+e978158b25/python/lsst/utils/tests.py" line="162" name="testFileDescriptorLeaks" time="0.0478978157043"></testcase><testcase classname="daf_persistence.tests.test_butler.ButlerTest" file="tests/test_butler.py" line="87" name="testMapperCanBeClassObjectV1Api" time="0.00355410575867"></testcase><testcase classname="daf_persistence.tests.test_butlerAlias.ButlerTestCase" file="tests/test_butlerAlias.py" line="120" name="testDataRef" time="0.00161600112915"><system-out>ButlerDataRef(butlerSubset=ButlerSubset(butler=Butler(datasetTypeAliasDict={&apos;@foo&apos;: &apos;raw&apos;}, repos=RepoDataContainer(_inputs=[RepoData(id=140204564275856,repoArgs=RepositoryArgs(root=&apos;/lsst_build/build/daf_persistence/tests/butlerAlias/data/input&apos;, cfgRoot=None, mapper=&lt;class &apos;test_butlerAlias.MinMapper&apos;&gt;, mapperArgs=None, tags=set([]), mode=&apos;rw&apos;, policy=None)cfg=RepositoryCfg(root=&apos;/lsst_build/build/daf_persistence/tests/butlerAlias/data/input&apos;, mapper=&lt;class &apos;test_butlerAlias.MinMapper&apos;&gt;, mapperArgs={}, parents=[], policy=None),cfgOrigin=existing,cfgRoot=/lsst_build/build/daf_persistence/tests/butlerAlias/data/input,repo=&lt;lsst.daf.persistence.repository.Repository object at 0x7f83eb3fe410&gt;,parentRepoDatas=[],isV1Repository=True,role=output,parentRegistry=None)], 
_outputs=[RepoData(id=140204564275856,repoArgs=RepositoryArgs(root=&apos;/lsst_build/build/daf_persistence/tests/butlerAlias/data/input&apos;, cfgRoot=None, mapper=&lt;class &apos;test_butlerAlias.MinMapper&apos;&gt;, mapperArgs=None, tags=set([]), mode=&apos;rw&apos;, policy=None)cfg=RepositoryCfg(root=&apos;/lsst_build/build/daf_persistence/tests/butlerAlias/data/input&apos;, mapper=&lt;class &apos;test_butlerAlias.MinMapper&apos;&gt;, mapperArgs={}, parents=[], policy=None),cfgOrigin=existing,cfgRoot=/lsst_build/build/daf_persistence/tests/butlerAlias/data/input,repo=&lt;lsst.daf.persistence.repository.Repository object at 0x7f83eb3fe410&gt;,parentRepoDatas=[],isV1Repository=True,role=output,parentRegistry=None)], 
_all=[RepoData(id=140204564275856,repoArgs=RepositoryArgs(root=&apos;/lsst_build/build/daf_persistence/tests/butlerAlias/data/input&apos;, cfgRoot=None, mapper=&lt;class &apos;test_butlerAlias.MinMapper&apos;&gt;, mapperArgs=None, tags=set([]), mode=&apos;rw&apos;, policy=None)cfg=RepositoryCfg(root=&apos;/lsst_build/build/daf_persistence/tests/butlerAlias/data/input&apos;, mapper=&lt;class &apos;test_butlerAlias.MinMapper&apos;&gt;, mapperArgs={}, parents=[], policy=None),cfgOrigin=existing,cfgRoot=/lsst_build/build/daf_persistence/tests/butlerAlias/data/input,repo=&lt;lsst.daf.persistence.repository.Repository object at 0x7f83eb3fe410&gt;,parentRepoDatas=[],isV1Repository=True,role=output,parentRegistry=None)]), persistence=&lt;lsst.daf.persistence.persistence.Persistence object at 0x7f83e750d7d8&gt;), datasetType=raw, dataId=DataId(initialdata={&apos;filter&apos;: &apos;g&apos;, &apos;visit&apos;: 1}, tag=set([])), cache=[DataId(initialdata={&apos;filter&apos;: &apos;g&apos;, &apos;visit&apos;: 1}, tag=set([]))], level=), dataId=DataId(initialdata={&apos;filter&apos;: &apos;g&apos;, &apos;visit&apos;: 1}, tag=set([])))
</system-out></testcase><testcase classname="daf_persistence.tests.test_butler.ButlerTest" file="tests/test_butler.py" line="96" name="testMapperCanBeClassInstanceV1Api" time="0.00402426719666"><system-out>daf.persistence.butler WARN: Passing an instantiated mapper into Butler.__init__ will prevent Butler from passing parentRegistry or repositoryCfg information to the mapper, which is done only at init time. It is better to pass a importable string or class object.
daf.persistence.butler WARN: Passing an instantiated mapper into Butler.__init__ will prevent Butler from passing parentRegistry or repositoryCfg information to the mapper, which is done only at init time. It is better to pass a importable string or class object.
</system-out></testcase><testcase classname="daf_persistence.tests.test_butler.ButlerTest" file="tests/test_butler.py" line="91" name="testMapperCanBeClassInstance" time="0.00404715538025"><system-out>daf.persistence.butler WARN: Passing an instantiated mapper into Butler.__init__ will prevent Butler from passing parentRegistry or repositoryCfg information to the mapper, which is done only at init time. It is better to pass a importable string or class object.
</system-out></testcase><testcase classname="daf_persistence.tests.test_butler.ButlerTest" file="tests/test_butler.py" line="66" name="testV1RepoWithRootOnly" time="0.00331807136536"></testcase><testcase classname="daf_persistence.tests.test_butlerAlias.TestMemory" file="../../../opt/lsst/software/stack/Linux64/utils/13.0-8-gb7ca535+e978158b25/python/lsst/utils/tests.py" line="162" name="testFileDescriptorLeaks" time="0.0387940406799"></testcase><testcase classname="daf_persistence.tests.test_butler.ButlerTest" file="tests/test_butler.py" line="73" name="testMapperCanBeString" time="0.00347900390625"></testcase><testcase classname="daf_persistence.tests.test_butler.MemoryTester" file="../../../opt/lsst/software/stack/Linux64/utils/13.0-8-gb7ca535+e978158b25/python/lsst/utils/tests.py" line="142" name="testLeaks" time="0.0373318195343"></testcase><testcase classname="daf_persistence.tests.test_butler.MemoryTester" file="../../../opt/lsst/software/stack/Linux64/utils/13.0-8-gb7ca535+e978158b25/python/lsst/utils/tests.py" line="162" name="testFileDescriptorLeaks" time="0.0383229255676"></testcase><testcase classname="daf_persistence.tests.test_butlerAlias.ButlerTestCase" file="tests/test_butlerAlias.py" line="109" name="testDatasetExists" time="0.418574094772"><system-out>daf.persistence.LogicalLocation DEBUG: Input string: butlerAlias/data/input/raw/raw_v1_fg.fits.gz
daf.persistence.LogicalLocation DEBUG: Copy to: butlerAlias/data/input/raw/raw_v1_fg.fits.gz
daf.persistence.LogicalLocation DEBUG: Input string: butlerAlias/data/input/raw/raw_v2_fg.fits.gz
daf.persistence.LogicalLocation DEBUG: Copy to: butlerAlias/data/input/raw/raw_v2_fg.fits.gz
daf.persistence.LogicalLocation DEBUG: Input string: butlerAlias/data/input/raw/raw_v3_fr.fits.gz
daf.persistence.LogicalLocation DEBUG: Copy to: butlerAlias/data/input/raw/raw_v3_fr.fits.gz
daf.persistence.LogicalLocation DEBUG: Input string: butlerAlias/data/input/raw/raw_v1_ff.fits.gz
daf.persistence.LogicalLocation DEBUG: Copy to: butlerAlias/data/input/raw/raw_v1_ff.fits.gz
daf.persistence.LogicalLocation DEBUG: Input string: butlerAlias/data/input/raw/raw_v1_fr.fits.gz
daf.persistence.LogicalLocation DEBUG: Copy to: butlerAlias/data/input/raw/raw_v1_fr.fits.gz
daf.persistence.LogicalLocation DEBUG: Input string: butlerAlias/data/input/raw/raw_v3_fg.fits.gz
daf.persistence.LogicalLocation DEBUG: Copy to: butlerAlias/data/input/raw/raw_v3_fg.fits.gz
</system-out></testcase><testcase classname="daf_persistence.tests.test_butlerAlias.ButlerTestCase" file="tests/test_butlerAlias.py" line="95" name="testGetKeys" time="0.00397205352783"></testcase><testcase classname="daf_persistence.tests.test_butlerPickle.ButlerPickleTestCase" file="tests/test_butlerPickle.py" line="69" name="testPickle" time="0.0116031169891"><system-out>daf.persistence.LogicalLocation DEBUG: Input string: /lsst_build/build/daf_persistence/foo1.pickleKooq8n
daf.persistence.LogicalLocation DEBUG: Copy to: /lsst_build/build/daf_persistence/foo1.pickleKooq8n
daf.persistence.LogicalLocation DEBUG: Input string: foo1.pickle
daf.persistence.LogicalLocation DEBUG: Copy to: foo1.pickle
daf.persistence.LogicalLocation DEBUG: Input string: /lsst_build/build/daf_persistence/foo1.pickle
daf.persistence.LogicalLocation DEBUG: Copy to: /lsst_build/build/daf_persistence/foo1.pickle
</system-out></testcase><testcase classname="daf_persistence.tests.test_butler.ButlerTest" file="tests/test_butler.py" line="49" name="testV1withV2InitApiRaises" time="0.0025041103363"></testcase><testcase classname="daf_persistence.tests.test_butlerSubset.MemoryTester" file="../../../opt/lsst/software/stack/Linux64/utils/13.0-8-gb7ca535+e978158b25/python/lsst/utils/tests.py" line="162" name="testFileDescriptorLeaks" time="0.0426559448242"></testcase><testcase classname="daf_persistence.tests.test_butlerAlias.ButlerTestCase" file="tests/test_butlerAlias.py" line="127" name="testOverlappingAlias" time="0.00433564186096"></testcase><testcase classname="daf_persistence.tests.test_butlerSubset.ButlerSubsetTestCase" file="tests/test_butlerSubset.py" line="157" name="testInvalidValue" time="0.00570178031921"></testcase><testcase classname="daf_persistence.tests.test_butlerPickle.TestMemory" file="../../../opt/lsst/software/stack/Linux64/utils/13.0-8-gb7ca535+e978158b25/python/lsst/utils/tests.py" line="162" name="testFileDescriptorLeaks" time="0.0422480106354"></testcase><testcase classname="daf_persistence.tests.test_dbAuth.TestMemory" file="../../../opt/lsst/software/stack/Linux64/utils/13.0-8-gb7ca535+e978158b25/python/lsst/utils/tests.py" line="142" name="testLeaks" time="0.0571041107178"></testcase><testcase classname="daf_persistence.tests.test_butlerProxy.TestMemory" file="../../../opt/lsst/software/stack/Linux64/utils/13.0-8-gb7ca535+e978158b25/python/lsst/utils/tests.py" line="142" name="testLeaks" time="0.040011882782"></testcase><testcase classname="daf_persistence.tests.test_butlerAlias.ButlerTestCase" file="tests/test_butlerAlias.py" line="91" name="testSubset" time="0.00189709663391"></testcase><testcase classname="daf_persistence.tests.test_butlerAlias.ButlerTestCase" file="tests/test_butlerAlias.py" line="102" name="testQueryMetadata" time="0.00187611579895"></testcase><testcase classname="daf_persistence.tests.test_butlerProxy.ButlerProxyTestCase" file="tests/test_butlerProxy.py" line="54" name="testCheckProxy" time="0.00797581672668"><system-out>daf.persistence.LogicalLocation DEBUG: Input string: /lsst_build/build/daf_persistence/tests/ButlerProxyTestCase-HqQWAT/proxyOut/dt1.pickleFTcg7T
daf.persistence.LogicalLocation DEBUG: Copy to: /lsst_build/build/daf_persistence/tests/ButlerProxyTestCase-HqQWAT/proxyOut/dt1.pickleFTcg7T
daf.persistence.LogicalLocation DEBUG: Input string: /lsst_build/build/daf_persistence/tests/ButlerProxyTestCase-HqQWAT/proxyOut/p11.pickleJsV7ku
daf.persistence.LogicalLocation DEBUG: Copy to: /lsst_build/build/daf_persistence/tests/ButlerProxyTestCase-HqQWAT/proxyOut/p11.pickleJsV7ku
daf.persistence.LogicalLocation DEBUG: Input string: /lsst_build/build/daf_persistence/tests/ButlerProxyTestCase-HqQWAT/proxyOut/p21.pickleI89KWz
daf.persistence.LogicalLocation DEBUG: Copy to: /lsst_build/build/daf_persistence/tests/ButlerProxyTestCase-HqQWAT/proxyOut/p21.pickleI89KWz
daf.persistence.LogicalLocation DEBUG: Input string: /lsst_build/build/daf_persistence/tests/ButlerProxyTestCase-HqQWAT/proxyOut/dt1.pickle
daf.persistence.LogicalLocation DEBUG: Copy to: /lsst_build/build/daf_persistence/tests/ButlerProxyTestCase-HqQWAT/proxyOut/dt1.pickle
daf.persistence.LogicalLocation DEBUG: Input string: /lsst_build/build/daf_persistence/tests/ButlerProxyTestCase-HqQWAT/proxyOut/dt1.pickle
daf.persistence.LogicalLocation DEBUG: Copy to: /lsst_build/build/daf_persistence/tests/ButlerProxyTestCase-HqQWAT/proxyOut/dt1.pickle
daf.persistence.LogicalLocation DEBUG: Input string: /lsst_build/build/daf_persistence/tests/ButlerProxyTestCase-HqQWAT/proxyOut/dt1.pickle
daf.persistence.LogicalLocation DEBUG: Copy to: /lsst_build/build/daf_persistence/tests/ButlerProxyTestCase-HqQWAT/proxyOut/dt1.pickle
daf.persistence.LogicalLocation DEBUG: Input string: /lsst_build/build/daf_persistence/tests/ButlerProxyTestCase-HqQWAT/proxyOut/dt1.pickle
daf.persistence.LogicalLocation DEBUG: Copy to: /lsst_build/build/daf_persistence/tests/ButlerProxyTestCase-HqQWAT/proxyOut/dt1.pickle
daf.persistence.LogicalLocation DEBUG: Input string: /lsst_build/build/daf_persistence/tests/ButlerProxyTestCase-HqQWAT/proxyOut/p11.pickle
daf.persistence.LogicalLocation DEBUG: Copy to: /lsst_build/build/daf_persistence/tests/ButlerProxyTestCase-HqQWAT/proxyOut/p11.pickle
daf.persistence.LogicalLocation DEBUG: Input string: /lsst_build/build/daf_persistence/tests/ButlerProxyTestCase-HqQWAT/proxyOut/p11.pickle
daf.persistence.LogicalLocation DEBUG: Copy to: /lsst_build/build/daf_persistence/tests/ButlerProxyTestCase-HqQWAT/proxyOut/p11.pickle
daf.persistence.LogicalLocation DEBUG: Input string: /lsst_build/build/daf_persistence/tests/ButlerProxyTestCase-HqQWAT/proxyOut/p21.pickle
daf.persistence.LogicalLocation DEBUG: Copy to: /lsst_build/build/daf_persistence/tests/ButlerProxyTestCase-HqQWAT/proxyOut/p21.pickle
daf.persistence.LogicalLocation DEBUG: Input string: /lsst_build/build/daf_persistence/tests/ButlerProxyTestCase-HqQWAT/proxyOut/p21.pickle
daf.persistence.LogicalLocation DEBUG: Copy to: /lsst_build/build/daf_persistence/tests/ButlerProxyTestCase-HqQWAT/proxyOut/p21.pickle
daf.persistence.LogicalLocation DEBUG: Input string: /lsst_build/build/daf_persistence/tests/ButlerProxyTestCase-HqQWAT/proxyOut/dt1.pickleThmfcw
daf.persistence.LogicalLocation DEBUG: Copy to: /lsst_build/build/daf_persistence/tests/ButlerProxyTestCase-HqQWAT/proxyOut/dt1.pickleThmfcw
daf.persistence.LogicalLocation DEBUG: Input string: /lsst_build/build/daf_persistence/tests/ButlerProxyTestCase-HqQWAT/proxyOut/dt1.pickle
daf.persistence.LogicalLocation DEBUG: Copy to: /lsst_build/build/daf_persistence/tests/ButlerProxyTestCase-HqQWAT/proxyOut/dt1.pickle
daf.persistence.LogicalLocation DEBUG: Input string: /lsst_build/build/daf_persistence/tests/ButlerProxyTestCase-HqQWAT/proxyOut/dt1.pickle
daf.persistence.LogicalLocation DEBUG: Copy to: /lsst_build/build/daf_persistence/tests/ButlerProxyTestCase-HqQWAT/proxyOut/dt1.pickle
</system-out></testcase><testcase classname="daf_persistence.tests.test_butlerPickle.TestMemory" file="../../../opt/lsst/software/stack/Linux64/utils/13.0-8-gb7ca535+e978158b25/python/lsst/utils/tests.py" line="142" name="testLeaks" time="0.040335893631"></testcase><testcase classname="daf_persistence.tests.test_mapper.TestMemory" file="../../../opt/lsst/software/stack/Linux64/utils/13.0-8-gb7ca535+e978158b25/python/lsst/utils/tests.py" line="162" name="testFileDescriptorLeaks" time="0.0385341644287"></testcase><testcase classname="daf_persistence.tests.test_butlerSubset.MemoryTester" file="../../../opt/lsst/software/stack/Linux64/utils/13.0-8-gb7ca535+e978158b25/python/lsst/utils/tests.py" line="142" name="testLeaks" time="0.0412459373474"></testcase><testcase classname="daf_persistence.tests.test_dataId.TestDataId" file="tests/test_dataId.py" line="43" name="testInputDictWithTag" time="0.00103187561035"></testcase><testcase classname="daf_persistence.tests.test_dataId.MemoryTester" file="../../../opt/lsst/software/stack/Linux64/utils/13.0-8-gb7ca535+e978158b25/python/lsst/utils/tests.py" line="162" name="testFileDescriptorLeaks" time="0.0388791561127"></testcase><testcase classname="daf_persistence.tests.test_butlerSubset.ButlerSubsetTestCase" file="tests/test_butlerSubset.py" line="150" name="testNonexistentValue" time="0.00425386428833"></testcase><testcase classname="daf_persistence.tests.test_butlerSubset.ButlerSubsetTestCase" file="tests/test_butlerSubset.py" line="113" name="testSingleIteration" time="0.00746607780457"><system-out>daf.persistence.LogicalLocation DEBUG: Input string: calexp_v123456_R1,2_S2,2.pickle
daf.persistence.LogicalLocation DEBUG: Copy to: calexp_v123456_R1,2_S2,2.pickle
daf.persistence.LogicalLocation DEBUG: Input string: calexp_v123456_R1,2_S2,2.pickle
daf.persistence.LogicalLocation DEBUG: Copy to: calexp_v123456_R1,2_S2,2.pickle
daf.persistence.LogicalLocation DEBUG: Input string: /tmp/tmpWYXNfj/calexp_v123456_R1,2_S2,2.pickle
daf.persistence.LogicalLocation DEBUG: Copy to: /tmp/tmpWYXNfj/calexp_v123456_R1,2_S2,2.pickle
daf.persistence.LogicalLocation DEBUG: Input string: calexp_v123456_R1,2_S2,1.pickle
daf.persistence.LogicalLocation DEBUG: Copy to: calexp_v123456_R1,2_S2,1.pickle
daf.persistence.LogicalLocation DEBUG: Input string: calexp_v123456_R1,2_S2,1.pickle
daf.persistence.LogicalLocation DEBUG: Copy to: calexp_v123456_R1,2_S2,1.pickle
daf.persistence.LogicalLocation DEBUG: Input string: /tmp/tmpWYXNfj/calexp_v123456_R1,2_S2,1.pickle
daf.persistence.LogicalLocation DEBUG: Copy to: /tmp/tmpWYXNfj/calexp_v123456_R1,2_S2,1.pickle
daf.persistence.LogicalLocation DEBUG: Input string: calexp_v654321_R1,3_S1,1.pickle
daf.persistence.LogicalLocation DEBUG: Copy to: calexp_v654321_R1,3_S1,1.pickle
daf.persistence.LogicalLocation DEBUG: Input string: calexp_v654321_R1,3_S1,1.pickle
daf.persistence.LogicalLocation DEBUG: Copy to: calexp_v654321_R1,3_S1,1.pickle
daf.persistence.LogicalLocation DEBUG: Input string: /tmp/tmpWYXNfj/calexp_v654321_R1,3_S1,1.pickle
daf.persistence.LogicalLocation DEBUG: Copy to: /tmp/tmpWYXNfj/calexp_v654321_R1,3_S1,1.pickle
daf.persistence.LogicalLocation DEBUG: Input string: calexp_v654321_R1,3_S1,2.pickle
daf.persistence.LogicalLocation DEBUG: Copy to: calexp_v654321_R1,3_S1,2.pickle
daf.persistence.LogicalLocation DEBUG: Input string: calexp_v654321_R1,3_S1,2.pickle
daf.persistence.LogicalLocation DEBUG: Copy to: calexp_v654321_R1,3_S1,2.pickle
daf.persistence.LogicalLocation DEBUG: Input string: /tmp/tmpWYXNfj/calexp_v654321_R1,3_S1,2.pickle
daf.persistence.LogicalLocation DEBUG: Copy to: /tmp/tmpWYXNfj/calexp_v654321_R1,3_S1,2.pickle
</system-out></testcase><testcase classname="daf_persistence.tests.test_mapper.MapperTestCase" file="tests/test_mapper.py" line="62" name="testGetDatasetTypes" time="0.00104188919067"></testcase><testcase classname="daf_persistence.tests.test_mapper.TestMemory" file="../../../opt/lsst/software/stack/Linux64/utils/13.0-8-gb7ca535+e978158b25/python/lsst/utils/tests.py" line="142" name="testLeaks" time="0.0382332801819"></testcase><testcase classname="daf_persistence.tests.test_mapper.MapperTestCase" file="tests/test_mapper.py" line="66" name="testMap" time="0.00168919563293"></testcase><testcase classname="daf_persistence.tests.test_mapperImport.MapperImportTestCase" file="tests/test_mapperImport.py" line="66" name="testPickle" time="0.00603580474854"><system-out>daf.persistence.LogicalLocation DEBUG: Input string: /lsst_build/build/daf_persistence/tests/out-wMb08H/foo1.pickleeiazFp
daf.persistence.LogicalLocation DEBUG: Copy to: /lsst_build/build/daf_persistence/tests/out-wMb08H/foo1.pickleeiazFp
daf.persistence.LogicalLocation DEBUG: Input string: /lsst_build/build/daf_persistence/tests/out-wMb08H/foo1.pickle
daf.persistence.LogicalLocation DEBUG: Copy to: /lsst_build/build/daf_persistence/tests/out-wMb08H/foo1.pickle
daf.persistence.LogicalLocation DEBUG: Input string: /lsst_build/build/daf_persistence/tests/out-wMb08H/foo1.pickle
daf.persistence.LogicalLocation DEBUG: Copy to: /lsst_build/build/daf_persistence/tests/out-wMb08H/foo1.pickle
</system-out></testcase><testcase classname="daf_persistence.tests.test_mapper.MapperTestCase" file="tests/test_mapper.py" line="74" name="testMapWrite" time="0.000647068023682"></testcase><testcase classname="daf_persistence.tests.test_mapper.MapperTestCase" file="tests/test_mapper.py" line="82" name="testQueryMetadata" time="0.000470876693726"></testcase><testcase classname="daf_persistence.tests.test_fsScanner.FsScannerTestCase" file="tests/test_fsScanner.py" line="33" name="test1" time="0.00476717948914"></testcase><testcase classname="daf_persistence.tests.test_mapperImport.TestMemory" file="../../../opt/lsst/software/stack/Linux64/utils/13.0-8-gb7ca535+e978158b25/python/lsst/utils/tests.py" line="162" name="testFileDescriptorLeaks" time="0.036386013031"></testcase><testcase classname="daf_persistence.tests.test_mapper.MapperTestCase" file="tests/test_mapper.py" line="86" name="testStandardize" time="0.000940799713135"></testcase><testcase classname="daf_persistence.tests.test_pexPolicyToButlerPolicy.PolicyTestCase" file="tests/test_pexPolicyToButlerPolicy.py" line="79" name="testGetStringArray" time="0.00836324691772"></testcase><testcase classname="daf_persistence.tests.test_fsScanner.FsScannerTestCase" file="tests/test_fsScanner.py" line="39" name="test2" time="0.00148510932922"></testcase><testcase classname="daf_persistence.tests.test_butlerPickle.ButlerPickleTestCase" file="tests/test_butlerPickle.py" line="65" name="testIO" time="0.0043203830719"><system-out>daf.persistence.LogicalLocation DEBUG: Input string: /lsst_build/build/daf_persistence/foo3.pickleYwN8Om
daf.persistence.LogicalLocation DEBUG: Copy to: /lsst_build/build/daf_persistence/foo3.pickleYwN8Om
daf.persistence.LogicalLocation DEBUG: Input string: foo3.pickle
daf.persistence.LogicalLocation DEBUG: Copy to: foo3.pickle
daf.persistence.LogicalLocation DEBUG: Input string: /lsst_build/build/daf_persistence/foo3.pickle
daf.persistence.LogicalLocation DEBUG: Copy to: /lsst_build/build/daf_persistence/foo3.pickle
</system-out></testcase><testcase classname="daf_persistence.tests.test_fsScanner.TestMemory" file="../../../opt/lsst/software/stack/Linux64/utils/13.0-8-gb7ca535+e978158b25/python/lsst/utils/tests.py" line="162" name="testFileDescriptorLeaks" time="0.0423769950867"></testcase><testcase classname="daf_persistence.tests.test_dataId.TestDataId" file="tests/test_dataId.py" line="33" name="test" time="0.00098991394043"></testcase><testcase classname="daf_persistence.tests.test_dataId.TestDataId" file="tests/test_dataId.py" line="64" name="testInputDataId" time="0.000494003295898"></testcase><testcase classname="daf_persistence.tests.test_pexPolicyToButlerPolicy.PolicyTestCase" file="tests/test_pexPolicyToButlerPolicy.py" line="48" name="testPafReader" time="0.0278060436249"></testcase><testcase classname="daf_persistence.tests.test_butlerSubset.ButlerSubsetTestCase" file="tests/test_butlerSubset.py" line="166" name="testDoubleIteration" time="0.0202043056488"><system-out>daf.persistence.LogicalLocation DEBUG: Input string: flat_R1,2_S2,2_C0,0_E000.pickle
daf.persistence.LogicalLocation DEBUG: Copy to: flat_R1,2_S2,2_C0,0_E000.pickle
daf.persistence.LogicalLocation DEBUG: Input string: flat_R1,2_S2,2_C0,0_E000.pickle
daf.persistence.LogicalLocation DEBUG: Copy to: flat_R1,2_S2,2_C0,0_E000.pickle
daf.persistence.LogicalLocation DEBUG: Input string: flat_R1,2_S2,2_C0,0_E000.pickle
daf.persistence.LogicalLocation DEBUG: Copy to: flat_R1,2_S2,2_C0,0_E000.pickle
daf.persistence.LogicalLocation DEBUG: Input string: /tmp/tmp4Jq1O7/flat_R1,2_S2,2_C0,0_E000.pickle
daf.persistence.LogicalLocation DEBUG: Copy to: /tmp/tmp4Jq1O7/flat_R1,2_S2,2_C0,0_E000.pickle
daf.persistence.LogicalLocation DEBUG: Input string: flat_R1,2_S2,2_C0,0_E000.pickle
daf.persistence.LogicalLocation DEBUG: Copy to: flat_R1,2_S2,2_C0,0_E000.pickle
daf.persistence.LogicalLocation DEBUG: Input string: /tmp/tmp4Jq1O7/flat_R1,2_S2,2_C0,0_E000.pickle
daf.persistence.LogicalLocation DEBUG: Copy to: /tmp/tmp4Jq1O7/flat_R1,2_S2,2_C0,0_E000.pickle
daf.persistence.LogicalLocation DEBUG: Input string: /tmp/tmp4Jq1O7/calexp_v123456_R1,2_S2,2.pickleVf0fBi
daf.persistence.LogicalLocation DEBUG: Copy to: /tmp/tmp4Jq1O7/calexp_v123456_R1,2_S2,2.pickleVf0fBi
daf.persistence.LogicalLocation DEBUG: Input string: flat_R1,1_S2,2_C1,1_E000.pickle
daf.persistence.LogicalLocation DEBUG: Copy to: flat_R1,1_S2,2_C1,1_E000.pickle
daf.persistence.LogicalLocation DEBUG: Input string: flat_R1,1_S2,2_C1,1_E000.pickle
daf.persistence.LogicalLocation DEBUG: Copy to: flat_R1,1_S2,2_C1,1_E000.pickle
daf.persistence.LogicalLocation DEBUG: Input string: flat_R1,1_S2,2_C1,1_E000.pickle
daf.persistence.LogicalLocation DEBUG: Copy to: flat_R1,1_S2,2_C1,1_E000.pickle
daf.persistence.LogicalLocation DEBUG: Input string: /tmp/tmp4Jq1O7/flat_R1,1_S2,2_C1,1_E000.pickle
daf.persistence.LogicalLocation DEBUG: Copy to: /tmp/tmp4Jq1O7/flat_R1,1_S2,2_C1,1_E000.pickle
daf.persistence.LogicalLocation DEBUG: Input string: flat_R1,1_S2,2_C1,1_E000.pickle
daf.persistence.LogicalLocation DEBUG: Copy to: flat_R1,1_S2,2_C1,1_E000.pickle
daf.persistence.LogicalLocation DEBUG: Input string: /tmp/tmp4Jq1O7/flat_R1,1_S2,2_C1,1_E000.pickle
daf.persistence.LogicalLocation DEBUG: Copy to: /tmp/tmp4Jq1O7/flat_R1,1_S2,2_C1,1_E000.pickle
daf.persistence.LogicalLocation DEBUG: Input string: /tmp/tmp4Jq1O7/calexp_v123456_R1,1_S2,2.pickleIvd0am
daf.persistence.LogicalLocation DEBUG: Copy to: /tmp/tmp4Jq1O7/calexp_v123456_R1,1_S2,2.pickleIvd0am
daf.persistence.LogicalLocation DEBUG: Input string: flat_R1,1_S2,2_C0,0_E000.pickle
daf.persistence.LogicalLocation DEBUG: Copy to: flat_R1,1_S2,2_C0,0_E000.pickle
daf.persistence.LogicalLocation DEBUG: Input string: flat_R1,1_S2,2_C0,0_E000.pickle
daf.persistence.LogicalLocation DEBUG: Copy to: flat_R1,1_S2,2_C0,0_E000.pickle
daf.persistence.LogicalLocation DEBUG: Input string: flat_R1,1_S2,2_C0,0_E000.pickle
daf.persistence.LogicalLocation DEBUG: Copy to: flat_R1,1_S2,2_C0,0_E000.pickle
daf.persistence.LogicalLocation DEBUG: Input string: /tmp/tmp4Jq1O7/flat_R1,1_S2,2_C0,0_E000.pickle
daf.persistence.LogicalLocation DEBUG: Copy to: /tmp/tmp4Jq1O7/flat_R1,1_S2,2_C0,0_E000.pickle
daf.persistence.LogicalLocation DEBUG: Input string: flat_R1,1_S2,2_C0,0_E000.pickle
daf.persistence.LogicalLocation DEBUG: Copy to: flat_R1,1_S2,2_C0,0_E000.pickle
daf.persistence.LogicalLocation DEBUG: Input string: /tmp/tmp4Jq1O7/flat_R1,1_S2,2_C0,0_E000.pickle
daf.persistence.LogicalLocation DEBUG: Copy to: /tmp/tmp4Jq1O7/flat_R1,1_S2,2_C0,0_E000.pickle
daf.persistence.LogicalLocation DEBUG: Input string: /tmp/tmp4Jq1O7/calexp_v123456_R1,1_S2,2.pickleYJU4fa
daf.persistence.LogicalLocation DEBUG: Copy to: /tmp/tmp4Jq1O7/calexp_v123456_R1,1_S2,2.pickleYJU4fa
daf.persistence.LogicalLocation DEBUG: Input string: flat_R1,1_S2,2_C0,1_E000.pickle
daf.persistence.LogicalLocation DEBUG: Copy to: flat_R1,1_S2,2_C0,1_E000.pickle
daf.persistence.LogicalLocation DEBUG: Input string: flat_R1,1_S2,2_C0,1_E000.pickle
daf.persistence.LogicalLocation DEBUG: Copy to: flat_R1,1_S2,2_C0,1_E000.pickle
daf.persistence.LogicalLocation DEBUG: Input string: flat_R1,1_S2,2_C0,1_E000.pickle
daf.persistence.LogicalLocation DEBUG: Copy to: flat_R1,1_S2,2_C0,1_E000.pickle
daf.persistence.LogicalLocation DEBUG: Input string: /tmp/tmp4Jq1O7/flat_R1,1_S2,2_C0,1_E000.pickle
daf.persistence.LogicalLocation DEBUG: Copy to: /tmp/tmp4Jq1O7/flat_R1,1_S2,2_C0,1_E000.pickle
daf.persistence.LogicalLocation DEBUG: Input string: flat_R1,1_S2,2_C0,1_E000.pickle
daf.persistence.LogicalLocation DEBUG: Copy to: flat_R1,1_S2,2_C0,1_E000.pickle
daf.persistence.LogicalLocation DEBUG: Input string: /tmp/tmp4Jq1O7/flat_R1,1_S2,2_C0,1_E000.pickle
daf.persistence.LogicalLocation DEBUG: Copy to: /tmp/tmp4Jq1O7/flat_R1,1_S2,2_C0,1_E000.pickle
daf.persistence.LogicalLocation DEBUG: Input string: /tmp/tmp4Jq1O7/calexp_v123456_R1,1_S2,2.pickle6vi8zs
daf.persistence.LogicalLocation DEBUG: Copy to: /tmp/tmp4Jq1O7/calexp_v123456_R1,1_S2,2.pickle6vi8zs
daf.persistence.LogicalLocation DEBUG: Input string: flat_R1,1_S2,2_C1,0_E001.pickle
daf.persistence.LogicalLocation DEBUG: Copy to: flat_R1,1_S2,2_C1,0_E001.pickle
daf.persistence.LogicalLocation DEBUG: Input string: flat_R1,1_S2,2_C1,0_E001.pickle
daf.persistence.LogicalLocation DEBUG: Copy to: flat_R1,1_S2,2_C1,0_E001.pickle
daf.persistence.LogicalLocation DEBUG: Input string: flat_R1,1_S2,2_C1,0_E001.pickle
daf.persistence.LogicalLocation DEBUG: Copy to: flat_R1,1_S2,2_C1,0_E001.pickle
daf.persistence.LogicalLocation DEBUG: Input string: /tmp/tmp4Jq1O7/flat_R1,1_S2,2_C1,0_E001.pickle
daf.persistence.LogicalLocation DEBUG: Copy to: /tmp/tmp4Jq1O7/flat_R1,1_S2,2_C1,0_E001.pickle
daf.persistence.LogicalLocation DEBUG: Input string: flat_R1,1_S2,2_C1,0_E001.pickle
daf.persistence.LogicalLocation DEBUG: Copy to: flat_R1,1_S2,2_C1,0_E001.pickle
daf.persistence.LogicalLocation DEBUG: Input string: /tmp/tmp4Jq1O7/flat_R1,1_S2,2_C1,0_E001.pickle
daf.persistence.LogicalLocation DEBUG: Copy to: /tmp/tmp4Jq1O7/flat_R1,1_S2,2_C1,0_E001.pickle
daf.persistence.LogicalLocation DEBUG: Input string: /tmp/tmp4Jq1O7/calexp_v123456_R1,1_S2,2.pickleJ19q__
daf.persistence.LogicalLocation DEBUG: Copy to: /tmp/tmp4Jq1O7/calexp_v123456_R1,1_S2,2.pickleJ19q__
daf.persistence.LogicalLocation DEBUG: Input string: flat_R1,1_S2,2_C0,0_E001.pickle
daf.persistence.LogicalLocation DEBUG: Copy to: flat_R1,1_S2,2_C0,0_E001.pickle
daf.persistence.LogicalLocation DEBUG: Input string: flat_R1,1_S2,2_C0,0_E001.pickle
daf.persistence.LogicalLocation DEBUG: Copy to: flat_R1,1_S2,2_C0,0_E001.pickle
daf.persistence.LogicalLocation DEBUG: Input string: flat_R1,1_S2,2_C0,0_E001.pickle
daf.persistence.LogicalLocation DEBUG: Copy to: flat_R1,1_S2,2_C0,0_E001.pickle
daf.persistence.LogicalLocation DEBUG: Input string: /tmp/tmp4Jq1O7/flat_R1,1_S2,2_C0,0_E001.pickle
daf.persistence.LogicalLocation DEBUG: Copy to: /tmp/tmp4Jq1O7/flat_R1,1_S2,2_C0,0_E001.pickle
daf.persistence.LogicalLocation DEBUG: Input string: flat_R1,1_S2,2_C0,0_E001.pickle
daf.persistence.LogicalLocation DEBUG: Copy to: flat_R1,1_S2,2_C0,0_E001.pickle
daf.persistence.LogicalLocation DEBUG: Input string: /tmp/tmp4Jq1O7/flat_R1,1_S2,2_C0,0_E001.pickle
daf.persistence.LogicalLocation DEBUG: Copy to: /tmp/tmp4Jq1O7/flat_R1,1_S2,2_C0,0_E001.pickle
daf.persistence.LogicalLocation DEBUG: Input string: /tmp/tmp4Jq1O7/calexp_v123456_R1,1_S2,2.pickleTAIOAX
daf.persistence.LogicalLocation DEBUG: Copy to: /tmp/tmp4Jq1O7/calexp_v123456_R1,1_S2,2.pickleTAIOAX
daf.persistence.LogicalLocation DEBUG: Input string: flat_R1,2_S2,1_C0,0_E001.pickle
daf.persistence.LogicalLocation DEBUG: Copy to: flat_R1,2_S2,1_C0,0_E001.pickle
daf.persistence.LogicalLocation DEBUG: Input string: flat_R1,2_S2,1_C0,0_E001.pickle
daf.persistence.LogicalLocation DEBUG: Copy to: flat_R1,2_S2,1_C0,0_E001.pickle
daf.persistence.LogicalLocation DEBUG: Input string: flat_R1,2_S2,1_C0,0_E001.pickle
daf.persistence.LogicalLocation DEBUG: Copy to: flat_R1,2_S2,1_C0,0_E001.pickle
daf.persistence.LogicalLocation DEBUG: Input string: /tmp/tmp4Jq1O7/flat_R1,2_S2,1_C0,0_E001.pickle
daf.persistence.LogicalLocation DEBUG: Copy to: /tmp/tmp4Jq1O7/flat_R1,2_S2,1_C0,0_E001.pickle
daf.persistence.LogicalLocation DEBUG: Input string: flat_R1,2_S2,1_C0,0_E001.pickle
daf.persistence.LogicalLocation DEBUG: Copy to: flat_R1,2_S2,1_C0,0_E001.pickle
daf.persistence.LogicalLocation DEBUG: Input string: /tmp/tmp4Jq1O7/flat_R1,2_S2,1_C0,0_E001.pickle
daf.persistence.LogicalLocation DEBUG: Copy to: /tmp/tmp4Jq1O7/flat_R1,2_S2,1_C0,0_E001.pickle
daf.persistence.LogicalLocation DEBUG: Input string: /tmp/tmp4Jq1O7/calexp_v123456_R1,2_S2,1.pickle22FIvg
daf.persistence.LogicalLocation DEBUG: Copy to: /tmp/tmp4Jq1O7/calexp_v123456_R1,2_S2,1.pickle22FIvg
daf.persistence.LogicalLocation DEBUG: Input string: flat_R1,1_S2,2_C0,1_E000.pickle
daf.persistence.LogicalLocation DEBUG: Copy to: flat_R1,1_S2,2_C0,1_E000.pickle
</system-out></testcase><testcase classname="daf_persistence.tests.test_dataId.TestDataId" file="tests/test_dataId.py" line="38" name="testInputDictNoTags" time="0.000408172607422"></testcase><testcase classname="daf_persistence.tests.test_dataId.MemoryTester" file="../../../opt/lsst/software/stack/Linux64/utils/13.0-8-gb7ca535+e978158b25/python/lsst/utils/tests.py" line="142" name="testLeaks" time="0.038094997406"></testcase><testcase classname="daf_persistence.tests.test_policy.PolicyTestCase" file="tests/test_policy.py" line="76" name="testNames" time="0.00187110900879"></testcase><testcase classname="daf_persistence.tests.test_policy.PolicyTestCase" file="tests/test_policy.py" line="121" name="testNonExistantPolicyAtPath" time="0.0011670589447"></testcase><testcase classname="daf_persistence.tests.test_policy.PolicyTestCase" file="tests/test_policy.py" line="110" name="testOpenDefaultPolicy" time="0.00270891189575"></testcase><testcase classname="daf_persistence.tests.test_mapperImport.MapperImportTestCase" file="tests/test_mapperImport.py" line="62" name="testIO" time="0.00440716743469"><system-out>daf.persistence.LogicalLocation DEBUG: Input string: /lsst_build/build/daf_persistence/tests/out-WSQXPd/foo3.pickle2owV3r
daf.persistence.LogicalLocation DEBUG: Copy to: /lsst_build/build/daf_persistence/tests/out-WSQXPd/foo3.pickle2owV3r
daf.persistence.LogicalLocation DEBUG: Input string: /lsst_build/build/daf_persistence/tests/out-WSQXPd/foo3.pickle
daf.persistence.LogicalLocation DEBUG: Copy to: /lsst_build/build/daf_persistence/tests/out-WSQXPd/foo3.pickle
daf.persistence.LogicalLocation DEBUG: Input string: /lsst_build/build/daf_persistence/tests/out-WSQXPd/foo3.pickle
daf.persistence.LogicalLocation DEBUG: Copy to: /lsst_build/build/daf_persistence/tests/out-WSQXPd/foo3.pickle
</system-out></testcase><testcase classname="daf_persistence.tests.test_policy.PolicyTestCase" file="tests/test_policy.py" line="65" name="testSet" time="0.00116467475891"></testcase><testcase classname="daf_persistence.tests.test_policy.PolicyTestCase" file="tests/test_policy.py" line="44" name="testUpdateWithDict" time="0.000477075576782"></testcase><testcase classname="daf_persistence.tests.test_mapperImport.MapperImportTestCase" file="tests/test_mapperImport.py" line="51" name="testMapperClass" time="0.00490784645081"></testcase><testcase classname="daf_persistence.tests.test_policy.PolicyTestCase" file="tests/test_policy.py" line="53" name="testUpdateWithPolicy" time="0.00046706199646"></testcase><testcase classname="daf_persistence.tests.test_mapperImport.TestMemory" file="../../../opt/lsst/software/stack/Linux64/utils/13.0-8-gb7ca535+e978158b25/python/lsst/utils/tests.py" line="142" name="testLeaks" time="0.0380320549011"></testcase><testcase classname="daf_persistence.tests.test_policy.PolicyTestCase" file="tests/test_policy.py" line="59" name="testGet" time="0.00116014480591"></testcase><testcase classname="daf_persistence.tests.test_policy.PolicyTestCase" file="tests/test_policy.py" line="87" name="testGetPolicy" time="0.000480651855469"></testcase><testcase classname="daf_persistence.tests.test_posixParentSearch.PosixParentSearch" file="tests/test_posixParentSearch.py" line="121" name="testDoSearchParentFlag" time="0.00177502632141"></testcase><testcase classname="daf_persistence.tests.test_policy.TestMemory" file="../../../opt/lsst/software/stack/Linux64/utils/13.0-8-gb7ca535+e978158b25/python/lsst/utils/tests.py" line="162" name="testFileDescriptorLeaks" time="0.0395019054413"></testcase><testcase classname="daf_persistence.tests.test_pexPolicyToButlerPolicy.MemoryTester" file="../../../opt/lsst/software/stack/Linux64/utils/13.0-8-gb7ca535+e978158b25/python/lsst/utils/tests.py" line="162" name="testFileDescriptorLeaks" time="0.0413150787354"></testcase><testcase classname="daf_persistence.tests.test_policy.PolicyTestCase" file="tests/test_policy.py" line="128" name="testInvalidPolicyFileType" time="0.000473022460938"></testcase><testcase classname="daf_persistence.tests.test_posixParentSearch.PosixParentSearch" file="tests/test_posixParentSearch.py" line="47" name="testFilePath" time="0.00104713439941"></testcase><testcase classname="daf_persistence.tests.test_posixParentSearch.PosixParentSearch" file="tests/test_posixParentSearch.py" line="95" name="testFilePathIn2ndParentParent" time="0.00156593322754"></testcase><testcase classname="daf_persistence.tests.test_policy.PolicyTestCase" file="tests/test_policy.py" line="96" name="testMerge" time="0.000746250152588"></testcase><testcase classname="daf_persistence.tests.test_fsScanner.TestMemory" file="../../../opt/lsst/software/stack/Linux64/utils/13.0-8-gb7ca535+e978158b25/python/lsst/utils/tests.py" line="142" name="testLeaks" time="0.0415568351746"></testcase><testcase classname="daf_persistence.tests.test_posixParentSearch.PosixParentSearch" file="tests/test_posixParentSearch.py" line="61" name="testFilePathWithHeaderExt" time="0.00150156021118"></testcase><testcase classname="daf_persistence.tests.test_dbAuth.DbAuthTestCase" file="tests/test_dbAuth.py" line="44" name="testSetPolicy" time="0.00167608261108"></testcase><testcase classname="daf_persistence.tests.test_posixParentSearch.PosixParentSearch" file="tests/test_posixParentSearch.py" line="74" name="testFilePathInParent" time="0.00146794319153"></testcase><testcase classname="daf_persistence.tests.test_posixParentSearch.PosixParentSearch" file="tests/test_posixParentSearch.py" line="134" name="testNoResults" time="0.000828981399536"></testcase><testcase classname="daf_persistence.tests.test_posixParentSearch.MemoryTester" file="../../../opt/lsst/software/stack/Linux64/utils/13.0-8-gb7ca535+e978158b25/python/lsst/utils/tests.py" line="142" name="testLeaks" time="0.039187669754"></testcase><testcase classname="daf_persistence.tests.test_dbAuth.TestMemory" file="../../../opt/lsst/software/stack/Linux64/utils/13.0-8-gb7ca535+e978158b25/python/lsst/utils/tests.py" line="162" name="testFileDescriptorLeaks" time="0.0429289340973"></testcase><testcase classname="daf_persistence.tests.test_posixParentSearch.MemoryTester" file="../../../opt/lsst/software/stack/Linux64/utils/13.0-8-gb7ca535+e978158b25/python/lsst/utils/tests.py" line="162" name="testFileDescriptorLeaks" time="0.0417039394379"></testcase><testcase classname="daf_persistence.tests.test_pexPolicyToButlerPolicy.PolicyTestCase" file="tests/test_pexPolicyToButlerPolicy.py" line="85" name="testDumpAndLoad" time="0.101787805557"></testcase><testcase classname="daf_persistence.tests.test_policy.TestMemory" file="../../../opt/lsst/software/stack/Linux64/utils/13.0-8-gb7ca535+e978158b25/python/lsst/utils/tests.py" line="142" name="testLeaks" time="0.0424029827118"></testcase><testcase classname="daf_persistence.tests.test_pexPolicyToButlerPolicy.MemoryTester" file="../../../opt/lsst/software/stack/Linux64/utils/13.0-8-gb7ca535+e978158b25/python/lsst/utils/tests.py" line="142" name="testLeaks" time="0.0388462543488"></testcase><testcase classname="daf_persistence.tests.test_policy.PolicyTestCase" file="tests/test_policy.py" line="37" name="testBasic" time="0.00133681297302"></testcase><testcase classname="daf_persistence.tests.test_policy.PolicyTestCase" file="tests/test_policy.py" line="83" name="testCopyPolicy" time="0.00142383575439"></testcase><testcase classname="daf_persistence.tests.test_posixStorage.GetParentFromSymlink" file="tests/test_posixStorage.py" line="59" name="testV1RepoWithParen" time="0.00147604942322"></testcase><testcase classname="daf_persistence.tests.test_policy.PolicyTestCase" file="tests/test_policy.py" line="93" name="testDotsInBraces" time="0.000398874282837"></testcase><testcase classname="daf_persistence.tests.test_posixStorage.GetParentFromSymlink" file="tests/test_posixStorage.py" line="63" name="testV1RepoWithoutParent" time="0.00159382820129"></testcase><testcase classname="daf_persistence.tests.test_policy.PolicyTestCase" file="tests/test_policy.py" line="115" name="testDumpLoad" time="0.00340390205383"></testcase><testcase classname="daf_persistence.tests.test_posixStorage.MemoryTester" file="../../../opt/lsst/software/stack/Linux64/utils/13.0-8-gb7ca535+e978158b25/python/lsst/utils/tests.py" line="162" name="testFileDescriptorLeaks" time="0.0391829013824"></testcase><testcase classname="daf_persistence.tests.test_posixStorage.TestRelativePath" file="tests/test_posixStorage.py" line="78" name="testRelativePath" time="0.00114774703979"></testcase><testcase classname="daf_persistence.tests.test_posixStorage.TestAbsolutePath" file="tests/test_posixStorage.py" line="105" name="testAbsolutePath" time="0.000760793685913"></testcase><testcase classname="daf_persistence.tests.test_repository.TestBasics" file="tests/test_repository.py" line="169" name="testGetKeys" time="0.00563883781433"></testcase><testcase classname="daf_persistence.tests.test_repository.TestBasics" file="tests/test_repository.py" line="165" name="testSubset" time="0.00864505767822"></testcase><testcase classname="daf_persistence.tests.test_posixStorage.TestGetLocalFile" file="tests/test_posixStorage.py" line="129" name="testAbsolutePath" time="0.000921964645386"></testcase><testcase classname="daf_persistence.tests.test_repository.TestBasics" file="tests/test_repository.py" line="197" name="testQueryMetadata" time="0.00505328178406"></testcase><testcase classname="daf_persistence.tests.test_repository.TestMasking" file="tests/test_repository.py" line="316" name="test" time="0.0119967460632"><system-out>daf.persistence.LogicalLocation DEBUG: Input string: /lsst_build/build/daf_persistence/tests/TestMasking-HgNqDy/repoA/filename_bar1.txtOmGmRA
daf.persistence.LogicalLocation DEBUG: Copy to: /lsst_build/build/daf_persistence/tests/TestMasking-HgNqDy/repoA/filename_bar1.txtOmGmRA
daf.persistence.LogicalLocation DEBUG: Input string: /lsst_build/build/daf_persistence/tests/TestMasking-HgNqDy/repoA/filename_bar1.txt
daf.persistence.LogicalLocation DEBUG: Copy to: /lsst_build/build/daf_persistence/tests/TestMasking-HgNqDy/repoA/filename_bar1.txt
daf.persistence.LogicalLocation DEBUG: Input string: /lsst_build/build/daf_persistence/tests/TestMasking-HgNqDy/repoA/filename_bar1.txt
daf.persistence.LogicalLocation DEBUG: Copy to: /lsst_build/build/daf_persistence/tests/TestMasking-HgNqDy/repoA/filename_bar1.txt
daf.persistence.LogicalLocation DEBUG: Input string: /lsst_build/build/daf_persistence/tests/TestMasking-HgNqDy/repoB/filename_bar1.txtRFgEHT
daf.persistence.LogicalLocation DEBUG: Copy to: /lsst_build/build/daf_persistence/tests/TestMasking-HgNqDy/repoB/filename_bar1.txtRFgEHT
daf.persistence.LogicalLocation DEBUG: Input string: /lsst_build/build/daf_persistence/tests/TestMasking-HgNqDy/repoB/filename_bar1.txt
daf.persistence.LogicalLocation DEBUG: Copy to: /lsst_build/build/daf_persistence/tests/TestMasking-HgNqDy/repoB/filename_bar1.txt
daf.persistence.LogicalLocation DEBUG: Input string: /lsst_build/build/daf_persistence/tests/TestMasking-HgNqDy/repoB/filename_bar1.txt
daf.persistence.LogicalLocation DEBUG: Copy to: /lsst_build/build/daf_persistence/tests/TestMasking-HgNqDy/repoB/filename_bar1.txt
</system-out></testcase><testcase classname="daf_persistence.tests.test_reposInButler.MemoryTester" file="../../../opt/lsst/software/stack/Linux64/utils/13.0-8-gb7ca535+e978158b25/python/lsst/utils/tests.py" line="162" name="testFileDescriptorLeaks" time="0.0552308559418"></testcase><testcase classname="daf_persistence.tests.test_repository.TestMultipleInputs" file="tests/test_repository.py" line="387" name="test" time="0.0185821056366"><system-out>daf.persistence.LogicalLocation DEBUG: Input string: /lsst_build/build/daf_persistence/tests/TestMapperInference-5nX7iD/repoA/filename_bar1.txtSG5Zus
daf.persistence.LogicalLocation DEBUG: Copy to: /lsst_build/build/daf_persistence/tests/TestMapperInference-5nX7iD/repoA/filename_bar1.txtSG5Zus
daf.persistence.LogicalLocation DEBUG: Input string: /lsst_build/build/daf_persistence/tests/TestMapperInference-5nX7iD/repoA/filename_bar2.txt7rSgdW
daf.persistence.LogicalLocation DEBUG: Copy to: /lsst_build/build/daf_persistence/tests/TestMapperInference-5nX7iD/repoA/filename_bar2.txt7rSgdW
daf.persistence.LogicalLocation DEBUG: Input string: /lsst_build/build/daf_persistence/tests/TestMapperInference-5nX7iD/repoB/filename_bar1.txtwKk_Z_
daf.persistence.LogicalLocation DEBUG: Copy to: /lsst_build/build/daf_persistence/tests/TestMapperInference-5nX7iD/repoB/filename_bar1.txtwKk_Z_
daf.persistence.LogicalLocation DEBUG: Input string: /lsst_build/build/daf_persistence/tests/TestMapperInference-5nX7iD/repoB/filename_bar3.txt8Piijy
daf.persistence.LogicalLocation DEBUG: Copy to: /lsst_build/build/daf_persistence/tests/TestMapperInference-5nX7iD/repoB/filename_bar3.txt8Piijy
daf.persistence.LogicalLocation DEBUG: Input string: /lsst_build/build/daf_persistence/tests/TestMapperInference-5nX7iD/repoA/filename_bar1.txt
daf.persistence.LogicalLocation DEBUG: Copy to: /lsst_build/build/daf_persistence/tests/TestMapperInference-5nX7iD/repoA/filename_bar1.txt
daf.persistence.LogicalLocation DEBUG: Input string: /lsst_build/build/daf_persistence/tests/TestMapperInference-5nX7iD/repoA/filename_bar1.txt
daf.persistence.LogicalLocation DEBUG: Copy to: /lsst_build/build/daf_persistence/tests/TestMapperInference-5nX7iD/repoA/filename_bar1.txt
daf.persistence.LogicalLocation DEBUG: Input string: /lsst_build/build/daf_persistence/tests/TestMapperInference-5nX7iD/repoA/filename_bar2.txt
daf.persistence.LogicalLocation DEBUG: Copy to: /lsst_build/build/daf_persistence/tests/TestMapperInference-5nX7iD/repoA/filename_bar2.txt
daf.persistence.LogicalLocation DEBUG: Input string: /lsst_build/build/daf_persistence/tests/TestMapperInference-5nX7iD/repoA/filename_bar2.txt
daf.persistence.LogicalLocation DEBUG: Copy to: /lsst_build/build/daf_persistence/tests/TestMapperInference-5nX7iD/repoA/filename_bar2.txt
daf.persistence.LogicalLocation DEBUG: Input string: /lsst_build/build/daf_persistence/tests/TestMapperInference-5nX7iD/repoB/filename_bar3.txt
daf.persistence.LogicalLocation DEBUG: Copy to: /lsst_build/build/daf_persistence/tests/TestMapperInference-5nX7iD/repoB/filename_bar3.txt
daf.persistence.LogicalLocation DEBUG: Input string: /lsst_build/build/daf_persistence/tests/TestMapperInference-5nX7iD/repoB/filename_bar3.txt
daf.persistence.LogicalLocation DEBUG: Copy to: /lsst_build/build/daf_persistence/tests/TestMapperInference-5nX7iD/repoB/filename_bar3.txt
daf.persistence.LogicalLocation DEBUG: Input string: /lsst_build/build/daf_persistence/tests/TestMapperInference-5nX7iD/repoB/filename_bar1.txt
daf.persistence.LogicalLocation DEBUG: Copy to: /lsst_build/build/daf_persistence/tests/TestMapperInference-5nX7iD/repoB/filename_bar1.txt
daf.persistence.LogicalLocation DEBUG: Input string: /lsst_build/build/daf_persistence/tests/TestMapperInference-5nX7iD/repoB/filename_bar1.txt
daf.persistence.LogicalLocation DEBUG: Copy to: /lsst_build/build/daf_persistence/tests/TestMapperInference-5nX7iD/repoB/filename_bar1.txt
daf.persistence.LogicalLocation DEBUG: Input string: /lsst_build/build/daf_persistence/tests/TestMapperInference-5nX7iD/repoA/filename_bar2.txt
daf.persistence.LogicalLocation DEBUG: Copy to: /lsst_build/build/daf_persistence/tests/TestMapperInference-5nX7iD/repoA/filename_bar2.txt
daf.persistence.LogicalLocation DEBUG: Input string: /lsst_build/build/daf_persistence/tests/TestMapperInference-5nX7iD/repoA/filename_bar2.txt
daf.persistence.LogicalLocation DEBUG: Copy to: /lsst_build/build/daf_persistence/tests/TestMapperInference-5nX7iD/repoA/filename_bar2.txt
daf.persistence.LogicalLocation DEBUG: Input string: /lsst_build/build/daf_persistence/tests/TestMapperInference-5nX7iD/repoB/filename_bar3.txt
daf.persistence.LogicalLocation DEBUG: Copy to: /lsst_build/build/daf_persistence/tests/TestMapperInference-5nX7iD/repoB/filename_bar3.txt
daf.persistence.LogicalLocation DEBUG: Input string: /lsst_build/build/daf_persistence/tests/TestMapperInference-5nX7iD/repoB/filename_bar3.txt
daf.persistence.LogicalLocation DEBUG: Copy to: /lsst_build/build/daf_persistence/tests/TestMapperInference-5nX7iD/repoB/filename_bar3.txt
</system-out></testcase><testcase classname="daf_persistence.tests.test_repository.TestWriting" file="tests/test_repository.py" line="271" name="testCreateAggregateAndLoadingAChild" time="0.0136849880219"><system-out>daf.persistence.LogicalLocation DEBUG: Input string: /lsst_build/build/daf_persistence/tests/TestWriting-IEM63Z/repoA/filename_val1.txtwAfhtl
daf.persistence.LogicalLocation DEBUG: Copy to: /lsst_build/build/daf_persistence/tests/TestWriting-IEM63Z/repoA/filename_val1.txtwAfhtl
daf.persistence.LogicalLocation DEBUG: Input string: /lsst_build/build/daf_persistence/tests/TestWriting-IEM63Z/repoB/filename_val1.txtPfGK2b
daf.persistence.LogicalLocation DEBUG: Copy to: /lsst_build/build/daf_persistence/tests/TestWriting-IEM63Z/repoB/filename_val1.txtPfGK2b
daf.persistence.LogicalLocation DEBUG: Input string: /lsst_build/build/daf_persistence/tests/TestWriting-IEM63Z/repoA/filename_val2.txt7sRCAw
daf.persistence.LogicalLocation DEBUG: Copy to: /lsst_build/build/daf_persistence/tests/TestWriting-IEM63Z/repoA/filename_val2.txt7sRCAw
daf.persistence.LogicalLocation DEBUG: Input string: /lsst_build/build/daf_persistence/tests/TestWriting-IEM63Z/repoB/filename_val2.txtoVh0q9
daf.persistence.LogicalLocation DEBUG: Copy to: /lsst_build/build/daf_persistence/tests/TestWriting-IEM63Z/repoB/filename_val2.txtoVh0q9
daf.persistence.LogicalLocation DEBUG: Input string: /lsst_build/build/daf_persistence/tests/TestWriting-IEM63Z/repoA/filename_val1.txt
daf.persistence.LogicalLocation DEBUG: Copy to: /lsst_build/build/daf_persistence/tests/TestWriting-IEM63Z/repoA/filename_val1.txt
daf.persistence.LogicalLocation DEBUG: Input string: /lsst_build/build/daf_persistence/tests/TestWriting-IEM63Z/repoA/filename_val1.txt
daf.persistence.LogicalLocation DEBUG: Copy to: /lsst_build/build/daf_persistence/tests/TestWriting-IEM63Z/repoA/filename_val1.txt
daf.persistence.LogicalLocation DEBUG: Input string: /lsst_build/build/daf_persistence/tests/TestWriting-IEM63Z/repoA/filename_val1.txt
daf.persistence.LogicalLocation DEBUG: Copy to: /lsst_build/build/daf_persistence/tests/TestWriting-IEM63Z/repoA/filename_val1.txt
daf.persistence.LogicalLocation DEBUG: Input string: /lsst_build/build/daf_persistence/tests/TestWriting-IEM63Z/repoA/filename_val1.txt
daf.persistence.LogicalLocation DEBUG: Copy to: /lsst_build/build/daf_persistence/tests/TestWriting-IEM63Z/repoA/filename_val1.txt
daf.persistence.LogicalLocation DEBUG: Input string: /lsst_build/build/daf_persistence/tests/TestWriting-IEM63Z/repoB/filename_val2.txt
daf.persistence.LogicalLocation DEBUG: Copy to: /lsst_build/build/daf_persistence/tests/TestWriting-IEM63Z/repoB/filename_val2.txt
daf.persistence.LogicalLocation DEBUG: Input string: /lsst_build/build/daf_persistence/tests/TestWriting-IEM63Z/repoB/filename_val2.txt
daf.persistence.LogicalLocation DEBUG: Copy to: /lsst_build/build/daf_persistence/tests/TestWriting-IEM63Z/repoB/filename_val2.txt
daf.persistence.LogicalLocation DEBUG: Input string: /lsst_build/build/daf_persistence/tests/TestWriting-IEM63Z/repoB/filename_val2.txt
daf.persistence.LogicalLocation DEBUG: Copy to: /lsst_build/build/daf_persistence/tests/TestWriting-IEM63Z/repoB/filename_val2.txt
daf.persistence.LogicalLocation DEBUG: Input string: /lsst_build/build/daf_persistence/tests/TestWriting-IEM63Z/repoB/filename_val2.txt
daf.persistence.LogicalLocation DEBUG: Copy to: /lsst_build/build/daf_persistence/tests/TestWriting-IEM63Z/repoB/filename_val2.txt
</system-out></testcase><testcase classname="daf_persistence.tests.test_repository.TestBasics" file="tests/test_repository.py" line="234" name="testDatasetExists" time="0.352738857269"><system-out>daf.persistence.LogicalLocation DEBUG: Input string: /lsst_build/build/daf_persistence/tests/butlerAlias/data/input/raw/raw_v1_fg.fits.gz
daf.persistence.LogicalLocation DEBUG: Copy to: /lsst_build/build/daf_persistence/tests/butlerAlias/data/input/raw/raw_v1_fg.fits.gz
daf.persistence.LogicalLocation DEBUG: Input string: /lsst_build/build/daf_persistence/tests/butlerAlias/data/input/raw/raw_v2_fg.fits.gz
daf.persistence.LogicalLocation DEBUG: Copy to: /lsst_build/build/daf_persistence/tests/butlerAlias/data/input/raw/raw_v2_fg.fits.gz
daf.persistence.LogicalLocation DEBUG: Input string: /lsst_build/build/daf_persistence/tests/butlerAlias/data/input/raw/raw_v3_fr.fits.gz
daf.persistence.LogicalLocation DEBUG: Copy to: /lsst_build/build/daf_persistence/tests/butlerAlias/data/input/raw/raw_v3_fr.fits.gz
</system-out></testcase><testcase classname="daf_persistence.tests.test_repository.TestMultipleOutputsPut" file="tests/test_repository.py" line="353" name="test" time="0.0241100788116"><system-out>daf.persistence.LogicalLocation DEBUG: Input string: /lsst_build/build/daf_persistence/tests/TestMultipleOutputsPut-hGuG3L/repoA/filename_bar1.txt5ueiUF
daf.persistence.LogicalLocation DEBUG: Copy to: /lsst_build/build/daf_persistence/tests/TestMultipleOutputsPut-hGuG3L/repoA/filename_bar1.txt5ueiUF
daf.persistence.LogicalLocation DEBUG: Input string: /lsst_build/build/daf_persistence/tests/TestMultipleOutputsPut-hGuG3L/repoB/filename_bar1.txtEqKn4V
daf.persistence.LogicalLocation DEBUG: Copy to: /lsst_build/build/daf_persistence/tests/TestMultipleOutputsPut-hGuG3L/repoB/filename_bar1.txtEqKn4V
daf.persistence.LogicalLocation DEBUG: Input string: /lsst_build/build/daf_persistence/tests/TestMultipleOutputsPut-hGuG3L/repoA/filename_bar1.txt
daf.persistence.LogicalLocation DEBUG: Copy to: /lsst_build/build/daf_persistence/tests/TestMultipleOutputsPut-hGuG3L/repoA/filename_bar1.txt
daf.persistence.LogicalLocation DEBUG: Input string: /lsst_build/build/daf_persistence/tests/TestMultipleOutputsPut-hGuG3L/repoA/filename_bar1.txt
daf.persistence.LogicalLocation DEBUG: Copy to: /lsst_build/build/daf_persistence/tests/TestMultipleOutputsPut-hGuG3L/repoA/filename_bar1.txt
daf.persistence.LogicalLocation DEBUG: Input string: /lsst_build/build/daf_persistence/tests/TestMultipleOutputsPut-hGuG3L/repoB/filename_bar1.txt
daf.persistence.LogicalLocation DEBUG: Copy to: /lsst_build/build/daf_persistence/tests/TestMultipleOutputsPut-hGuG3L/repoB/filename_bar1.txt
daf.persistence.LogicalLocation DEBUG: Input string: /lsst_build/build/daf_persistence/tests/TestMultipleOutputsPut-hGuG3L/repoB/filename_bar1.txt
daf.persistence.LogicalLocation DEBUG: Copy to: /lsst_build/build/daf_persistence/tests/TestMultipleOutputsPut-hGuG3L/repoB/filename_bar1.txt
</system-out></testcase><testcase classname="daf_persistence.tests.test_repository.TestMapperInference" file="tests/test_repository.py" line="616" name="testMultipleParentsDifferentMappers" time="0.0158221721649"></testcase><testcase classname="daf_persistence.tests.test_posixStorage.MemoryTester" file="../../../opt/lsst/software/stack/Linux64/utils/13.0-8-gb7ca535+e978158b25/python/lsst/utils/tests.py" line="142" name="testLeaks" time="0.0322315692902"></testcase><testcase classname="daf_persistence.tests.test_repository.TestTagging" file="tests/test_repository.py" line="433" name="testOneLevelInputs" time="0.0703709125519"><system-out>daf.persistence.LogicalLocation DEBUG: Input string: /lsst_build/build/daf_persistence/tests/TestTagging-tx7FnT/repo1/filename_bar1.txtInuomH
daf.persistence.LogicalLocation DEBUG: Copy to: /lsst_build/build/daf_persistence/tests/TestTagging-tx7FnT/repo1/filename_bar1.txtInuomH
daf.persistence.LogicalLocation DEBUG: Input string: /lsst_build/build/daf_persistence/tests/TestTagging-tx7FnT/repo2/filename_bar1.txte7wfaJ
daf.persistence.LogicalLocation DEBUG: Copy to: /lsst_build/build/daf_persistence/tests/TestTagging-tx7FnT/repo2/filename_bar1.txte7wfaJ
daf.persistence.LogicalLocation DEBUG: Input string: /lsst_build/build/daf_persistence/tests/TestTagging-tx7FnT/repo1/filename_bar1.txt
daf.persistence.LogicalLocation DEBUG: Copy to: /lsst_build/build/daf_persistence/tests/TestTagging-tx7FnT/repo1/filename_bar1.txt
daf.persistence.LogicalLocation DEBUG: Input string: /lsst_build/build/daf_persistence/tests/TestTagging-tx7FnT/repo1/filename_bar1.txt
daf.persistence.LogicalLocation DEBUG: Copy to: /lsst_build/build/daf_persistence/tests/TestTagging-tx7FnT/repo1/filename_bar1.txt
daf.persistence.LogicalLocation DEBUG: Input string: /lsst_build/build/daf_persistence/tests/TestTagging-tx7FnT/repo2/filename_bar1.txt
daf.persistence.LogicalLocation DEBUG: Copy to: /lsst_build/build/daf_persistence/tests/TestTagging-tx7FnT/repo2/filename_bar1.txt
daf.persistence.LogicalLocation DEBUG: Input string: /lsst_build/build/daf_persistence/tests/TestTagging-tx7FnT/repo2/filename_bar1.txt
daf.persistence.LogicalLocation DEBUG: Copy to: /lsst_build/build/daf_persistence/tests/TestTagging-tx7FnT/repo2/filename_bar1.txt
daf.persistence.LogicalLocation DEBUG: Input string: /lsst_build/build/daf_persistence/tests/TestTagging-tx7FnT/repo1/filename_bar1.txt
daf.persistence.LogicalLocation DEBUG: Copy to: /lsst_build/build/daf_persistence/tests/TestTagging-tx7FnT/repo1/filename_bar1.txt
daf.persistence.LogicalLocation DEBUG: Input string: /lsst_build/build/daf_persistence/tests/TestTagging-tx7FnT/repo1/filename_bar1.txt
daf.persistence.LogicalLocation DEBUG: Copy to: /lsst_build/build/daf_persistence/tests/TestTagging-tx7FnT/repo1/filename_bar1.txt
daf.persistence.LogicalLocation DEBUG: Input string: /lsst_build/build/daf_persistence/tests/TestTagging-tx7FnT/repo1/filename_bar1.txt
daf.persistence.LogicalLocation DEBUG: Copy to: /lsst_build/build/daf_persistence/tests/TestTagging-tx7FnT/repo1/filename_bar1.txt
daf.persistence.LogicalLocation DEBUG: Input string: /lsst_build/build/daf_persistence/tests/TestTagging-tx7FnT/repo1/filename_bar1.txt
daf.persistence.LogicalLocation DEBUG: Copy to: /lsst_build/build/daf_persistence/tests/TestTagging-tx7FnT/repo1/filename_bar1.txt
daf.persistence.LogicalLocation DEBUG: Input string: /lsst_build/build/daf_persistence/tests/TestTagging-tx7FnT/repo2/filename_bar1.txt
daf.persistence.LogicalLocation DEBUG: Copy to: /lsst_build/build/daf_persistence/tests/TestTagging-tx7FnT/repo2/filename_bar1.txt
daf.persistence.LogicalLocation DEBUG: Input string: /lsst_build/build/daf_persistence/tests/TestTagging-tx7FnT/repo2/filename_bar1.txt
daf.persistence.LogicalLocation DEBUG: Copy to: /lsst_build/build/daf_persistence/tests/TestTagging-tx7FnT/repo2/filename_bar1.txt
daf.persistence.LogicalLocation DEBUG: Input string: /lsst_build/build/daf_persistence/tests/TestTagging-tx7FnT/repo2/filename_bar1.txt
daf.persistence.LogicalLocation DEBUG: Copy to: /lsst_build/build/daf_persistence/tests/TestTagging-tx7FnT/repo2/filename_bar1.txt
daf.persistence.LogicalLocation DEBUG: Input string: /lsst_build/build/daf_persistence/tests/TestTagging-tx7FnT/repo2/filename_bar1.txt
daf.persistence.LogicalLocation DEBUG: Copy to: /lsst_build/build/daf_persistence/tests/TestTagging-tx7FnT/repo2/filename_bar1.txt
daf.persistence.LogicalLocation DEBUG: Input string: /lsst_build/build/daf_persistence/tests/TestTagging-tx7FnT/repo1/filename_bar1.txt
daf.persistence.LogicalLocation DEBUG: Copy to: /lsst_build/build/daf_persistence/tests/TestTagging-tx7FnT/repo1/filename_bar1.txt
daf.persistence.LogicalLocation DEBUG: Input string: /lsst_build/build/daf_persistence/tests/TestTagging-tx7FnT/repo1/filename_bar1.txt
daf.persistence.LogicalLocation DEBUG: Copy to: /lsst_build/build/daf_persistence/tests/TestTagging-tx7FnT/repo1/filename_bar1.txt
daf.persistence.LogicalLocation DEBUG: Input string: /lsst_build/build/daf_persistence/tests/TestTagging-tx7FnT/repo2/filename_bar1.txt
daf.persistence.LogicalLocation DEBUG: Copy to: /lsst_build/build/daf_persistence/tests/TestTagging-tx7FnT/repo2/filename_bar1.txt
daf.persistence.LogicalLocation DEBUG: Input string: /lsst_build/build/daf_persistence/tests/TestTagging-tx7FnT/repo2/filename_bar1.txt
daf.persistence.LogicalLocation DEBUG: Copy to: /lsst_build/build/daf_persistence/tests/TestTagging-tx7FnT/repo2/filename_bar1.txt
daf.persistence.LogicalLocation DEBUG: Input string: /lsst_build/build/daf_persistence/tests/TestTagging-tx7FnT/repo1/filename_bar1.txt
daf.persistence.LogicalLocation DEBUG: Copy to: /lsst_build/build/daf_persistence/tests/TestTagging-tx7FnT/repo1/filename_bar1.txt
daf.persistence.LogicalLocation DEBUG: Input string: /lsst_build/build/daf_persistence/tests/TestTagging-tx7FnT/repo1/filename_bar1.txt
daf.persistence.LogicalLocation DEBUG: Copy to: /lsst_build/build/daf_persistence/tests/TestTagging-tx7FnT/repo1/filename_bar1.txt
daf.persistence.LogicalLocation DEBUG: Input string: /lsst_build/build/daf_persistence/tests/TestTagging-tx7FnT/repo3/filename_bar1.txtLDiJ2G
daf.persistence.LogicalLocation DEBUG: Copy to: /lsst_build/build/daf_persistence/tests/TestTagging-tx7FnT/repo3/filename_bar1.txtLDiJ2G
daf.persistence.LogicalLocation DEBUG: Input string: /lsst_build/build/daf_persistence/tests/TestTagging-tx7FnT/repo3/filename_bar1.txt
daf.persistence.LogicalLocation DEBUG: Copy to: /lsst_build/build/daf_persistence/tests/TestTagging-tx7FnT/repo3/filename_bar1.txt
daf.persistence.LogicalLocation DEBUG: Input string: /lsst_build/build/daf_persistence/tests/TestTagging-tx7FnT/repo3/filename_bar1.txt
daf.persistence.LogicalLocation DEBUG: Copy to: /lsst_build/build/daf_persistence/tests/TestTagging-tx7FnT/repo3/filename_bar1.txt
daf.persistence.LogicalLocation DEBUG: Input string: /lsst_build/build/daf_persistence/tests/TestTagging-tx7FnT/repo1/filename_bar1.txt
daf.persistence.LogicalLocation DEBUG: Copy to: /lsst_build/build/daf_persistence/tests/TestTagging-tx7FnT/repo1/filename_bar1.txt
daf.persistence.LogicalLocation DEBUG: Input string: /lsst_build/build/daf_persistence/tests/TestTagging-tx7FnT/repo1/filename_bar1.txt
daf.persistence.LogicalLocation DEBUG: Copy to: /lsst_build/build/daf_persistence/tests/TestTagging-tx7FnT/repo1/filename_bar1.txt
daf.persistence.LogicalLocation DEBUG: Input string: /lsst_build/build/daf_persistence/tests/TestTagging-tx7FnT/repo2/filename_bar1.txt
daf.persistence.LogicalLocation DEBUG: Copy to: /lsst_build/build/daf_persistence/tests/TestTagging-tx7FnT/repo2/filename_bar1.txt
daf.persistence.LogicalLocation DEBUG: Input string: /lsst_build/build/daf_persistence/tests/TestTagging-tx7FnT/repo2/filename_bar1.txt
daf.persistence.LogicalLocation DEBUG: Copy to: /lsst_build/build/daf_persistence/tests/TestTagging-tx7FnT/repo2/filename_bar1.txt
daf.persistence.LogicalLocation DEBUG: Input string: /lsst_build/build/daf_persistence/tests/TestTagging-tx7FnT/repo4/filename_bar2.txtrc7svh
daf.persistence.LogicalLocation DEBUG: Copy to: /lsst_build/build/daf_persistence/tests/TestTagging-tx7FnT/repo4/filename_bar2.txtrc7svh
daf.persistence.LogicalLocation DEBUG: Input string: /lsst_build/build/daf_persistence/tests/TestTagging-tx7FnT/repo5/filename_bar1.txt_ipF3q
daf.persistence.LogicalLocation DEBUG: Copy to: /lsst_build/build/daf_persistence/tests/TestTagging-tx7FnT/repo5/filename_bar1.txt_ipF3q
daf.persistence.LogicalLocation DEBUG: Input string: /lsst_build/build/daf_persistence/tests/TestTagging-tx7FnT/repo1/filename_bar1.txt
daf.persistence.LogicalLocation DEBUG: Copy to: /lsst_build/build/daf_persistence/tests/TestTagging-tx7FnT/repo1/filename_bar1.txt
daf.persistence.LogicalLocation DEBUG: Input string: /lsst_build/build/daf_persistence/tests/TestTagging-tx7FnT/repo1/filename_bar1.txt
daf.persistence.LogicalLocation DEBUG: Copy to: /lsst_build/build/daf_persistence/tests/TestTagging-tx7FnT/repo1/filename_bar1.txt
daf.persistence.LogicalLocation DEBUG: Input string: /lsst_build/build/daf_persistence/tests/TestTagging-tx7FnT/repo4/filename_bar2.txt
daf.persistence.LogicalLocation DEBUG: Copy to: /lsst_build/build/daf_persistence/tests/TestTagging-tx7FnT/repo4/filename_bar2.txt
daf.persistence.LogicalLocation DEBUG: Input string: /lsst_build/build/daf_persistence/tests/TestTagging-tx7FnT/repo4/filename_bar2.txt
daf.persistence.LogicalLocation DEBUG: Copy to: /lsst_build/build/daf_persistence/tests/TestTagging-tx7FnT/repo4/filename_bar2.txt
daf.persistence.LogicalLocation DEBUG: Input string: /lsst_build/build/daf_persistence/tests/TestTagging-tx7FnT/repo1/filename_bar1.txt
daf.persistence.LogicalLocation DEBUG: Copy to: /lsst_build/build/daf_persistence/tests/TestTagging-tx7FnT/repo1/filename_bar1.txt
daf.persistence.LogicalLocation DEBUG: Input string: /lsst_build/build/daf_persistence/tests/TestTagging-tx7FnT/repo1/filename_bar1.txt
daf.persistence.LogicalLocation DEBUG: Copy to: /lsst_build/build/daf_persistence/tests/TestTagging-tx7FnT/repo1/filename_bar1.txt
daf.persistence.LogicalLocation DEBUG: Input string: /lsst_build/build/daf_persistence/tests/TestTagging-tx7FnT/repo5/filename_bar1.txt
daf.persistence.LogicalLocation DEBUG: Copy to: /lsst_build/build/daf_persistence/tests/TestTagging-tx7FnT/repo5/filename_bar1.txt
daf.persistence.LogicalLocation DEBUG: Input string: /lsst_build/build/daf_persistence/tests/TestTagging-tx7FnT/repo5/filename_bar1.txt
daf.persistence.LogicalLocation DEBUG: Copy to: /lsst_build/build/daf_persistence/tests/TestTagging-tx7FnT/repo5/filename_bar1.txt
daf.persistence.LogicalLocation DEBUG: Input string: /lsst_build/build/daf_persistence/tests/TestTagging-tx7FnT/repo5/filename_bar1.txt
daf.persistence.LogicalLocation DEBUG: Copy to: /lsst_build/build/daf_persistence/tests/TestTagging-tx7FnT/repo5/filename_bar1.txt
daf.persistence.LogicalLocation DEBUG: Input string: /lsst_build/build/daf_persistence/tests/TestTagging-tx7FnT/repo5/filename_bar1.txt
daf.persistence.LogicalLocation DEBUG: Copy to: /lsst_build/build/daf_persistence/tests/TestTagging-tx7FnT/repo5/filename_bar1.txt
daf.persistence.LogicalLocation DEBUG: Input string: /lsst_build/build/daf_persistence/tests/TestTagging-tx7FnT/repo4/filename_bar2.txt
daf.persistence.LogicalLocation DEBUG: Copy to: /lsst_build/build/daf_persistence/tests/TestTagging-tx7FnT/repo4/filename_bar2.txt
daf.persistence.LogicalLocation DEBUG: Input string: /lsst_build/build/daf_persistence/tests/TestTagging-tx7FnT/repo4/filename_bar2.txt
daf.persistence.LogicalLocation DEBUG: Copy to: /lsst_build/build/daf_persistence/tests/TestTagging-tx7FnT/repo4/filename_bar2.txt
daf.persistence.LogicalLocation DEBUG: Input string: /lsst_build/build/daf_persistence/tests/TestTagging-tx7FnT/repo1/filename_bar1.txt
daf.persistence.LogicalLocation DEBUG: Copy to: /lsst_build/build/daf_persistence/tests/TestTagging-tx7FnT/repo1/filename_bar1.txt
daf.persistence.LogicalLocation DEBUG: Input string: /lsst_build/build/daf_persistence/tests/TestTagging-tx7FnT/repo1/filename_bar1.txt
daf.persistence.LogicalLocation DEBUG: Copy to: /lsst_build/build/daf_persistence/tests/TestTagging-tx7FnT/repo1/filename_bar1.txt
daf.persistence.LogicalLocation DEBUG: Input string: /lsst_build/build/daf_persistence/tests/TestTagging-tx7FnT/repo5/filename_bar1.txt
daf.persistence.LogicalLocation DEBUG: Copy to: /lsst_build/build/daf_persistence/tests/TestTagging-tx7FnT/repo5/filename_bar1.txt
daf.persistence.LogicalLocation DEBUG: Input string: /lsst_build/build/daf_persistence/tests/TestTagging-tx7FnT/repo5/filename_bar1.txt
daf.persistence.LogicalLocation DEBUG: Copy to: /lsst_build/build/daf_persistence/tests/TestTagging-tx7FnT/repo5/filename_bar1.txt
</system-out></testcase><testcase classname="daf_persistence.tests.test_repository.TestMapperInference" file="tests/test_repository.py" line="587" name="testMultipleParentsSameMapper" time="0.0659339427948"></testcase><testcase classname="daf_persistence.tests.test_repository.TestMapperInference" file="tests/test_repository.py" line="568" name="testSingleParent" time="0.0622878074646"></testcase><testcase classname="daf_persistence.tests.test_registry.TestMemory" file="../../../opt/lsst/software/stack/Linux64/utils/13.0-8-gb7ca535+e978158b25/python/lsst/utils/tests.py" line="162" name="testFileDescriptorLeaks" time="0.0347881317139"></testcase><testcase classname="daf_persistence.tests.test_reposInButler.MemoryTester" file="../../../opt/lsst/software/stack/Linux64/utils/13.0-8-gb7ca535+e978158b25/python/lsst/utils/tests.py" line="142" name="testLeaks" time="0.0269179344177"></testcase><testcase classname="daf_persistence.tests.test_registry.PosixRegistryTestCase" file="tests/test_registry.py" line="35" name="test1" time="0.00258493423462"></testcase><testcase classname="daf_persistence.tests.test_repository.TestOldButlerParentTagging" file="tests/test_repository.py" line="893" name="test" time="0.0357449054718"><system-out>daf.persistence.LogicalLocation DEBUG: Input string: /lsst_build/build/daf_persistence/tests/TestOldButlerParentTagging-GNFq3q/repoA/filename_bar1.txtTCPXki
daf.persistence.LogicalLocation DEBUG: Copy to: /lsst_build/build/daf_persistence/tests/TestOldButlerParentTagging-GNFq3q/repoA/filename_bar1.txtTCPXki
daf.persistence.LogicalLocation DEBUG: Input string: /lsst_build/build/daf_persistence/tests/TestOldButlerParentTagging-GNFq3q/repoB/filename_bar2.txtqaFwaN
daf.persistence.LogicalLocation DEBUG: Copy to: /lsst_build/build/daf_persistence/tests/TestOldButlerParentTagging-GNFq3q/repoB/filename_bar2.txtqaFwaN
daf.persistence.LogicalLocation DEBUG: Input string: /lsst_build/build/daf_persistence/tests/TestOldButlerParentTagging-GNFq3q/repoA/filename_bar1.txt
daf.persistence.LogicalLocation DEBUG: Copy to: /lsst_build/build/daf_persistence/tests/TestOldButlerParentTagging-GNFq3q/repoA/filename_bar1.txt
daf.persistence.LogicalLocation DEBUG: Input string: /lsst_build/build/daf_persistence/tests/TestOldButlerParentTagging-GNFq3q/repoA/filename_bar1.txt
daf.persistence.LogicalLocation DEBUG: Copy to: /lsst_build/build/daf_persistence/tests/TestOldButlerParentTagging-GNFq3q/repoA/filename_bar1.txt
daf.persistence.LogicalLocation DEBUG: Input string: /lsst_build/build/daf_persistence/tests/TestOldButlerParentTagging-GNFq3q/repoB/filename_bar2.txt
daf.persistence.LogicalLocation DEBUG: Copy to: /lsst_build/build/daf_persistence/tests/TestOldButlerParentTagging-GNFq3q/repoB/filename_bar2.txt
daf.persistence.LogicalLocation DEBUG: Input string: /lsst_build/build/daf_persistence/tests/TestOldButlerParentTagging-GNFq3q/repoB/filename_bar2.txt
daf.persistence.LogicalLocation DEBUG: Copy to: /lsst_build/build/daf_persistence/tests/TestOldButlerParentTagging-GNFq3q/repoB/filename_bar2.txt
daf.persistence.LogicalLocation DEBUG: Input string: /lsst_build/build/daf_persistence/tests/TestOldButlerParentTagging-GNFq3q/repoA/filename_bar1.txt
daf.persistence.LogicalLocation DEBUG: Copy to: /lsst_build/build/daf_persistence/tests/TestOldButlerParentTagging-GNFq3q/repoA/filename_bar1.txt
daf.persistence.LogicalLocation DEBUG: Input string: /lsst_build/build/daf_persistence/tests/TestOldButlerParentTagging-GNFq3q/repoA/filename_bar1.txt
daf.persistence.LogicalLocation DEBUG: Copy to: /lsst_build/build/daf_persistence/tests/TestOldButlerParentTagging-GNFq3q/repoA/filename_bar1.txt
daf.persistence.LogicalLocation DEBUG: Input string: /lsst_build/build/daf_persistence/tests/TestOldButlerParentTagging-GNFq3q/repoB/filename_bar2.txt
daf.persistence.LogicalLocation DEBUG: Copy to: /lsst_build/build/daf_persistence/tests/TestOldButlerParentTagging-GNFq3q/repoB/filename_bar2.txt
daf.persistence.LogicalLocation DEBUG: Input string: /lsst_build/build/daf_persistence/tests/TestOldButlerParentTagging-GNFq3q/repoB/filename_bar2.txt
daf.persistence.LogicalLocation DEBUG: Copy to: /lsst_build/build/daf_persistence/tests/TestOldButlerParentTagging-GNFq3q/repoB/filename_bar2.txt
daf.persistence.LogicalLocation DEBUG: Input string: /lsst_build/build/daf_persistence/tests/TestOldButlerParentTagging-GNFq3q/repoC/filename_bar3.txtUaJdOU
daf.persistence.LogicalLocation DEBUG: Copy to: /lsst_build/build/daf_persistence/tests/TestOldButlerParentTagging-GNFq3q/repoC/filename_bar3.txtUaJdOU
daf.persistence.LogicalLocation DEBUG: Input string: /lsst_build/build/daf_persistence/tests/TestOldButlerParentTagging-GNFq3q/repoA/filename_bar1.txt
daf.persistence.LogicalLocation DEBUG: Copy to: /lsst_build/build/daf_persistence/tests/TestOldButlerParentTagging-GNFq3q/repoA/filename_bar1.txt
daf.persistence.LogicalLocation DEBUG: Input string: /lsst_build/build/daf_persistence/tests/TestOldButlerParentTagging-GNFq3q/repoA/filename_bar1.txt
daf.persistence.LogicalLocation DEBUG: Copy to: /lsst_build/build/daf_persistence/tests/TestOldButlerParentTagging-GNFq3q/repoA/filename_bar1.txt
daf.persistence.LogicalLocation DEBUG: Input string: /lsst_build/build/daf_persistence/tests/TestOldButlerParentTagging-GNFq3q/repoB/filename_bar2.txt
daf.persistence.LogicalLocation DEBUG: Copy to: /lsst_build/build/daf_persistence/tests/TestOldButlerParentTagging-GNFq3q/repoB/filename_bar2.txt
daf.persistence.LogicalLocation DEBUG: Input string: /lsst_build/build/daf_persistence/tests/TestOldButlerParentTagging-GNFq3q/repoB/filename_bar2.txt
daf.persistence.LogicalLocation DEBUG: Copy to: /lsst_build/build/daf_persistence/tests/TestOldButlerParentTagging-GNFq3q/repoB/filename_bar2.txt
daf.persistence.LogicalLocation DEBUG: Input string: /lsst_build/build/daf_persistence/tests/TestOldButlerParentTagging-GNFq3q/repoC/filename_bar3.txt
daf.persistence.LogicalLocation DEBUG: Copy to: /lsst_build/build/daf_persistence/tests/TestOldButlerParentTagging-GNFq3q/repoC/filename_bar3.txt
daf.persistence.LogicalLocation DEBUG: Input string: /lsst_build/build/daf_persistence/tests/TestOldButlerParentTagging-GNFq3q/repoC/filename_bar3.txt
daf.persistence.LogicalLocation DEBUG: Copy to: /lsst_build/build/daf_persistence/tests/TestOldButlerParentTagging-GNFq3q/repoC/filename_bar3.txt
daf.persistence.LogicalLocation DEBUG: Input string: /lsst_build/build/daf_persistence/tests/TestOldButlerParentTagging-GNFq3q/repoA/filename_bar1.txt
daf.persistence.LogicalLocation DEBUG: Copy to: /lsst_build/build/daf_persistence/tests/TestOldButlerParentTagging-GNFq3q/repoA/filename_bar1.txt
daf.persistence.LogicalLocation DEBUG: Input string: /lsst_build/build/daf_persistence/tests/TestOldButlerParentTagging-GNFq3q/repoA/filename_bar1.txt
daf.persistence.LogicalLocation DEBUG: Copy to: /lsst_build/build/daf_persistence/tests/TestOldButlerParentTagging-GNFq3q/repoA/filename_bar1.txt
daf.persistence.LogicalLocation DEBUG: Input string: /lsst_build/build/daf_persistence/tests/TestOldButlerParentTagging-GNFq3q/repoB/filename_bar2.txt
daf.persistence.LogicalLocation DEBUG: Copy to: /lsst_build/build/daf_persistence/tests/TestOldButlerParentTagging-GNFq3q/repoB/filename_bar2.txt
daf.persistence.LogicalLocation DEBUG: Input string: /lsst_build/build/daf_persistence/tests/TestOldButlerParentTagging-GNFq3q/repoB/filename_bar2.txt
daf.persistence.LogicalLocation DEBUG: Copy to: /lsst_build/build/daf_persistence/tests/TestOldButlerParentTagging-GNFq3q/repoB/filename_bar2.txt
daf.persistence.LogicalLocation DEBUG: Input string: /lsst_build/build/daf_persistence/tests/TestOldButlerParentTagging-GNFq3q/repoC/filename_bar3.txt
daf.persistence.LogicalLocation DEBUG: Copy to: /lsst_build/build/daf_persistence/tests/TestOldButlerParentTagging-GNFq3q/repoC/filename_bar3.txt
daf.persistence.LogicalLocation DEBUG: Input string: /lsst_build/build/daf_persistence/tests/TestOldButlerParentTagging-GNFq3q/repoC/filename_bar3.txt
daf.persistence.LogicalLocation DEBUG: Copy to: /lsst_build/build/daf_persistence/tests/TestOldButlerParentTagging-GNFq3q/repoC/filename_bar3.txt
</system-out></testcase><testcase classname="daf_persistence.tests.test_registry.TestMemory" file="../../../opt/lsst/software/stack/Linux64/utils/13.0-8-gb7ca535+e978158b25/python/lsst/utils/tests.py" line="142" name="testLeaks" time="0.0348081588745"></testcase><testcase classname="daf_persistence.tests.test_repository.TestOldButlerParent" file="tests/test_repository.py" line="836" name="testOldButlerCfgRecordedInOutputs" time="0.0192759037018"></testcase><testcase classname="daf_persistence.tests.test_repository.TestMovedRepositoryCfg" file="tests/test_repository.py" line="657" name="test" time="0.0174586772919"></testcase><testcase classname="daf_persistence.tests.test_repository.TestParentRepository" file="tests/test_repository.py" line="776" name="test" time="0.0654740333557"></testcase><testcase classname="daf_persistence.tests.test_repository.MemoryTester" file="../../../opt/lsst/software/stack/Linux64/utils/13.0-8-gb7ca535+e978158b25/python/lsst/utils/tests.py" line="162" name="testFileDescriptorLeaks" time="0.0313999652863"></testcase><testcase classname="daf_persistence.tests.test_repository.TestOutputAlreadyHasParent" file="tests/test_repository.py" line="682" name="test" time="0.0758461952209"></testcase><testcase classname="daf_persistence.tests.test_repository.MemoryTester" file="../../../opt/lsst/software/stack/Linux64/utils/13.0-8-gb7ca535+e978158b25/python/lsst/utils/tests.py" line="142" name="testLeaks" time="0.0313360691071"></testcase><testcase classname="daf_persistence.tests.test_reposInButler.ReposInButler" file="../../../opt/lsst/software/stack/miniconda2-4.2.12/lib/python2.7/unittest/case.py" line="87" name="test" time="0.00154995918274"><skipped message="expected test failure">reason: </skipped></testcase><testcase classname="daf_persistence.tests.test_repositoryArgs.DefaultMapper" file="tests/test_repositoryArgs.py" line="95" name="testClassObjAndMatchingInstance" time="0.0106661319733"></testcase><testcase classname="daf_persistence.tests.test_repositoryArgs.DefaultMapper" file="tests/test_repositoryArgs.py" line="73" name="testClassObjAndMatchingString" time="0.00972414016724"></testcase><testcase classname="daf_persistence.tests.test_repositoryArgs.DefaultMapper" file="tests/test_repositoryArgs.py" line="90" name="testInstanceAndNotMatchingString" time="0.010185956955"></testcase><testcase classname="daf_persistence.tests.test_repositoryArgs.ParseRootURI" file="tests/test_repositoryArgs.py" line="119" name="testAbsoluteFilePathWithSchema" time="0.00759744644165"></testcase><testcase classname="daf_persistence.tests.test_repositoryArgs.DefaultMapper" file="tests/test_repositoryArgs.py" line="84" name="testInstanceAndMatchingString" time="0.0142369270325"></testcase><testcase classname="daf_persistence.tests.test_repositoryArgs.MemoryTester" file="../../../opt/lsst/software/stack/Linux64/utils/13.0-8-gb7ca535+e978158b25/python/lsst/utils/tests.py" line="162" name="testFileDescriptorLeaks" time="0.0363898277283"></testcase><testcase classname="daf_persistence.tests.test_repositoryArgs.ParseRootURI" file="tests/test_repositoryArgs.py" line="133" name="testAbsoluteFilePathWithoutSchema" time="0.00508594512939"></testcase><testcase classname="daf_persistence.tests.test_repositoryArgs.ParseRootURI" file="tests/test_repositoryArgs.py" line="145" name="testRelativeFilePath" time="0.00556111335754"></testcase><testcase classname="daf_persistence.tests.test_repositoryCfg.TestCfgRelationship" file="tests/test_repositoryCfg.py" line="48" name="testRWModes" time="0.0121970176697"></testcase><testcase classname="daf_persistence.tests.test_repositoryCfg.TestCfgRelationship" file="tests/test_repositoryCfg.py" line="158" name="testStorageRepoCfgCache" time="0.0047390460968"></testcase><testcase classname="daf_persistence.tests.test_repositoryArgs.DefaultMapper" file="tests/test_repositoryArgs.py" line="102" name="testClassObjAndNotMatchingInstance" time="0.014454126358"></testcase><testcase classname="daf_persistence.tests.test_repositoryCfg.TestNestedCfg" file="tests/test_repositoryCfg.py" line="180" name="test" time="0.00691914558411"></testcase><testcase classname="daf_persistence.tests.test_repositoryArgs.MemoryTester" file="../../../opt/lsst/software/stack/Linux64/utils/13.0-8-gb7ca535+e978158b25/python/lsst/utils/tests.py" line="142" name="testLeaks" time="0.0438621044159"></testcase><testcase classname="daf_persistence.tests.test_repositoryCfg.TestCfgRelationship" file="tests/test_repositoryCfg.py" line="133" name="testSymLinkInPath" time="0.0125262737274"></testcase><testcase classname="daf_persistence.tests.test_repositoryArgs.DefaultMapper" file="tests/test_repositoryArgs.py" line="79" name="testClassObjAndNotMatchingString" time="0.0102560520172"></testcase><testcase classname="daf_persistence.tests.test_repositoryCfg.TestMapperArgsNone" file="tests/test_repositoryCfg.py" line="250" name="test" time="0.000373840332031"></testcase><testcase classname="daf_persistence.tests.test_butlerAlias.TestMemory" file="../../../opt/lsst/software/stack/Linux64/utils/13.0-8-gb7ca535+e978158b25/python/lsst/utils/tests.py" line="142" name="testLeaks" time="0.0391671657562"></testcase><testcase classname="daf_persistence.tests.test_safeFileIo.WriteOnceCompareSameTest" file="tests/test_safeFileIo.py" line="67" name="testCompareDifferent" time="0.00249218940735"></testcase><testcase classname="daf_persistence.tests.test_repositoryCfg.TestCfgFileVersion" file="tests/test_repositoryCfg.py" line="226" name="test" time="0.00213313102722"></testcase><testcase classname="daf_persistence.tests.test_safeFileIo.WriteOnceCompareSameTest" file="tests/test_safeFileIo.py" line="52" name="testCompareSame" time="0.00572228431702"></testcase><testcase classname="daf_persistence.tests.test_repositoryCfg.MemoryTester" file="../../../opt/lsst/software/stack/Linux64/utils/13.0-8-gb7ca535+e978158b25/python/lsst/utils/tests.py" line="162" name="testFileDescriptorLeaks" time="0.0384819507599"></testcase><testcase classname="daf_persistence.tests.test_repositoryCfg.MemoryTester" file="../../../opt/lsst/software/stack/Linux64/utils/13.0-8-gb7ca535+e978158b25/python/lsst/utils/tests.py" line="142" name="testLeaks" time="0.0460121631622"></testcase><testcase classname="daf_persistence.tests.test_safeFileIo.WriteOnceCompareSameTest" file="tests/test_safeFileIo.py" line="81" name="testPermissions" time="0.00209093093872"></testcase><testcase classname="daf_persistence.tests.test_repositoryCfg.TestCfgRelationship" file="tests/test_repositoryCfg.py" line="74" name="testExistingParents" time="0.0600898265839"></testcase><testcase classname="daf_persistence.tests.test_safeFileIo.TestFileLocking" file="tests/test_safeFileIo.py" line="135" name="testNoChange" time="0.000887870788574"></testcase><testcase classname="daf_persistence.tests.test_safeFileIo.MemoryTester" file="../../../opt/lsst/software/stack/Linux64/utils/13.0-8-gb7ca535+e978158b25/python/lsst/utils/tests.py" line="162" name="testFileDescriptorLeaks" time="0.0418021678925"></testcase><testcase classname="daf_persistence.tests.test_utils.TestUtils" file="tests/test_utils.py" line="37" name="testSequencify" time="0.00137639045715"></testcase><testcase classname="daf_persistence.tests.test_utils.MemoryTester" file="../../../opt/lsst/software/stack/Linux64/utils/13.0-8-gb7ca535+e978158b25/python/lsst/utils/tests.py" line="142" name="testLeaks" time="0.0428948402405"></testcase><testcase classname="daf_persistence.tests.test_repositoryCfg.TestExtendParents" file="tests/test_repositoryCfg.py" line="237" name="test" time="0.00237703323364"></testcase><testcase classname="daf_persistence.tests.test_butlerSubset.ButlerSubsetTestCase" file="tests/test_butlerSubset.py" line="227" name="testCompleteDataRef" time="0.00455212593079"><system-out>daf.persistence.LogicalLocation DEBUG: Input string: raw_v314159_Rab_Scd_Cef_E009.pickle
daf.persistence.LogicalLocation DEBUG: Copy to: raw_v314159_Rab_Scd_Cef_E009.pickle
</system-out></testcase><testcase classname="daf_persistence.tests.tests_Persistence_1.TestMemory" file="../../../opt/lsst/software/stack/Linux64/utils/13.0-8-gb7ca535+e978158b25/python/lsst/utils/tests.py" line="162" name="testFileDescriptorLeaks" time="0.0338032245636"></testcase><testcase classname="daf_persistence.tests.tests_Persistence_2.DbPersistence2TestCase" file="tests/tests_Persistence_2.py" line="38" name="test1" time="0.00104093551636"><skipped message="Database authenticator unavailable.  Skipping test." type="pytest.skip">tests/tests_Persistence_2.py:38: &lt;py._xmlgen.raw object at 0x7f58344dc1d0&gt;</skipped></testcase><testcase classname="daf_persistence.tests.test_safeFileIo.TestFileLocking" file="tests/test_safeFileIo.py" line="113" name="testWriteLock" time="1.02226138115"></testcase><testcase classname="daf_persistence.tests.tests_Persistence_2.DbPersistence2TestCase" file="tests/tests_Persistence_2.py" line="65" name="test2" time="0.000530958175659"><skipped message="Database authenticator unavailable.  Skipping test." type="pytest.skip">tests/tests_Persistence_2.py:65: &lt;py._xmlgen.raw object at 0x7f58344dc590&gt;</skipped></testcase><testcase classname="daf_persistence.tests.tests_Persistence_2.TestMemory" file="../../../opt/lsst/software/stack/Linux64/utils/13.0-8-gb7ca535+e978158b25/python/lsst/utils/tests.py" line="162" name="testFileDescriptorLeaks" time="0.0273351669312"></testcase><testcase classname="daf_persistence.tests.tests_Persistence_2.TestMemory" file="../../../opt/lsst/software/stack/Linux64/utils/13.0-8-gb7ca535+e978158b25/python/lsst/utils/tests.py" line="142" name="testLeaks" time="0.0370810031891"></testcase><testcase classname="daf_persistence.tests.test_utils.MemoryTester" file="../../../opt/lsst/software/stack/Linux64/utils/13.0-8-gb7ca535+e978158b25/python/lsst/utils/tests.py" line="162" name="testFileDescriptorLeaks" time="0.0486388206482"></testcase><testcase classname="daf_persistence.tests.test_repository.TestBasics" file="tests/test_repository.py" line="160" name="testGet" time="0.134574890137"></testcase><testcase classname="daf_persistence.tests.test_safeFileIo.TestOneThousandWriters" file="tests/test_safeFileIo.py" line="168" name="testWriteCfg" time="1.57406401634"></testcase><testcase classname="daf_persistence.tests.tests_Persistence_2.DbPersistence2TestCase" file="tests/tests_Persistence_2.py" line="96" name="test3" time="0.00143098831177"><skipped message="Database authenticator unavailable.  Skipping test." type="pytest.skip">tests/tests_Persistence_2.py:96: &lt;py._xmlgen.raw object at 0x7f58344e9850&gt;</skipped></testcase><testcase classname="daf_persistence.tests.tests_Persistence_1.TestMemory" file="../../../opt/lsst/software/stack/Linux64/utils/13.0-8-gb7ca535+e978158b25/python/lsst/utils/tests.py" line="142" name="testLeaks" time="0.0383250713348"></testcase><testcase classname="daf_persistence.tests.test_safeFileIo.MemoryTester" file="../../../opt/lsst/software/stack/Linux64/utils/13.0-8-gb7ca535+e978158b25/python/lsst/utils/tests.py" line="142" name="testLeaks" time="0.0429294109344"></testcase><testcase classname="daf_persistence.tests.tests_Persistence_1.DbPersistence1TestCase" file="tests/tests_Persistence_1.py" line="35" name="testPersistence1" time="0.00137686729431"><system-out>daf.persistence.LogicalLocation DEBUG: Input string: /lsst_build/build/daf_persistence/tests/data/test.boost
daf.persistence.LogicalLocation DEBUG: Copy to: /lsst_build/build/daf_persistence/tests/data/test.boost
</system-out></testcase></testsuite>