<?xml version="1.0" encoding="utf-8"?><testsuite errors="0" failures="0" name="pytest" skips="6" tests="171" time="4.108"><testcase classname="tests.test_DbStorage_2.TestMemory" file="../../../opt/lsst/software/stack/Linux64/utils/13.0-8-gb7ca535+e978158b25/python/lsst/utils/tests.py" line="162" name="testFileDescriptorLeaks" time="0.0425391197205"></testcase><testcase classname="tests.test_DbStorage_1.DbStorage1TestCase" file="tests/test_DbStorage_1.py" line="48" name="testWriteRead" time="0.001305103302"><skipped message="Database authenticator unavailable. Skipping test." type="pytest.skip">tests/test_DbStorage_1.py:48: &lt;py._xmlgen.raw object at 0x7fdeec2b6410&gt;</skipped></testcase><testcase classname="tests.test_DbStorage_1.TestMemory" file="../../../opt/lsst/software/stack/Linux64/utils/13.0-8-gb7ca535+e978158b25/python/lsst/utils/tests.py" line="162" name="testFileDescriptorLeaks" time="0.0419070720673"></testcase><testcase classname="tests.test_DbStorage_2.DbStorage2TestCase" file="tests/test_DbStorage_2.py" line="49" name="testWriteRead" time="0.0012788772583"><skipped message="Database authenticator unavailable.  Skipping test." type="pytest.skip">tests/test_DbStorage_2.py:49: &lt;py._xmlgen.raw object at 0x7fdeec2b6650&gt;</skipped></testcase><testcase classname="tests.test_DbStorage_1.TestMemory" file="../../../opt/lsst/software/stack/Linux64/utils/13.0-8-gb7ca535+e978158b25/python/lsst/utils/tests.py" line="142" name="testLeaks" time="0.0424721240997"></testcase><testcase classname="tests.test_LogicalLocation.LogicalLocationTestCase" file="tests/test_LogicalLocation.py" line="36" name="testSubst" time="0.00180912017822"><system-out>daf.persistence.LogicalLocation DEBUG: Input string: %(foo)xx
daf.persistence.LogicalLocation DEBUG: Key: foo
daf.persistence.LogicalLocation DEBUG: Map Val: bar
daf.persistence.LogicalLocation DEBUG: Result: barxx
daf.persistence.LogicalLocation DEBUG: Input string: %(x)foo
daf.persistence.LogicalLocation DEBUG: Key: x
daf.persistence.LogicalLocation DEBUG: Map Val: 3
daf.persistence.LogicalLocation DEBUG: Result: 3foo
daf.persistence.LogicalLocation DEBUG: Input string: yy%04d(x)yy
daf.persistence.LogicalLocation DEBUG: Key: x
daf.persistence.LogicalLocation DEBUG: Map Val: 3
daf.persistence.LogicalLocation DEBUG: Result: yy0003yy
daf.persistence.LogicalLocation DEBUG: Input string: %(foo)%(x)%(y)
daf.persistence.LogicalLocation DEBUG: Key: foo
daf.persistence.LogicalLocation DEBUG: Map Val: bar
daf.persistence.LogicalLocation DEBUG: Key: x
daf.persistence.LogicalLocation DEBUG: Map Val: 3
daf.persistence.LogicalLocation DEBUG: Key: y
daf.persistence.LogicalLocation DEBUG: Map Val: 2009
daf.persistence.LogicalLocation DEBUG: Result: bar32009
daf.persistence.LogicalLocation DEBUG: Input string: %(foo)%3d(y)
daf.persistence.LogicalLocation DEBUG: Key: foo
daf.persistence.LogicalLocation DEBUG: Map Val: baz
daf.persistence.LogicalLocation DEBUG: Key: y
daf.persistence.LogicalLocation DEBUG: Map Val: 2009
daf.persistence.LogicalLocation DEBUG: Result: baz2009
</system-out></testcase><testcase classname="tests.test_LogicalLocation.TestMemory" file="../../../opt/lsst/software/stack/Linux64/utils/13.0-8-gb7ca535+e978158b25/python/lsst/utils/tests.py" line="162" name="testFileDescriptorLeaks" time="0.0417928695679"></testcase><testcase classname="tests.test_DbStorage_2.TestMemory" file="../../../opt/lsst/software/stack/Linux64/utils/13.0-8-gb7ca535+e978158b25/python/lsst/utils/tests.py" line="142" name="testLeaks" time="0.0412521362305"></testcase><testcase classname="tests.test_LogicalLocation.TestMemory" file="../../../opt/lsst/software/stack/Linux64/utils/13.0-8-gb7ca535+e978158b25/python/lsst/utils/tests.py" line="142" name="testLeaks" time="0.0418808460236"></testcase><testcase classname="tests.test_butler.ButlerTest" file="tests/test_butler.py" line="82" name="testMapperCanBeClassObject" time="0.00359678268433"></testcase><testcase classname="tests.test_butler.ButlerTest" file="tests/test_butler.py" line="78" name="testMapperCanBeStringV1Api" time="0.0033552646637"></testcase><testcase classname="tests.test_butlerAlias.ButlerTestCase" file="tests/test_butlerAlias.py" line="137" name="testBadlyFormattedAlias" time="0.00173687934875"></testcase><testcase classname="tests.test_butlerAlias.ButlerTestCase" file="tests/test_butlerAlias.py" line="86" name="testGet" time="0.141417980194"></testcase><testcase classname="tests.test_butlerAlias.ButlerTestCase" file="tests/test_butlerAlias.py" line="123" name="testUnregisteredAlias" time="0.00123000144958"></testcase><testcase classname="tests.test_butlerProxy.TestMemory" file="../../../opt/lsst/software/stack/Linux64/utils/13.0-8-gb7ca535+e978158b25/python/lsst/utils/tests.py" line="162" name="testFileDescriptorLeaks" time="0.0441489219666"></testcase><testcase classname="tests.test_butler.ButlerTest" file="tests/test_butler.py" line="91" name="testMapperCanBeClassInstance" time="0.00372266769409"><system-out>daf.persistence.butler WARN: Passing an instantiated mapper into Butler.__init__ will prevent Butler from passing parentRegistry or repositoryCfg information to the mapper, which is done only at init time. It is better to pass a importable string or class object.
</system-out></testcase><testcase classname="tests.test_butler.ButlerTest" file="tests/test_butler.py" line="73" name="testMapperCanBeString" time="0.00356030464172"></testcase><testcase classname="tests.test_butler.ButlerTest" file="tests/test_butler.py" line="66" name="testV1RepoWithRootOnly" time="0.00567579269409"></testcase><testcase classname="tests.test_butler.ButlerTest" file="tests/test_butler.py" line="49" name="testV1withV2InitApiRaises" time="0.00213098526001"></testcase><testcase classname="tests.test_butler.MemoryTester" file="../../../opt/lsst/software/stack/Linux64/utils/13.0-8-gb7ca535+e978158b25/python/lsst/utils/tests.py" line="162" name="testFileDescriptorLeaks" time="0.0384361743927"></testcase><testcase classname="tests.test_butler.ButlerTest" file="tests/test_butler.py" line="87" name="testMapperCanBeClassObjectV1Api" time="0.00661015510559"></testcase><testcase classname="tests.test_butlerAlias.ButlerTestCase" file="tests/test_butlerAlias.py" line="109" name="testDatasetExists" time="0.419362068176"><system-out>daf.persistence.LogicalLocation DEBUG: Input string: butlerAlias/data/input/raw/raw_v1_fg.fits.gz
daf.persistence.LogicalLocation DEBUG: Copy to: butlerAlias/data/input/raw/raw_v1_fg.fits.gz
daf.persistence.LogicalLocation DEBUG: Input string: butlerAlias/data/input/raw/raw_v2_fg.fits.gz
daf.persistence.LogicalLocation DEBUG: Copy to: butlerAlias/data/input/raw/raw_v2_fg.fits.gz
daf.persistence.LogicalLocation DEBUG: Input string: butlerAlias/data/input/raw/raw_v3_fr.fits.gz
daf.persistence.LogicalLocation DEBUG: Copy to: butlerAlias/data/input/raw/raw_v3_fr.fits.gz
daf.persistence.LogicalLocation DEBUG: Input string: butlerAlias/data/input/raw/raw_v1_ff.fits.gz
daf.persistence.LogicalLocation DEBUG: Copy to: butlerAlias/data/input/raw/raw_v1_ff.fits.gz
daf.persistence.LogicalLocation DEBUG: Input string: butlerAlias/data/input/raw/raw_v1_fr.fits.gz
daf.persistence.LogicalLocation DEBUG: Copy to: butlerAlias/data/input/raw/raw_v1_fr.fits.gz
daf.persistence.LogicalLocation DEBUG: Input string: butlerAlias/data/input/raw/raw_v3_fg.fits.gz
daf.persistence.LogicalLocation DEBUG: Copy to: butlerAlias/data/input/raw/raw_v3_fg.fits.gz
</system-out></testcase><testcase classname="tests.test_butlerAlias.ButlerTestCase" file="tests/test_butlerAlias.py" line="127" name="testOverlappingAlias" time="0.00237393379211"></testcase><testcase classname="tests.test_butler.ButlerTest" file="tests/test_butler.py" line="96" name="testMapperCanBeClassInstanceV1Api" time="0.00502896308899"><system-out>daf.persistence.butler WARN: Passing an instantiated mapper into Butler.__init__ will prevent Butler from passing parentRegistry or repositoryCfg information to the mapper, which is done only at init time. It is better to pass a importable string or class object.
daf.persistence.butler WARN: Passing an instantiated mapper into Butler.__init__ will prevent Butler from passing parentRegistry or repositoryCfg information to the mapper, which is done only at init time. It is better to pass a importable string or class object.
</system-out></testcase><testcase classname="tests.test_butlerPickle.TestMemory" file="../../../opt/lsst/software/stack/Linux64/utils/13.0-8-gb7ca535+e978158b25/python/lsst/utils/tests.py" line="162" name="testFileDescriptorLeaks" time="0.0383508205414"></testcase><testcase classname="tests.test_butlerAlias.ButlerTestCase" file="tests/test_butlerAlias.py" line="95" name="testGetKeys" time="0.00558185577393"></testcase><testcase classname="tests.test_butlerAlias.ButlerTestCase" file="tests/test_butlerAlias.py" line="120" name="testDataRef" time="0.00631189346313"><system-out>ButlerDataRef(butlerSubset=ButlerSubset(butler=Butler(datasetTypeAliasDict={&apos;@foo&apos;: &apos;raw&apos;}, repos=RepoDataContainer(_inputs=[RepoData(id=140617673232208,repoArgs=RepositoryArgs(root=&apos;/tmp/build/daf_persistence/tests/butlerAlias/data/input&apos;, cfgRoot=None, mapper=&lt;class &apos;test_butlerAlias.MinMapper&apos;&gt;, mapperArgs=None, tags=set([]), mode=&apos;rw&apos;, policy=None)cfg=RepositoryCfg(root=&apos;/tmp/build/daf_persistence/tests/butlerAlias/data/input&apos;, mapper=&lt;class &apos;test_butlerAlias.MinMapper&apos;&gt;, mapperArgs={}, parents=[], policy=None),cfgOrigin=existing,cfgRoot=/tmp/build/daf_persistence/tests/butlerAlias/data/input,repo=&lt;lsst.daf.persistence.repository.Repository object at 0x7fe41a764f90&gt;,parentRepoDatas=[],isV1Repository=True,role=output,parentRegistry=None)], 
_outputs=[RepoData(id=140617673232208,repoArgs=RepositoryArgs(root=&apos;/tmp/build/daf_persistence/tests/butlerAlias/data/input&apos;, cfgRoot=None, mapper=&lt;class &apos;test_butlerAlias.MinMapper&apos;&gt;, mapperArgs=None, tags=set([]), mode=&apos;rw&apos;, policy=None)cfg=RepositoryCfg(root=&apos;/tmp/build/daf_persistence/tests/butlerAlias/data/input&apos;, mapper=&lt;class &apos;test_butlerAlias.MinMapper&apos;&gt;, mapperArgs={}, parents=[], policy=None),cfgOrigin=existing,cfgRoot=/tmp/build/daf_persistence/tests/butlerAlias/data/input,repo=&lt;lsst.daf.persistence.repository.Repository object at 0x7fe41a764f90&gt;,parentRepoDatas=[],isV1Repository=True,role=output,parentRegistry=None)], 
_all=[RepoData(id=140617673232208,repoArgs=RepositoryArgs(root=&apos;/tmp/build/daf_persistence/tests/butlerAlias/data/input&apos;, cfgRoot=None, mapper=&lt;class &apos;test_butlerAlias.MinMapper&apos;&gt;, mapperArgs=None, tags=set([]), mode=&apos;rw&apos;, policy=None)cfg=RepositoryCfg(root=&apos;/tmp/build/daf_persistence/tests/butlerAlias/data/input&apos;, mapper=&lt;class &apos;test_butlerAlias.MinMapper&apos;&gt;, mapperArgs={}, parents=[], policy=None),cfgOrigin=existing,cfgRoot=/tmp/build/daf_persistence/tests/butlerAlias/data/input,repo=&lt;lsst.daf.persistence.repository.Repository object at 0x7fe41a764f90&gt;,parentRepoDatas=[],isV1Repository=True,role=output,parentRegistry=None)]), persistence=&lt;lsst.daf.persistence.persistence.Persistence object at 0x7fe4168765a8&gt;), datasetType=raw, dataId=DataId(initialdata={&apos;filter&apos;: &apos;g&apos;, &apos;visit&apos;: 1}, tag=set([])), cache=[DataId(initialdata={&apos;filter&apos;: &apos;g&apos;, &apos;visit&apos;: 1}, tag=set([]))], level=), dataId=DataId(initialdata={&apos;filter&apos;: &apos;g&apos;, &apos;visit&apos;: 1}, tag=set([])))
</system-out></testcase><testcase classname="tests.test_butler.MemoryTester" file="../../../opt/lsst/software/stack/Linux64/utils/13.0-8-gb7ca535+e978158b25/python/lsst/utils/tests.py" line="142" name="testLeaks" time="0.0394222736359"></testcase><testcase classname="tests.test_butlerPickle.ButlerPickleTestCase" file="tests/test_butlerPickle.py" line="69" name="testPickle" time="0.00753307342529"><system-out>daf.persistence.LogicalLocation DEBUG: Input string: /tmp/build/daf_persistence/foo1.pickleilOj3g
daf.persistence.LogicalLocation DEBUG: Copy to: /tmp/build/daf_persistence/foo1.pickleilOj3g
daf.persistence.LogicalLocation DEBUG: Input string: foo1.pickle
daf.persistence.LogicalLocation DEBUG: Copy to: foo1.pickle
daf.persistence.LogicalLocation DEBUG: Input string: /tmp/build/daf_persistence/foo1.pickle
daf.persistence.LogicalLocation DEBUG: Copy to: /tmp/build/daf_persistence/foo1.pickle
</system-out></testcase><testcase classname="tests.test_butlerAlias.TestMemory" file="../../../opt/lsst/software/stack/Linux64/utils/13.0-8-gb7ca535+e978158b25/python/lsst/utils/tests.py" line="162" name="testFileDescriptorLeaks" time="0.0391628742218"></testcase><testcase classname="tests.test_dataId.TestDataId" file="tests/test_dataId.py" line="43" name="testInputDictWithTag" time="0.0017409324646"></testcase><testcase classname="tests.test_butlerSubset.ButlerSubsetTestCase" file="tests/test_butlerSubset.py" line="157" name="testInvalidValue" time="0.00378918647766"></testcase><testcase classname="tests.test_dataId.MemoryTester" file="../../../opt/lsst/software/stack/Linux64/utils/13.0-8-gb7ca535+e978158b25/python/lsst/utils/tests.py" line="162" name="testFileDescriptorLeaks" time="0.049968957901"></testcase><testcase classname="tests.test_mapper.MapperTestCase" file="tests/test_mapper.py" line="62" name="testGetDatasetTypes" time="0.000996828079224"></testcase><testcase classname="tests.test_mapper.MapperTestCase" file="tests/test_mapper.py" line="66" name="testMap" time="0.00118613243103"></testcase><testcase classname="tests.test_mapper.MapperTestCase" file="tests/test_mapper.py" line="74" name="testMapWrite" time="0.00167512893677"></testcase><testcase classname="tests.test_butlerAlias.ButlerTestCase" file="tests/test_butlerAlias.py" line="102" name="testQueryMetadata" time="0.00179815292358"></testcase><testcase classname="tests.test_mapper.MapperTestCase" file="tests/test_mapper.py" line="82" name="testQueryMetadata" time="0.00239491462708"></testcase><testcase classname="tests.test_butlerPickle.TestMemory" file="../../../opt/lsst/software/stack/Linux64/utils/13.0-8-gb7ca535+e978158b25/python/lsst/utils/tests.py" line="142" name="testLeaks" time="0.0395560264587"></testcase><testcase classname="tests.test_butlerSubset.ButlerSubsetTestCase" file="tests/test_butlerSubset.py" line="150" name="testNonexistentValue" time="0.00373506546021"></testcase><testcase classname="tests.test_mapper.MapperTestCase" file="tests/test_mapper.py" line="86" name="testStandardize" time="0.000959634780884"></testcase><testcase classname="tests.test_dbAuth.TestMemory" file="../../../opt/lsst/software/stack/Linux64/utils/13.0-8-gb7ca535+e978158b25/python/lsst/utils/tests.py" line="142" name="testLeaks" time="0.0393698215485"></testcase><testcase classname="tests.test_mapperImport.MapperImportTestCase" file="tests/test_mapperImport.py" line="66" name="testPickle" time="0.00671482086182"><system-out>daf.persistence.LogicalLocation DEBUG: Input string: /tmp/build/daf_persistence/tests/out-FDWQaV/foo1.picklehDg7O6
daf.persistence.LogicalLocation DEBUG: Copy to: /tmp/build/daf_persistence/tests/out-FDWQaV/foo1.picklehDg7O6
daf.persistence.LogicalLocation DEBUG: Input string: /tmp/build/daf_persistence/tests/out-FDWQaV/foo1.pickle
daf.persistence.LogicalLocation DEBUG: Copy to: /tmp/build/daf_persistence/tests/out-FDWQaV/foo1.pickle
daf.persistence.LogicalLocation DEBUG: Input string: /tmp/build/daf_persistence/tests/out-FDWQaV/foo1.pickle
daf.persistence.LogicalLocation DEBUG: Copy to: /tmp/build/daf_persistence/tests/out-FDWQaV/foo1.pickle
</system-out></testcase><testcase classname="tests.test_butlerAlias.ButlerTestCase" file="tests/test_butlerAlias.py" line="91" name="testSubset" time="0.00210309028625"></testcase><testcase classname="tests.test_butlerProxy.ButlerProxyTestCase" file="tests/test_butlerProxy.py" line="54" name="testCheckProxy" time="0.00807595252991"><system-out>daf.persistence.LogicalLocation DEBUG: Input string: /tmp/build/daf_persistence/tests/ButlerProxyTestCase-7J53Qd/proxyOut/dt1.picklebnO8gs
daf.persistence.LogicalLocation DEBUG: Copy to: /tmp/build/daf_persistence/tests/ButlerProxyTestCase-7J53Qd/proxyOut/dt1.picklebnO8gs
daf.persistence.LogicalLocation DEBUG: Input string: /tmp/build/daf_persistence/tests/ButlerProxyTestCase-7J53Qd/proxyOut/p11.pickle34sKDd
daf.persistence.LogicalLocation DEBUG: Copy to: /tmp/build/daf_persistence/tests/ButlerProxyTestCase-7J53Qd/proxyOut/p11.pickle34sKDd
daf.persistence.LogicalLocation DEBUG: Input string: /tmp/build/daf_persistence/tests/ButlerProxyTestCase-7J53Qd/proxyOut/p21.pickleeHYz77
daf.persistence.LogicalLocation DEBUG: Copy to: /tmp/build/daf_persistence/tests/ButlerProxyTestCase-7J53Qd/proxyOut/p21.pickleeHYz77
daf.persistence.LogicalLocation DEBUG: Input string: /tmp/build/daf_persistence/tests/ButlerProxyTestCase-7J53Qd/proxyOut/dt1.pickle
daf.persistence.LogicalLocation DEBUG: Copy to: /tmp/build/daf_persistence/tests/ButlerProxyTestCase-7J53Qd/proxyOut/dt1.pickle
daf.persistence.LogicalLocation DEBUG: Input string: /tmp/build/daf_persistence/tests/ButlerProxyTestCase-7J53Qd/proxyOut/dt1.pickle
daf.persistence.LogicalLocation DEBUG: Copy to: /tmp/build/daf_persistence/tests/ButlerProxyTestCase-7J53Qd/proxyOut/dt1.pickle
daf.persistence.LogicalLocation DEBUG: Input string: /tmp/build/daf_persistence/tests/ButlerProxyTestCase-7J53Qd/proxyOut/dt1.pickle
daf.persistence.LogicalLocation DEBUG: Copy to: /tmp/build/daf_persistence/tests/ButlerProxyTestCase-7J53Qd/proxyOut/dt1.pickle
daf.persistence.LogicalLocation DEBUG: Input string: /tmp/build/daf_persistence/tests/ButlerProxyTestCase-7J53Qd/proxyOut/dt1.pickle
daf.persistence.LogicalLocation DEBUG: Copy to: /tmp/build/daf_persistence/tests/ButlerProxyTestCase-7J53Qd/proxyOut/dt1.pickle
daf.persistence.LogicalLocation DEBUG: Input string: /tmp/build/daf_persistence/tests/ButlerProxyTestCase-7J53Qd/proxyOut/p11.pickle
daf.persistence.LogicalLocation DEBUG: Copy to: /tmp/build/daf_persistence/tests/ButlerProxyTestCase-7J53Qd/proxyOut/p11.pickle
daf.persistence.LogicalLocation DEBUG: Input string: /tmp/build/daf_persistence/tests/ButlerProxyTestCase-7J53Qd/proxyOut/p11.pickle
daf.persistence.LogicalLocation DEBUG: Copy to: /tmp/build/daf_persistence/tests/ButlerProxyTestCase-7J53Qd/proxyOut/p11.pickle
daf.persistence.LogicalLocation DEBUG: Input string: /tmp/build/daf_persistence/tests/ButlerProxyTestCase-7J53Qd/proxyOut/p21.pickle
daf.persistence.LogicalLocation DEBUG: Copy to: /tmp/build/daf_persistence/tests/ButlerProxyTestCase-7J53Qd/proxyOut/p21.pickle
daf.persistence.LogicalLocation DEBUG: Input string: /tmp/build/daf_persistence/tests/ButlerProxyTestCase-7J53Qd/proxyOut/p21.pickle
daf.persistence.LogicalLocation DEBUG: Copy to: /tmp/build/daf_persistence/tests/ButlerProxyTestCase-7J53Qd/proxyOut/p21.pickle
daf.persistence.LogicalLocation DEBUG: Input string: /tmp/build/daf_persistence/tests/ButlerProxyTestCase-7J53Qd/proxyOut/dt1.pickle4zAeai
daf.persistence.LogicalLocation DEBUG: Copy to: /tmp/build/daf_persistence/tests/ButlerProxyTestCase-7J53Qd/proxyOut/dt1.pickle4zAeai
daf.persistence.LogicalLocation DEBUG: Input string: /tmp/build/daf_persistence/tests/ButlerProxyTestCase-7J53Qd/proxyOut/dt1.pickle
daf.persistence.LogicalLocation DEBUG: Copy to: /tmp/build/daf_persistence/tests/ButlerProxyTestCase-7J53Qd/proxyOut/dt1.pickle
daf.persistence.LogicalLocation DEBUG: Input string: /tmp/build/daf_persistence/tests/ButlerProxyTestCase-7J53Qd/proxyOut/dt1.pickle
daf.persistence.LogicalLocation DEBUG: Copy to: /tmp/build/daf_persistence/tests/ButlerProxyTestCase-7J53Qd/proxyOut/dt1.pickle
</system-out></testcase><testcase classname="tests.test_mapperImport.TestMemory" file="../../../opt/lsst/software/stack/Linux64/utils/13.0-8-gb7ca535+e978158b25/python/lsst/utils/tests.py" line="162" name="testFileDescriptorLeaks" time="0.0395188331604"></testcase><testcase classname="tests.test_butlerProxy.TestMemory" file="../../../opt/lsst/software/stack/Linux64/utils/13.0-8-gb7ca535+e978158b25/python/lsst/utils/tests.py" line="142" name="testLeaks" time="0.0438413619995"></testcase><testcase classname="tests.test_policy.PolicyTestCase" file="tests/test_policy.py" line="37" name="testBasic" time="0.00137805938721"></testcase><testcase classname="tests.test_policy.PolicyTestCase" file="tests/test_policy.py" line="83" name="testCopyPolicy" time="0.000906944274902"></testcase><testcase classname="tests.test_policy.PolicyTestCase" file="tests/test_policy.py" line="93" name="testDotsInBraces" time="0.000653028488159"></testcase><testcase classname="tests.test_policy.PolicyTestCase" file="tests/test_policy.py" line="115" name="testDumpLoad" time="0.0173978805542"></testcase><testcase classname="tests.test_dataId.MemoryTester" file="../../../opt/lsst/software/stack/Linux64/utils/13.0-8-gb7ca535+e978158b25/python/lsst/utils/tests.py" line="142" name="testLeaks" time="0.0406529903412"></testcase><testcase classname="tests.test_butlerSubset.ButlerSubsetTestCase" file="tests/test_butlerSubset.py" line="113" name="testSingleIteration" time="0.0075318813324"><system-out>daf.persistence.LogicalLocation DEBUG: Input string: calexp_v123456_R1,2_S2,2.pickle
daf.persistence.LogicalLocation DEBUG: Copy to: calexp_v123456_R1,2_S2,2.pickle
daf.persistence.LogicalLocation DEBUG: Input string: calexp_v123456_R1,2_S2,2.pickle
daf.persistence.LogicalLocation DEBUG: Copy to: calexp_v123456_R1,2_S2,2.pickle
daf.persistence.LogicalLocation DEBUG: Input string: /tmp/tmpaiG01K/calexp_v123456_R1,2_S2,2.pickle
daf.persistence.LogicalLocation DEBUG: Copy to: /tmp/tmpaiG01K/calexp_v123456_R1,2_S2,2.pickle
daf.persistence.LogicalLocation DEBUG: Input string: calexp_v123456_R1,2_S2,1.pickle
daf.persistence.LogicalLocation DEBUG: Copy to: calexp_v123456_R1,2_S2,1.pickle
daf.persistence.LogicalLocation DEBUG: Input string: calexp_v123456_R1,2_S2,1.pickle
daf.persistence.LogicalLocation DEBUG: Copy to: calexp_v123456_R1,2_S2,1.pickle
daf.persistence.LogicalLocation DEBUG: Input string: /tmp/tmpaiG01K/calexp_v123456_R1,2_S2,1.pickle
daf.persistence.LogicalLocation DEBUG: Copy to: /tmp/tmpaiG01K/calexp_v123456_R1,2_S2,1.pickle
daf.persistence.LogicalLocation DEBUG: Input string: calexp_v654321_R1,3_S1,1.pickle
daf.persistence.LogicalLocation DEBUG: Copy to: calexp_v654321_R1,3_S1,1.pickle
daf.persistence.LogicalLocation DEBUG: Input string: calexp_v654321_R1,3_S1,1.pickle
daf.persistence.LogicalLocation DEBUG: Copy to: calexp_v654321_R1,3_S1,1.pickle
daf.persistence.LogicalLocation DEBUG: Input string: /tmp/tmpaiG01K/calexp_v654321_R1,3_S1,1.pickle
daf.persistence.LogicalLocation DEBUG: Copy to: /tmp/tmpaiG01K/calexp_v654321_R1,3_S1,1.pickle
daf.persistence.LogicalLocation DEBUG: Input string: calexp_v654321_R1,3_S1,2.pickle
daf.persistence.LogicalLocation DEBUG: Copy to: calexp_v654321_R1,3_S1,2.pickle
daf.persistence.LogicalLocation DEBUG: Input string: calexp_v654321_R1,3_S1,2.pickle
daf.persistence.LogicalLocation DEBUG: Copy to: calexp_v654321_R1,3_S1,2.pickle
daf.persistence.LogicalLocation DEBUG: Input string: /tmp/tmpaiG01K/calexp_v654321_R1,3_S1,2.pickle
daf.persistence.LogicalLocation DEBUG: Copy to: /tmp/tmpaiG01K/calexp_v654321_R1,3_S1,2.pickle
</system-out></testcase><testcase classname="tests.test_fsScanner.FsScannerTestCase" file="tests/test_fsScanner.py" line="33" name="test1" time="0.001549243927"></testcase><testcase classname="tests.test_fsScanner.FsScannerTestCase" file="tests/test_fsScanner.py" line="39" name="test2" time="0.000967741012573"></testcase><testcase classname="tests.test_pexPolicyToButlerPolicy.PolicyTestCase" file="tests/test_pexPolicyToButlerPolicy.py" line="79" name="testGetStringArray" time="0.00737404823303"></testcase><testcase classname="tests.test_fsScanner.TestMemory" file="../../../opt/lsst/software/stack/Linux64/utils/13.0-8-gb7ca535+e978158b25/python/lsst/utils/tests.py" line="162" name="testFileDescriptorLeaks" time="0.0381197929382"></testcase><testcase classname="tests.test_pexPolicyToButlerPolicy.PolicyTestCase" file="tests/test_pexPolicyToButlerPolicy.py" line="48" name="testPafReader" time="0.0196092128754"></testcase><testcase classname="tests.test_policy.PolicyTestCase" file="tests/test_policy.py" line="59" name="testGet" time="0.00142526626587"></testcase><testcase classname="tests.test_mapperImport.TestMemory" file="../../../opt/lsst/software/stack/Linux64/utils/13.0-8-gb7ca535+e978158b25/python/lsst/utils/tests.py" line="142" name="testLeaks" time="0.0387160778046"></testcase><testcase classname="tests.test_policy.PolicyTestCase" file="tests/test_policy.py" line="87" name="testGetPolicy" time="0.0015070438385"></testcase><testcase classname="tests.test_policy.PolicyTestCase" file="tests/test_policy.py" line="128" name="testInvalidPolicyFileType" time="0.000550985336304"></testcase><testcase classname="tests.test_mapper.TestMemory" file="../../../opt/lsst/software/stack/Linux64/utils/13.0-8-gb7ca535+e978158b25/python/lsst/utils/tests.py" line="162" name="testFileDescriptorLeaks" time="0.0394601821899"></testcase><testcase classname="tests.test_policy.PolicyTestCase" file="tests/test_policy.py" line="96" name="testMerge" time="0.000756978988647"></testcase><testcase classname="tests.test_butlerPickle.ButlerPickleTestCase" file="tests/test_butlerPickle.py" line="65" name="testIO" time="0.00951600074768"><system-out>daf.persistence.LogicalLocation DEBUG: Input string: /tmp/build/daf_persistence/foo3.picklej7r7Es
daf.persistence.LogicalLocation DEBUG: Copy to: /tmp/build/daf_persistence/foo3.picklej7r7Es
daf.persistence.LogicalLocation DEBUG: Input string: foo3.pickle
daf.persistence.LogicalLocation DEBUG: Copy to: foo3.pickle
daf.persistence.LogicalLocation DEBUG: Input string: /tmp/build/daf_persistence/foo3.pickle
daf.persistence.LogicalLocation DEBUG: Copy to: /tmp/build/daf_persistence/foo3.pickle
</system-out></testcase><testcase classname="tests.test_policy.PolicyTestCase" file="tests/test_policy.py" line="76" name="testNames" time="0.000512838363647"></testcase><testcase classname="tests.test_policy.PolicyTestCase" file="tests/test_policy.py" line="121" name="testNonExistantPolicyAtPath" time="0.00116682052612"></testcase><testcase classname="tests.test_policy.PolicyTestCase" file="tests/test_policy.py" line="110" name="testOpenDefaultPolicy" time="0.00148892402649"></testcase><testcase classname="tests.test_butlerSubset.ButlerSubsetTestCase" file="tests/test_butlerSubset.py" line="166" name="testDoubleIteration" time="0.0230183601379"><system-out>daf.persistence.LogicalLocation DEBUG: Input string: flat_R1,2_S2,2_C0,0_E000.pickle
daf.persistence.LogicalLocation DEBUG: Copy to: flat_R1,2_S2,2_C0,0_E000.pickle
daf.persistence.LogicalLocation DEBUG: Input string: flat_R1,2_S2,2_C0,0_E000.pickle
daf.persistence.LogicalLocation DEBUG: Copy to: flat_R1,2_S2,2_C0,0_E000.pickle
daf.persistence.LogicalLocation DEBUG: Input string: flat_R1,2_S2,2_C0,0_E000.pickle
daf.persistence.LogicalLocation DEBUG: Copy to: flat_R1,2_S2,2_C0,0_E000.pickle
daf.persistence.LogicalLocation DEBUG: Input string: /tmp/tmp77H_DA/flat_R1,2_S2,2_C0,0_E000.pickle
daf.persistence.LogicalLocation DEBUG: Copy to: /tmp/tmp77H_DA/flat_R1,2_S2,2_C0,0_E000.pickle
daf.persistence.LogicalLocation DEBUG: Input string: flat_R1,2_S2,2_C0,0_E000.pickle
daf.persistence.LogicalLocation DEBUG: Copy to: flat_R1,2_S2,2_C0,0_E000.pickle
daf.persistence.LogicalLocation DEBUG: Input string: /tmp/tmp77H_DA/flat_R1,2_S2,2_C0,0_E000.pickle
daf.persistence.LogicalLocation DEBUG: Copy to: /tmp/tmp77H_DA/flat_R1,2_S2,2_C0,0_E000.pickle
daf.persistence.LogicalLocation DEBUG: Input string: /tmp/tmp77H_DA/calexp_v123456_R1,2_S2,2.pickleakJJZA
daf.persistence.LogicalLocation DEBUG: Copy to: /tmp/tmp77H_DA/calexp_v123456_R1,2_S2,2.pickleakJJZA
daf.persistence.LogicalLocation DEBUG: Input string: flat_R1,1_S2,2_C1,1_E000.pickle
daf.persistence.LogicalLocation DEBUG: Copy to: flat_R1,1_S2,2_C1,1_E000.pickle
daf.persistence.LogicalLocation DEBUG: Input string: flat_R1,1_S2,2_C1,1_E000.pickle
daf.persistence.LogicalLocation DEBUG: Copy to: flat_R1,1_S2,2_C1,1_E000.pickle
daf.persistence.LogicalLocation DEBUG: Input string: flat_R1,1_S2,2_C1,1_E000.pickle
daf.persistence.LogicalLocation DEBUG: Copy to: flat_R1,1_S2,2_C1,1_E000.pickle
daf.persistence.LogicalLocation DEBUG: Input string: /tmp/tmp77H_DA/flat_R1,1_S2,2_C1,1_E000.pickle
daf.persistence.LogicalLocation DEBUG: Copy to: /tmp/tmp77H_DA/flat_R1,1_S2,2_C1,1_E000.pickle
daf.persistence.LogicalLocation DEBUG: Input string: flat_R1,1_S2,2_C1,1_E000.pickle
daf.persistence.LogicalLocation DEBUG: Copy to: flat_R1,1_S2,2_C1,1_E000.pickle
daf.persistence.LogicalLocation DEBUG: Input string: /tmp/tmp77H_DA/flat_R1,1_S2,2_C1,1_E000.pickle
daf.persistence.LogicalLocation DEBUG: Copy to: /tmp/tmp77H_DA/flat_R1,1_S2,2_C1,1_E000.pickle
daf.persistence.LogicalLocation DEBUG: Input string: /tmp/tmp77H_DA/calexp_v123456_R1,1_S2,2.pickle18Ia_q
daf.persistence.LogicalLocation DEBUG: Copy to: /tmp/tmp77H_DA/calexp_v123456_R1,1_S2,2.pickle18Ia_q
daf.persistence.LogicalLocation DEBUG: Input string: flat_R1,1_S2,2_C0,0_E000.pickle
daf.persistence.LogicalLocation DEBUG: Copy to: flat_R1,1_S2,2_C0,0_E000.pickle
daf.persistence.LogicalLocation DEBUG: Input string: flat_R1,1_S2,2_C0,0_E000.pickle
daf.persistence.LogicalLocation DEBUG: Copy to: flat_R1,1_S2,2_C0,0_E000.pickle
daf.persistence.LogicalLocation DEBUG: Input string: flat_R1,1_S2,2_C0,0_E000.pickle
daf.persistence.LogicalLocation DEBUG: Copy to: flat_R1,1_S2,2_C0,0_E000.pickle
daf.persistence.LogicalLocation DEBUG: Input string: /tmp/tmp77H_DA/flat_R1,1_S2,2_C0,0_E000.pickle
daf.persistence.LogicalLocation DEBUG: Copy to: /tmp/tmp77H_DA/flat_R1,1_S2,2_C0,0_E000.pickle
daf.persistence.LogicalLocation DEBUG: Input string: flat_R1,1_S2,2_C0,0_E000.pickle
daf.persistence.LogicalLocation DEBUG: Copy to: flat_R1,1_S2,2_C0,0_E000.pickle
daf.persistence.LogicalLocation DEBUG: Input string: /tmp/tmp77H_DA/flat_R1,1_S2,2_C0,0_E000.pickle
daf.persistence.LogicalLocation DEBUG: Copy to: /tmp/tmp77H_DA/flat_R1,1_S2,2_C0,0_E000.pickle
daf.persistence.LogicalLocation DEBUG: Input string: /tmp/tmp77H_DA/calexp_v123456_R1,1_S2,2.pickleB2KOIK
daf.persistence.LogicalLocation DEBUG: Copy to: /tmp/tmp77H_DA/calexp_v123456_R1,1_S2,2.pickleB2KOIK
daf.persistence.LogicalLocation DEBUG: Input string: flat_R1,1_S2,2_C0,1_E000.pickle
daf.persistence.LogicalLocation DEBUG: Copy to: flat_R1,1_S2,2_C0,1_E000.pickle
daf.persistence.LogicalLocation DEBUG: Input string: flat_R1,1_S2,2_C0,1_E000.pickle
daf.persistence.LogicalLocation DEBUG: Copy to: flat_R1,1_S2,2_C0,1_E000.pickle
daf.persistence.LogicalLocation DEBUG: Input string: flat_R1,1_S2,2_C0,1_E000.pickle
daf.persistence.LogicalLocation DEBUG: Copy to: flat_R1,1_S2,2_C0,1_E000.pickle
daf.persistence.LogicalLocation DEBUG: Input string: /tmp/tmp77H_DA/flat_R1,1_S2,2_C0,1_E000.pickle
daf.persistence.LogicalLocation DEBUG: Copy to: /tmp/tmp77H_DA/flat_R1,1_S2,2_C0,1_E000.pickle
daf.persistence.LogicalLocation DEBUG: Input string: flat_R1,1_S2,2_C0,1_E000.pickle
daf.persistence.LogicalLocation DEBUG: Copy to: flat_R1,1_S2,2_C0,1_E000.pickle
daf.persistence.LogicalLocation DEBUG: Input string: /tmp/tmp77H_DA/flat_R1,1_S2,2_C0,1_E000.pickle
daf.persistence.LogicalLocation DEBUG: Copy to: /tmp/tmp77H_DA/flat_R1,1_S2,2_C0,1_E000.pickle
daf.persistence.LogicalLocation DEBUG: Input string: /tmp/tmp77H_DA/calexp_v123456_R1,1_S2,2.pickleTBeuwR
daf.persistence.LogicalLocation DEBUG: Copy to: /tmp/tmp77H_DA/calexp_v123456_R1,1_S2,2.pickleTBeuwR
daf.persistence.LogicalLocation DEBUG: Input string: flat_R1,1_S2,2_C1,0_E001.pickle
daf.persistence.LogicalLocation DEBUG: Copy to: flat_R1,1_S2,2_C1,0_E001.pickle
daf.persistence.LogicalLocation DEBUG: Input string: flat_R1,1_S2,2_C1,0_E001.pickle
daf.persistence.LogicalLocation DEBUG: Copy to: flat_R1,1_S2,2_C1,0_E001.pickle
daf.persistence.LogicalLocation DEBUG: Input string: flat_R1,1_S2,2_C1,0_E001.pickle
daf.persistence.LogicalLocation DEBUG: Copy to: flat_R1,1_S2,2_C1,0_E001.pickle
daf.persistence.LogicalLocation DEBUG: Input string: /tmp/tmp77H_DA/flat_R1,1_S2,2_C1,0_E001.pickle
daf.persistence.LogicalLocation DEBUG: Copy to: /tmp/tmp77H_DA/flat_R1,1_S2,2_C1,0_E001.pickle
daf.persistence.LogicalLocation DEBUG: Input string: flat_R1,1_S2,2_C1,0_E001.pickle
daf.persistence.LogicalLocation DEBUG: Copy to: flat_R1,1_S2,2_C1,0_E001.pickle
daf.persistence.LogicalLocation DEBUG: Input string: /tmp/tmp77H_DA/flat_R1,1_S2,2_C1,0_E001.pickle
daf.persistence.LogicalLocation DEBUG: Copy to: /tmp/tmp77H_DA/flat_R1,1_S2,2_C1,0_E001.pickle
daf.persistence.LogicalLocation DEBUG: Input string: /tmp/tmp77H_DA/calexp_v123456_R1,1_S2,2.pickleWbJY36
daf.persistence.LogicalLocation DEBUG: Copy to: /tmp/tmp77H_DA/calexp_v123456_R1,1_S2,2.pickleWbJY36
daf.persistence.LogicalLocation DEBUG: Input string: flat_R1,1_S2,2_C0,0_E001.pickle
daf.persistence.LogicalLocation DEBUG: Copy to: flat_R1,1_S2,2_C0,0_E001.pickle
daf.persistence.LogicalLocation DEBUG: Input string: flat_R1,1_S2,2_C0,0_E001.pickle
daf.persistence.LogicalLocation DEBUG: Copy to: flat_R1,1_S2,2_C0,0_E001.pickle
daf.persistence.LogicalLocation DEBUG: Input string: flat_R1,1_S2,2_C0,0_E001.pickle
daf.persistence.LogicalLocation DEBUG: Copy to: flat_R1,1_S2,2_C0,0_E001.pickle
daf.persistence.LogicalLocation DEBUG: Input string: /tmp/tmp77H_DA/flat_R1,1_S2,2_C0,0_E001.pickle
daf.persistence.LogicalLocation DEBUG: Copy to: /tmp/tmp77H_DA/flat_R1,1_S2,2_C0,0_E001.pickle
daf.persistence.LogicalLocation DEBUG: Input string: flat_R1,1_S2,2_C0,0_E001.pickle
daf.persistence.LogicalLocation DEBUG: Copy to: flat_R1,1_S2,2_C0,0_E001.pickle
daf.persistence.LogicalLocation DEBUG: Input string: /tmp/tmp77H_DA/flat_R1,1_S2,2_C0,0_E001.pickle
daf.persistence.LogicalLocation DEBUG: Copy to: /tmp/tmp77H_DA/flat_R1,1_S2,2_C0,0_E001.pickle
daf.persistence.LogicalLocation DEBUG: Input string: /tmp/tmp77H_DA/calexp_v123456_R1,1_S2,2.pickleis_xXU
daf.persistence.LogicalLocation DEBUG: Copy to: /tmp/tmp77H_DA/calexp_v123456_R1,1_S2,2.pickleis_xXU
daf.persistence.LogicalLocation DEBUG: Input string: flat_R1,2_S2,1_C0,0_E001.pickle
daf.persistence.LogicalLocation DEBUG: Copy to: flat_R1,2_S2,1_C0,0_E001.pickle
daf.persistence.LogicalLocation DEBUG: Input string: flat_R1,2_S2,1_C0,0_E001.pickle
daf.persistence.LogicalLocation DEBUG: Copy to: flat_R1,2_S2,1_C0,0_E001.pickle
daf.persistence.LogicalLocation DEBUG: Input string: flat_R1,2_S2,1_C0,0_E001.pickle
daf.persistence.LogicalLocation DEBUG: Copy to: flat_R1,2_S2,1_C0,0_E001.pickle
daf.persistence.LogicalLocation DEBUG: Input string: /tmp/tmp77H_DA/flat_R1,2_S2,1_C0,0_E001.pickle
daf.persistence.LogicalLocation DEBUG: Copy to: /tmp/tmp77H_DA/flat_R1,2_S2,1_C0,0_E001.pickle
daf.persistence.LogicalLocation DEBUG: Input string: flat_R1,2_S2,1_C0,0_E001.pickle
daf.persistence.LogicalLocation DEBUG: Copy to: flat_R1,2_S2,1_C0,0_E001.pickle
daf.persistence.LogicalLocation DEBUG: Input string: /tmp/tmp77H_DA/flat_R1,2_S2,1_C0,0_E001.pickle
daf.persistence.LogicalLocation DEBUG: Copy to: /tmp/tmp77H_DA/flat_R1,2_S2,1_C0,0_E001.pickle
daf.persistence.LogicalLocation DEBUG: Input string: /tmp/tmp77H_DA/calexp_v123456_R1,2_S2,1.pickleTMURz6
daf.persistence.LogicalLocation DEBUG: Copy to: /tmp/tmp77H_DA/calexp_v123456_R1,2_S2,1.pickleTMURz6
daf.persistence.LogicalLocation DEBUG: Input string: flat_R1,1_S2,2_C0,1_E000.pickle
daf.persistence.LogicalLocation DEBUG: Copy to: flat_R1,1_S2,2_C0,1_E000.pickle
</system-out></testcase><testcase classname="tests.test_pexPolicyToButlerPolicy.MemoryTester" file="../../../opt/lsst/software/stack/Linux64/utils/13.0-8-gb7ca535+e978158b25/python/lsst/utils/tests.py" line="162" name="testFileDescriptorLeaks" time="0.0397047996521"></testcase><testcase classname="tests.test_dbAuth.DbAuthTestCase" file="tests/test_dbAuth.py" line="44" name="testSetPolicy" time="0.0014214515686"></testcase><testcase classname="tests.test_policy.PolicyTestCase" file="tests/test_policy.py" line="65" name="testSet" time="0.000720024108887"></testcase><testcase classname="tests.test_policy.PolicyTestCase" file="tests/test_policy.py" line="44" name="testUpdateWithDict" time="0.000449419021606"></testcase><testcase classname="tests.test_policy.PolicyTestCase" file="tests/test_policy.py" line="53" name="testUpdateWithPolicy" time="0.00160002708435"></testcase><testcase classname="tests.test_dbAuth.TestMemory" file="../../../opt/lsst/software/stack/Linux64/utils/13.0-8-gb7ca535+e978158b25/python/lsst/utils/tests.py" line="162" name="testFileDescriptorLeaks" time="0.0409338474274"></testcase><testcase classname="tests.test_policy.TestMemory" file="../../../opt/lsst/software/stack/Linux64/utils/13.0-8-gb7ca535+e978158b25/python/lsst/utils/tests.py" line="162" name="testFileDescriptorLeaks" time="0.0419981479645"></testcase><testcase classname="tests.test_fsScanner.TestMemory" file="../../../opt/lsst/software/stack/Linux64/utils/13.0-8-gb7ca535+e978158b25/python/lsst/utils/tests.py" line="142" name="testLeaks" time="0.0394146442413"></testcase><testcase classname="tests.test_pexPolicyToButlerPolicy.PolicyTestCase" file="tests/test_pexPolicyToButlerPolicy.py" line="85" name="testDumpAndLoad" time="0.0901129245758"></testcase><testcase classname="tests.test_butlerSubset.MemoryTester" file="../../../opt/lsst/software/stack/Linux64/utils/13.0-8-gb7ca535+e978158b25/python/lsst/utils/tests.py" line="162" name="testFileDescriptorLeaks" time="0.0393953323364"></testcase><testcase classname="tests.test_mapper.TestMemory" file="../../../opt/lsst/software/stack/Linux64/utils/13.0-8-gb7ca535+e978158b25/python/lsst/utils/tests.py" line="142" name="testLeaks" time="0.0392110347748"></testcase><testcase classname="tests.test_pexPolicyToButlerPolicy.MemoryTester" file="../../../opt/lsst/software/stack/Linux64/utils/13.0-8-gb7ca535+e978158b25/python/lsst/utils/tests.py" line="142" name="testLeaks" time="0.0392961502075"></testcase><testcase classname="tests.test_posixParentSearch.PosixParentSearch" file="tests/test_posixParentSearch.py" line="121" name="testDoSearchParentFlag" time="0.00289607048035"></testcase><testcase classname="tests.test_posixParentSearch.PosixParentSearch" file="tests/test_posixParentSearch.py" line="61" name="testFilePathWithHeaderExt" time="0.00114893913269"></testcase><testcase classname="tests.test_posixParentSearch.PosixParentSearch" file="tests/test_posixParentSearch.py" line="134" name="testNoResults" time="0.000669002532959"></testcase><testcase classname="tests.test_policy.TestMemory" file="../../../opt/lsst/software/stack/Linux64/utils/13.0-8-gb7ca535+e978158b25/python/lsst/utils/tests.py" line="142" name="testLeaks" time="0.047443151474"></testcase><testcase classname="tests.test_posixParentSearch.PosixParentSearch" file="tests/test_posixParentSearch.py" line="47" name="testFilePath" time="0.00107502937317"></testcase><testcase classname="tests.test_posixParentSearch.PosixParentSearch" file="tests/test_posixParentSearch.py" line="95" name="testFilePathIn2ndParentParent" time="0.00133204460144"></testcase><testcase classname="tests.test_posixParentSearch.MemoryTester" file="../../../opt/lsst/software/stack/Linux64/utils/13.0-8-gb7ca535+e978158b25/python/lsst/utils/tests.py" line="162" name="testFileDescriptorLeaks" time="0.0402760505676"></testcase><testcase classname="tests.test_posixParentSearch.PosixParentSearch" file="tests/test_posixParentSearch.py" line="74" name="testFilePathInParent" time="0.00129699707031"></testcase><testcase classname="tests.test_butlerSubset.MemoryTester" file="../../../opt/lsst/software/stack/Linux64/utils/13.0-8-gb7ca535+e978158b25/python/lsst/utils/tests.py" line="142" name="testLeaks" time="0.0367648601532"></testcase><testcase classname="tests.test_mapperImport.MapperImportTestCase" file="tests/test_mapperImport.py" line="62" name="testIO" time="0.00537610054016"><system-out>daf.persistence.LogicalLocation DEBUG: Input string: /tmp/build/daf_persistence/tests/out-gvkho_/foo3.pickle5PsOkK
daf.persistence.LogicalLocation DEBUG: Copy to: /tmp/build/daf_persistence/tests/out-gvkho_/foo3.pickle5PsOkK
daf.persistence.LogicalLocation DEBUG: Input string: /tmp/build/daf_persistence/tests/out-gvkho_/foo3.pickle
daf.persistence.LogicalLocation DEBUG: Copy to: /tmp/build/daf_persistence/tests/out-gvkho_/foo3.pickle
daf.persistence.LogicalLocation DEBUG: Input string: /tmp/build/daf_persistence/tests/out-gvkho_/foo3.pickle
daf.persistence.LogicalLocation DEBUG: Copy to: /tmp/build/daf_persistence/tests/out-gvkho_/foo3.pickle
</system-out></testcase><testcase classname="tests.test_reposInButler.MemoryTester" file="../../../opt/lsst/software/stack/Linux64/utils/13.0-8-gb7ca535+e978158b25/python/lsst/utils/tests.py" line="162" name="testFileDescriptorLeaks" time="0.0397493839264"></testcase><testcase classname="tests.test_mapperImport.MapperImportTestCase" file="tests/test_mapperImport.py" line="51" name="testMapperClass" time="0.00270795822144"></testcase><testcase classname="tests.test_repository.TestBasics" file="tests/test_repository.py" line="234" name="testDatasetExists" time="0.412261009216"><system-out>daf.persistence.LogicalLocation DEBUG: Input string: /tmp/build/daf_persistence/tests/butlerAlias/data/input/raw/raw_v1_fg.fits.gz
daf.persistence.LogicalLocation DEBUG: Copy to: /tmp/build/daf_persistence/tests/butlerAlias/data/input/raw/raw_v1_fg.fits.gz
daf.persistence.LogicalLocation DEBUG: Input string: /tmp/build/daf_persistence/tests/butlerAlias/data/input/raw/raw_v2_fg.fits.gz
daf.persistence.LogicalLocation DEBUG: Copy to: /tmp/build/daf_persistence/tests/butlerAlias/data/input/raw/raw_v2_fg.fits.gz
daf.persistence.LogicalLocation DEBUG: Input string: /tmp/build/daf_persistence/tests/butlerAlias/data/input/raw/raw_v3_fr.fits.gz
daf.persistence.LogicalLocation DEBUG: Copy to: /tmp/build/daf_persistence/tests/butlerAlias/data/input/raw/raw_v3_fr.fits.gz
</system-out></testcase><testcase classname="tests.test_posixStorage.TestRelativePath" file="tests/test_posixStorage.py" line="78" name="testRelativePath" time="0.00117206573486"></testcase><testcase classname="tests.test_posixStorage.TestAbsolutePath" file="tests/test_posixStorage.py" line="105" name="testAbsolutePath" time="0.000734090805054"></testcase><testcase classname="tests.test_posixStorage.TestGetLocalFile" file="tests/test_posixStorage.py" line="129" name="testAbsolutePath" time="0.00106382369995"></testcase><testcase classname="tests.test_repository.TestBasics" file="tests/test_repository.py" line="169" name="testGetKeys" time="0.00549387931824"></testcase><testcase classname="tests.test_repository.TestBasics" file="tests/test_repository.py" line="197" name="testQueryMetadata" time="0.00578737258911"></testcase><testcase classname="tests.test_registry.TestMemory" file="../../../opt/lsst/software/stack/Linux64/utils/13.0-8-gb7ca535+e978158b25/python/lsst/utils/tests.py" line="162" name="testFileDescriptorLeaks" time="0.0374307632446"></testcase><testcase classname="tests.test_posixStorage.MemoryTester" file="../../../opt/lsst/software/stack/Linux64/utils/13.0-8-gb7ca535+e978158b25/python/lsst/utils/tests.py" line="162" name="testFileDescriptorLeaks" time="0.0414717197418"></testcase><testcase classname="tests.test_dataId.TestDataId" file="tests/test_dataId.py" line="33" name="test" time="0.00144195556641"></testcase><testcase classname="tests.test_repository.TestBasics" file="tests/test_repository.py" line="165" name="testSubset" time="0.00549864768982"></testcase><testcase classname="tests.test_reposInButler.MemoryTester" file="../../../opt/lsst/software/stack/Linux64/utils/13.0-8-gb7ca535+e978158b25/python/lsst/utils/tests.py" line="142" name="testLeaks" time="0.0374178886414"></testcase><testcase classname="tests.test_dataId.TestDataId" file="tests/test_dataId.py" line="64" name="testInputDataId" time="0.000388860702515"></testcase><testcase classname="tests.test_dataId.TestDataId" file="tests/test_dataId.py" line="38" name="testInputDictNoTags" time="0.000444889068604"></testcase><testcase classname="tests.test_posixParentSearch.MemoryTester" file="../../../opt/lsst/software/stack/Linux64/utils/13.0-8-gb7ca535+e978158b25/python/lsst/utils/tests.py" line="142" name="testLeaks" time="0.0382311344147"></testcase><testcase classname="tests.test_repository.TestMultipleInputs" file="tests/test_repository.py" line="387" name="test" time="0.0207531452179"><system-out>daf.persistence.LogicalLocation DEBUG: Input string: /tmp/build/daf_persistence/tests/TestMapperInference-KFhZfj/repoA/filename_bar1.txtLp2cZ7
daf.persistence.LogicalLocation DEBUG: Copy to: /tmp/build/daf_persistence/tests/TestMapperInference-KFhZfj/repoA/filename_bar1.txtLp2cZ7
daf.persistence.LogicalLocation DEBUG: Input string: /tmp/build/daf_persistence/tests/TestMapperInference-KFhZfj/repoA/filename_bar2.txtYTvnAg
daf.persistence.LogicalLocation DEBUG: Copy to: /tmp/build/daf_persistence/tests/TestMapperInference-KFhZfj/repoA/filename_bar2.txtYTvnAg
daf.persistence.LogicalLocation DEBUG: Input string: /tmp/build/daf_persistence/tests/TestMapperInference-KFhZfj/repoB/filename_bar1.txt1Of9ec
daf.persistence.LogicalLocation DEBUG: Copy to: /tmp/build/daf_persistence/tests/TestMapperInference-KFhZfj/repoB/filename_bar1.txt1Of9ec
daf.persistence.LogicalLocation DEBUG: Input string: /tmp/build/daf_persistence/tests/TestMapperInference-KFhZfj/repoB/filename_bar3.txt3fs3bQ
daf.persistence.LogicalLocation DEBUG: Copy to: /tmp/build/daf_persistence/tests/TestMapperInference-KFhZfj/repoB/filename_bar3.txt3fs3bQ
daf.persistence.LogicalLocation DEBUG: Input string: /tmp/build/daf_persistence/tests/TestMapperInference-KFhZfj/repoA/filename_bar1.txt
daf.persistence.LogicalLocation DEBUG: Copy to: /tmp/build/daf_persistence/tests/TestMapperInference-KFhZfj/repoA/filename_bar1.txt
daf.persistence.LogicalLocation DEBUG: Input string: /tmp/build/daf_persistence/tests/TestMapperInference-KFhZfj/repoA/filename_bar1.txt
daf.persistence.LogicalLocation DEBUG: Copy to: /tmp/build/daf_persistence/tests/TestMapperInference-KFhZfj/repoA/filename_bar1.txt
daf.persistence.LogicalLocation DEBUG: Input string: /tmp/build/daf_persistence/tests/TestMapperInference-KFhZfj/repoA/filename_bar2.txt
daf.persistence.LogicalLocation DEBUG: Copy to: /tmp/build/daf_persistence/tests/TestMapperInference-KFhZfj/repoA/filename_bar2.txt
daf.persistence.LogicalLocation DEBUG: Input string: /tmp/build/daf_persistence/tests/TestMapperInference-KFhZfj/repoA/filename_bar2.txt
daf.persistence.LogicalLocation DEBUG: Copy to: /tmp/build/daf_persistence/tests/TestMapperInference-KFhZfj/repoA/filename_bar2.txt
daf.persistence.LogicalLocation DEBUG: Input string: /tmp/build/daf_persistence/tests/TestMapperInference-KFhZfj/repoB/filename_bar3.txt
daf.persistence.LogicalLocation DEBUG: Copy to: /tmp/build/daf_persistence/tests/TestMapperInference-KFhZfj/repoB/filename_bar3.txt
daf.persistence.LogicalLocation DEBUG: Input string: /tmp/build/daf_persistence/tests/TestMapperInference-KFhZfj/repoB/filename_bar3.txt
daf.persistence.LogicalLocation DEBUG: Copy to: /tmp/build/daf_persistence/tests/TestMapperInference-KFhZfj/repoB/filename_bar3.txt
daf.persistence.LogicalLocation DEBUG: Input string: /tmp/build/daf_persistence/tests/TestMapperInference-KFhZfj/repoB/filename_bar1.txt
daf.persistence.LogicalLocation DEBUG: Copy to: /tmp/build/daf_persistence/tests/TestMapperInference-KFhZfj/repoB/filename_bar1.txt
daf.persistence.LogicalLocation DEBUG: Input string: /tmp/build/daf_persistence/tests/TestMapperInference-KFhZfj/repoB/filename_bar1.txt
daf.persistence.LogicalLocation DEBUG: Copy to: /tmp/build/daf_persistence/tests/TestMapperInference-KFhZfj/repoB/filename_bar1.txt
daf.persistence.LogicalLocation DEBUG: Input string: /tmp/build/daf_persistence/tests/TestMapperInference-KFhZfj/repoA/filename_bar2.txt
daf.persistence.LogicalLocation DEBUG: Copy to: /tmp/build/daf_persistence/tests/TestMapperInference-KFhZfj/repoA/filename_bar2.txt
daf.persistence.LogicalLocation DEBUG: Input string: /tmp/build/daf_persistence/tests/TestMapperInference-KFhZfj/repoA/filename_bar2.txt
daf.persistence.LogicalLocation DEBUG: Copy to: /tmp/build/daf_persistence/tests/TestMapperInference-KFhZfj/repoA/filename_bar2.txt
daf.persistence.LogicalLocation DEBUG: Input string: /tmp/build/daf_persistence/tests/TestMapperInference-KFhZfj/repoB/filename_bar3.txt
daf.persistence.LogicalLocation DEBUG: Copy to: /tmp/build/daf_persistence/tests/TestMapperInference-KFhZfj/repoB/filename_bar3.txt
daf.persistence.LogicalLocation DEBUG: Input string: /tmp/build/daf_persistence/tests/TestMapperInference-KFhZfj/repoB/filename_bar3.txt
daf.persistence.LogicalLocation DEBUG: Copy to: /tmp/build/daf_persistence/tests/TestMapperInference-KFhZfj/repoB/filename_bar3.txt
</system-out></testcase><testcase classname="tests.test_repository.TestWriting" file="tests/test_repository.py" line="271" name="testCreateAggregateAndLoadingAChild" time="0.0135369300842"><system-out>daf.persistence.LogicalLocation DEBUG: Input string: /tmp/build/daf_persistence/tests/TestWriting-5io_Ve/repoA/filename_val1.txtMRfknB
daf.persistence.LogicalLocation DEBUG: Copy to: /tmp/build/daf_persistence/tests/TestWriting-5io_Ve/repoA/filename_val1.txtMRfknB
daf.persistence.LogicalLocation DEBUG: Input string: /tmp/build/daf_persistence/tests/TestWriting-5io_Ve/repoB/filename_val1.txthPFLl4
daf.persistence.LogicalLocation DEBUG: Copy to: /tmp/build/daf_persistence/tests/TestWriting-5io_Ve/repoB/filename_val1.txthPFLl4
daf.persistence.LogicalLocation DEBUG: Input string: /tmp/build/daf_persistence/tests/TestWriting-5io_Ve/repoA/filename_val2.txtJMmrOb
daf.persistence.LogicalLocation DEBUG: Copy to: /tmp/build/daf_persistence/tests/TestWriting-5io_Ve/repoA/filename_val2.txtJMmrOb
daf.persistence.LogicalLocation DEBUG: Input string: /tmp/build/daf_persistence/tests/TestWriting-5io_Ve/repoB/filename_val2.txt7MTbYW
daf.persistence.LogicalLocation DEBUG: Copy to: /tmp/build/daf_persistence/tests/TestWriting-5io_Ve/repoB/filename_val2.txt7MTbYW
daf.persistence.LogicalLocation DEBUG: Input string: /tmp/build/daf_persistence/tests/TestWriting-5io_Ve/repoA/filename_val1.txt
daf.persistence.LogicalLocation DEBUG: Copy to: /tmp/build/daf_persistence/tests/TestWriting-5io_Ve/repoA/filename_val1.txt
daf.persistence.LogicalLocation DEBUG: Input string: /tmp/build/daf_persistence/tests/TestWriting-5io_Ve/repoA/filename_val1.txt
daf.persistence.LogicalLocation DEBUG: Copy to: /tmp/build/daf_persistence/tests/TestWriting-5io_Ve/repoA/filename_val1.txt
daf.persistence.LogicalLocation DEBUG: Input string: /tmp/build/daf_persistence/tests/TestWriting-5io_Ve/repoA/filename_val1.txt
daf.persistence.LogicalLocation DEBUG: Copy to: /tmp/build/daf_persistence/tests/TestWriting-5io_Ve/repoA/filename_val1.txt
daf.persistence.LogicalLocation DEBUG: Input string: /tmp/build/daf_persistence/tests/TestWriting-5io_Ve/repoA/filename_val1.txt
daf.persistence.LogicalLocation DEBUG: Copy to: /tmp/build/daf_persistence/tests/TestWriting-5io_Ve/repoA/filename_val1.txt
daf.persistence.LogicalLocation DEBUG: Input string: /tmp/build/daf_persistence/tests/TestWriting-5io_Ve/repoB/filename_val2.txt
daf.persistence.LogicalLocation DEBUG: Copy to: /tmp/build/daf_persistence/tests/TestWriting-5io_Ve/repoB/filename_val2.txt
daf.persistence.LogicalLocation DEBUG: Input string: /tmp/build/daf_persistence/tests/TestWriting-5io_Ve/repoB/filename_val2.txt
daf.persistence.LogicalLocation DEBUG: Copy to: /tmp/build/daf_persistence/tests/TestWriting-5io_Ve/repoB/filename_val2.txt
daf.persistence.LogicalLocation DEBUG: Input string: /tmp/build/daf_persistence/tests/TestWriting-5io_Ve/repoB/filename_val2.txt
daf.persistence.LogicalLocation DEBUG: Copy to: /tmp/build/daf_persistence/tests/TestWriting-5io_Ve/repoB/filename_val2.txt
daf.persistence.LogicalLocation DEBUG: Input string: /tmp/build/daf_persistence/tests/TestWriting-5io_Ve/repoB/filename_val2.txt
daf.persistence.LogicalLocation DEBUG: Copy to: /tmp/build/daf_persistence/tests/TestWriting-5io_Ve/repoB/filename_val2.txt
</system-out></testcase><testcase classname="tests.test_repository.TestMapperInference" file="tests/test_repository.py" line="616" name="testMultipleParentsDifferentMappers" time="0.0127818584442"></testcase><testcase classname="tests.test_repository.TestTagging" file="tests/test_repository.py" line="433" name="testOneLevelInputs" time="0.0694496631622"><system-out>daf.persistence.LogicalLocation DEBUG: Input string: /tmp/build/daf_persistence/tests/TestTagging-cgCeSP/repo1/filename_bar1.txtue6DiI
daf.persistence.LogicalLocation DEBUG: Copy to: /tmp/build/daf_persistence/tests/TestTagging-cgCeSP/repo1/filename_bar1.txtue6DiI
daf.persistence.LogicalLocation DEBUG: Input string: /tmp/build/daf_persistence/tests/TestTagging-cgCeSP/repo2/filename_bar1.txtJdTmFZ
daf.persistence.LogicalLocation DEBUG: Copy to: /tmp/build/daf_persistence/tests/TestTagging-cgCeSP/repo2/filename_bar1.txtJdTmFZ
daf.persistence.LogicalLocation DEBUG: Input string: /tmp/build/daf_persistence/tests/TestTagging-cgCeSP/repo1/filename_bar1.txt
daf.persistence.LogicalLocation DEBUG: Copy to: /tmp/build/daf_persistence/tests/TestTagging-cgCeSP/repo1/filename_bar1.txt
daf.persistence.LogicalLocation DEBUG: Input string: /tmp/build/daf_persistence/tests/TestTagging-cgCeSP/repo1/filename_bar1.txt
daf.persistence.LogicalLocation DEBUG: Copy to: /tmp/build/daf_persistence/tests/TestTagging-cgCeSP/repo1/filename_bar1.txt
daf.persistence.LogicalLocation DEBUG: Input string: /tmp/build/daf_persistence/tests/TestTagging-cgCeSP/repo2/filename_bar1.txt
daf.persistence.LogicalLocation DEBUG: Copy to: /tmp/build/daf_persistence/tests/TestTagging-cgCeSP/repo2/filename_bar1.txt
daf.persistence.LogicalLocation DEBUG: Input string: /tmp/build/daf_persistence/tests/TestTagging-cgCeSP/repo2/filename_bar1.txt
daf.persistence.LogicalLocation DEBUG: Copy to: /tmp/build/daf_persistence/tests/TestTagging-cgCeSP/repo2/filename_bar1.txt
daf.persistence.LogicalLocation DEBUG: Input string: /tmp/build/daf_persistence/tests/TestTagging-cgCeSP/repo1/filename_bar1.txt
daf.persistence.LogicalLocation DEBUG: Copy to: /tmp/build/daf_persistence/tests/TestTagging-cgCeSP/repo1/filename_bar1.txt
daf.persistence.LogicalLocation DEBUG: Input string: /tmp/build/daf_persistence/tests/TestTagging-cgCeSP/repo1/filename_bar1.txt
daf.persistence.LogicalLocation DEBUG: Copy to: /tmp/build/daf_persistence/tests/TestTagging-cgCeSP/repo1/filename_bar1.txt
daf.persistence.LogicalLocation DEBUG: Input string: /tmp/build/daf_persistence/tests/TestTagging-cgCeSP/repo1/filename_bar1.txt
daf.persistence.LogicalLocation DEBUG: Copy to: /tmp/build/daf_persistence/tests/TestTagging-cgCeSP/repo1/filename_bar1.txt
daf.persistence.LogicalLocation DEBUG: Input string: /tmp/build/daf_persistence/tests/TestTagging-cgCeSP/repo1/filename_bar1.txt
daf.persistence.LogicalLocation DEBUG: Copy to: /tmp/build/daf_persistence/tests/TestTagging-cgCeSP/repo1/filename_bar1.txt
daf.persistence.LogicalLocation DEBUG: Input string: /tmp/build/daf_persistence/tests/TestTagging-cgCeSP/repo2/filename_bar1.txt
daf.persistence.LogicalLocation DEBUG: Copy to: /tmp/build/daf_persistence/tests/TestTagging-cgCeSP/repo2/filename_bar1.txt
daf.persistence.LogicalLocation DEBUG: Input string: /tmp/build/daf_persistence/tests/TestTagging-cgCeSP/repo2/filename_bar1.txt
daf.persistence.LogicalLocation DEBUG: Copy to: /tmp/build/daf_persistence/tests/TestTagging-cgCeSP/repo2/filename_bar1.txt
daf.persistence.LogicalLocation DEBUG: Input string: /tmp/build/daf_persistence/tests/TestTagging-cgCeSP/repo2/filename_bar1.txt
daf.persistence.LogicalLocation DEBUG: Copy to: /tmp/build/daf_persistence/tests/TestTagging-cgCeSP/repo2/filename_bar1.txt
daf.persistence.LogicalLocation DEBUG: Input string: /tmp/build/daf_persistence/tests/TestTagging-cgCeSP/repo2/filename_bar1.txt
daf.persistence.LogicalLocation DEBUG: Copy to: /tmp/build/daf_persistence/tests/TestTagging-cgCeSP/repo2/filename_bar1.txt
daf.persistence.LogicalLocation DEBUG: Input string: /tmp/build/daf_persistence/tests/TestTagging-cgCeSP/repo1/filename_bar1.txt
daf.persistence.LogicalLocation DEBUG: Copy to: /tmp/build/daf_persistence/tests/TestTagging-cgCeSP/repo1/filename_bar1.txt
daf.persistence.LogicalLocation DEBUG: Input string: /tmp/build/daf_persistence/tests/TestTagging-cgCeSP/repo1/filename_bar1.txt
daf.persistence.LogicalLocation DEBUG: Copy to: /tmp/build/daf_persistence/tests/TestTagging-cgCeSP/repo1/filename_bar1.txt
daf.persistence.LogicalLocation DEBUG: Input string: /tmp/build/daf_persistence/tests/TestTagging-cgCeSP/repo2/filename_bar1.txt
daf.persistence.LogicalLocation DEBUG: Copy to: /tmp/build/daf_persistence/tests/TestTagging-cgCeSP/repo2/filename_bar1.txt
daf.persistence.LogicalLocation DEBUG: Input string: /tmp/build/daf_persistence/tests/TestTagging-cgCeSP/repo2/filename_bar1.txt
daf.persistence.LogicalLocation DEBUG: Copy to: /tmp/build/daf_persistence/tests/TestTagging-cgCeSP/repo2/filename_bar1.txt
daf.persistence.LogicalLocation DEBUG: Input string: /tmp/build/daf_persistence/tests/TestTagging-cgCeSP/repo1/filename_bar1.txt
daf.persistence.LogicalLocation DEBUG: Copy to: /tmp/build/daf_persistence/tests/TestTagging-cgCeSP/repo1/filename_bar1.txt
daf.persistence.LogicalLocation DEBUG: Input string: /tmp/build/daf_persistence/tests/TestTagging-cgCeSP/repo1/filename_bar1.txt
daf.persistence.LogicalLocation DEBUG: Copy to: /tmp/build/daf_persistence/tests/TestTagging-cgCeSP/repo1/filename_bar1.txt
daf.persistence.LogicalLocation DEBUG: Input string: /tmp/build/daf_persistence/tests/TestTagging-cgCeSP/repo3/filename_bar1.txtTKFFSD
daf.persistence.LogicalLocation DEBUG: Copy to: /tmp/build/daf_persistence/tests/TestTagging-cgCeSP/repo3/filename_bar1.txtTKFFSD
daf.persistence.LogicalLocation DEBUG: Input string: /tmp/build/daf_persistence/tests/TestTagging-cgCeSP/repo3/filename_bar1.txt
daf.persistence.LogicalLocation DEBUG: Copy to: /tmp/build/daf_persistence/tests/TestTagging-cgCeSP/repo3/filename_bar1.txt
daf.persistence.LogicalLocation DEBUG: Input string: /tmp/build/daf_persistence/tests/TestTagging-cgCeSP/repo3/filename_bar1.txt
daf.persistence.LogicalLocation DEBUG: Copy to: /tmp/build/daf_persistence/tests/TestTagging-cgCeSP/repo3/filename_bar1.txt
daf.persistence.LogicalLocation DEBUG: Input string: /tmp/build/daf_persistence/tests/TestTagging-cgCeSP/repo1/filename_bar1.txt
daf.persistence.LogicalLocation DEBUG: Copy to: /tmp/build/daf_persistence/tests/TestTagging-cgCeSP/repo1/filename_bar1.txt
daf.persistence.LogicalLocation DEBUG: Input string: /tmp/build/daf_persistence/tests/TestTagging-cgCeSP/repo1/filename_bar1.txt
daf.persistence.LogicalLocation DEBUG: Copy to: /tmp/build/daf_persistence/tests/TestTagging-cgCeSP/repo1/filename_bar1.txt
daf.persistence.LogicalLocation DEBUG: Input string: /tmp/build/daf_persistence/tests/TestTagging-cgCeSP/repo2/filename_bar1.txt
daf.persistence.LogicalLocation DEBUG: Copy to: /tmp/build/daf_persistence/tests/TestTagging-cgCeSP/repo2/filename_bar1.txt
daf.persistence.LogicalLocation DEBUG: Input string: /tmp/build/daf_persistence/tests/TestTagging-cgCeSP/repo2/filename_bar1.txt
daf.persistence.LogicalLocation DEBUG: Copy to: /tmp/build/daf_persistence/tests/TestTagging-cgCeSP/repo2/filename_bar1.txt
daf.persistence.LogicalLocation DEBUG: Input string: /tmp/build/daf_persistence/tests/TestTagging-cgCeSP/repo4/filename_bar2.txt2knHZG
daf.persistence.LogicalLocation DEBUG: Copy to: /tmp/build/daf_persistence/tests/TestTagging-cgCeSP/repo4/filename_bar2.txt2knHZG
daf.persistence.LogicalLocation DEBUG: Input string: /tmp/build/daf_persistence/tests/TestTagging-cgCeSP/repo5/filename_bar1.txtIJEd47
daf.persistence.LogicalLocation DEBUG: Copy to: /tmp/build/daf_persistence/tests/TestTagging-cgCeSP/repo5/filename_bar1.txtIJEd47
daf.persistence.LogicalLocation DEBUG: Input string: /tmp/build/daf_persistence/tests/TestTagging-cgCeSP/repo1/filename_bar1.txt
daf.persistence.LogicalLocation DEBUG: Copy to: /tmp/build/daf_persistence/tests/TestTagging-cgCeSP/repo1/filename_bar1.txt
daf.persistence.LogicalLocation DEBUG: Input string: /tmp/build/daf_persistence/tests/TestTagging-cgCeSP/repo1/filename_bar1.txt
daf.persistence.LogicalLocation DEBUG: Copy to: /tmp/build/daf_persistence/tests/TestTagging-cgCeSP/repo1/filename_bar1.txt
daf.persistence.LogicalLocation DEBUG: Input string: /tmp/build/daf_persistence/tests/TestTagging-cgCeSP/repo4/filename_bar2.txt
daf.persistence.LogicalLocation DEBUG: Copy to: /tmp/build/daf_persistence/tests/TestTagging-cgCeSP/repo4/filename_bar2.txt
daf.persistence.LogicalLocation DEBUG: Input string: /tmp/build/daf_persistence/tests/TestTagging-cgCeSP/repo4/filename_bar2.txt
daf.persistence.LogicalLocation DEBUG: Copy to: /tmp/build/daf_persistence/tests/TestTagging-cgCeSP/repo4/filename_bar2.txt
daf.persistence.LogicalLocation DEBUG: Input string: /tmp/build/daf_persistence/tests/TestTagging-cgCeSP/repo1/filename_bar1.txt
daf.persistence.LogicalLocation DEBUG: Copy to: /tmp/build/daf_persistence/tests/TestTagging-cgCeSP/repo1/filename_bar1.txt
daf.persistence.LogicalLocation DEBUG: Input string: /tmp/build/daf_persistence/tests/TestTagging-cgCeSP/repo1/filename_bar1.txt
daf.persistence.LogicalLocation DEBUG: Copy to: /tmp/build/daf_persistence/tests/TestTagging-cgCeSP/repo1/filename_bar1.txt
daf.persistence.LogicalLocation DEBUG: Input string: /tmp/build/daf_persistence/tests/TestTagging-cgCeSP/repo5/filename_bar1.txt
daf.persistence.LogicalLocation DEBUG: Copy to: /tmp/build/daf_persistence/tests/TestTagging-cgCeSP/repo5/filename_bar1.txt
daf.persistence.LogicalLocation DEBUG: Input string: /tmp/build/daf_persistence/tests/TestTagging-cgCeSP/repo5/filename_bar1.txt
daf.persistence.LogicalLocation DEBUG: Copy to: /tmp/build/daf_persistence/tests/TestTagging-cgCeSP/repo5/filename_bar1.txt
daf.persistence.LogicalLocation DEBUG: Input string: /tmp/build/daf_persistence/tests/TestTagging-cgCeSP/repo5/filename_bar1.txt
daf.persistence.LogicalLocation DEBUG: Copy to: /tmp/build/daf_persistence/tests/TestTagging-cgCeSP/repo5/filename_bar1.txt
daf.persistence.LogicalLocation DEBUG: Input string: /tmp/build/daf_persistence/tests/TestTagging-cgCeSP/repo5/filename_bar1.txt
daf.persistence.LogicalLocation DEBUG: Copy to: /tmp/build/daf_persistence/tests/TestTagging-cgCeSP/repo5/filename_bar1.txt
daf.persistence.LogicalLocation DEBUG: Input string: /tmp/build/daf_persistence/tests/TestTagging-cgCeSP/repo4/filename_bar2.txt
daf.persistence.LogicalLocation DEBUG: Copy to: /tmp/build/daf_persistence/tests/TestTagging-cgCeSP/repo4/filename_bar2.txt
daf.persistence.LogicalLocation DEBUG: Input string: /tmp/build/daf_persistence/tests/TestTagging-cgCeSP/repo4/filename_bar2.txt
daf.persistence.LogicalLocation DEBUG: Copy to: /tmp/build/daf_persistence/tests/TestTagging-cgCeSP/repo4/filename_bar2.txt
daf.persistence.LogicalLocation DEBUG: Input string: /tmp/build/daf_persistence/tests/TestTagging-cgCeSP/repo1/filename_bar1.txt
daf.persistence.LogicalLocation DEBUG: Copy to: /tmp/build/daf_persistence/tests/TestTagging-cgCeSP/repo1/filename_bar1.txt
daf.persistence.LogicalLocation DEBUG: Input string: /tmp/build/daf_persistence/tests/TestTagging-cgCeSP/repo1/filename_bar1.txt
daf.persistence.LogicalLocation DEBUG: Copy to: /tmp/build/daf_persistence/tests/TestTagging-cgCeSP/repo1/filename_bar1.txt
daf.persistence.LogicalLocation DEBUG: Input string: /tmp/build/daf_persistence/tests/TestTagging-cgCeSP/repo5/filename_bar1.txt
daf.persistence.LogicalLocation DEBUG: Copy to: /tmp/build/daf_persistence/tests/TestTagging-cgCeSP/repo5/filename_bar1.txt
daf.persistence.LogicalLocation DEBUG: Input string: /tmp/build/daf_persistence/tests/TestTagging-cgCeSP/repo5/filename_bar1.txt
daf.persistence.LogicalLocation DEBUG: Copy to: /tmp/build/daf_persistence/tests/TestTagging-cgCeSP/repo5/filename_bar1.txt
</system-out></testcase><testcase classname="tests.test_registry.TestMemory" file="../../../opt/lsst/software/stack/Linux64/utils/13.0-8-gb7ca535+e978158b25/python/lsst/utils/tests.py" line="142" name="testLeaks" time="0.0346038341522"></testcase><testcase classname="tests.test_repository.TestMasking" file="tests/test_repository.py" line="316" name="test" time="0.011500120163"><system-out>daf.persistence.LogicalLocation DEBUG: Input string: /tmp/build/daf_persistence/tests/TestMasking-WqV8Jp/repoA/filename_bar1.txtgy3vI5
daf.persistence.LogicalLocation DEBUG: Copy to: /tmp/build/daf_persistence/tests/TestMasking-WqV8Jp/repoA/filename_bar1.txtgy3vI5
daf.persistence.LogicalLocation DEBUG: Input string: /tmp/build/daf_persistence/tests/TestMasking-WqV8Jp/repoA/filename_bar1.txt
daf.persistence.LogicalLocation DEBUG: Copy to: /tmp/build/daf_persistence/tests/TestMasking-WqV8Jp/repoA/filename_bar1.txt
daf.persistence.LogicalLocation DEBUG: Input string: /tmp/build/daf_persistence/tests/TestMasking-WqV8Jp/repoA/filename_bar1.txt
daf.persistence.LogicalLocation DEBUG: Copy to: /tmp/build/daf_persistence/tests/TestMasking-WqV8Jp/repoA/filename_bar1.txt
daf.persistence.LogicalLocation DEBUG: Input string: /tmp/build/daf_persistence/tests/TestMasking-WqV8Jp/repoB/filename_bar1.txtm1dVfe
daf.persistence.LogicalLocation DEBUG: Copy to: /tmp/build/daf_persistence/tests/TestMasking-WqV8Jp/repoB/filename_bar1.txtm1dVfe
daf.persistence.LogicalLocation DEBUG: Input string: /tmp/build/daf_persistence/tests/TestMasking-WqV8Jp/repoB/filename_bar1.txt
daf.persistence.LogicalLocation DEBUG: Copy to: /tmp/build/daf_persistence/tests/TestMasking-WqV8Jp/repoB/filename_bar1.txt
daf.persistence.LogicalLocation DEBUG: Input string: /tmp/build/daf_persistence/tests/TestMasking-WqV8Jp/repoB/filename_bar1.txt
daf.persistence.LogicalLocation DEBUG: Copy to: /tmp/build/daf_persistence/tests/TestMasking-WqV8Jp/repoB/filename_bar1.txt
</system-out></testcase><testcase classname="tests.test_posixStorage.MemoryTester" file="../../../opt/lsst/software/stack/Linux64/utils/13.0-8-gb7ca535+e978158b25/python/lsst/utils/tests.py" line="142" name="testLeaks" time="0.0369293689728"></testcase><testcase classname="tests.test_repository.TestMapperInference" file="tests/test_repository.py" line="587" name="testMultipleParentsSameMapper" time="0.012323141098"></testcase><testcase classname="tests.test_posixStorage.GetParentFromSymlink" file="tests/test_posixStorage.py" line="59" name="testV1RepoWithParen" time="0.00116014480591"></testcase><testcase classname="tests.test_posixStorage.GetParentFromSymlink" file="tests/test_posixStorage.py" line="63" name="testV1RepoWithoutParent" time="0.000852823257446"></testcase><testcase classname="tests.test_repository.TestMultipleOutputsPut" file="tests/test_repository.py" line="353" name="test" time="0.0115311145782"><system-out>daf.persistence.LogicalLocation DEBUG: Input string: /tmp/build/daf_persistence/tests/TestMultipleOutputsPut-b6nEtg/repoA/filename_bar1.txtBh7yMI
daf.persistence.LogicalLocation DEBUG: Copy to: /tmp/build/daf_persistence/tests/TestMultipleOutputsPut-b6nEtg/repoA/filename_bar1.txtBh7yMI
daf.persistence.LogicalLocation DEBUG: Input string: /tmp/build/daf_persistence/tests/TestMultipleOutputsPut-b6nEtg/repoB/filename_bar1.txtIweFc2
daf.persistence.LogicalLocation DEBUG: Copy to: /tmp/build/daf_persistence/tests/TestMultipleOutputsPut-b6nEtg/repoB/filename_bar1.txtIweFc2
daf.persistence.LogicalLocation DEBUG: Input string: /tmp/build/daf_persistence/tests/TestMultipleOutputsPut-b6nEtg/repoA/filename_bar1.txt
daf.persistence.LogicalLocation DEBUG: Copy to: /tmp/build/daf_persistence/tests/TestMultipleOutputsPut-b6nEtg/repoA/filename_bar1.txt
daf.persistence.LogicalLocation DEBUG: Input string: /tmp/build/daf_persistence/tests/TestMultipleOutputsPut-b6nEtg/repoA/filename_bar1.txt
daf.persistence.LogicalLocation DEBUG: Copy to: /tmp/build/daf_persistence/tests/TestMultipleOutputsPut-b6nEtg/repoA/filename_bar1.txt
daf.persistence.LogicalLocation DEBUG: Input string: /tmp/build/daf_persistence/tests/TestMultipleOutputsPut-b6nEtg/repoB/filename_bar1.txt
daf.persistence.LogicalLocation DEBUG: Copy to: /tmp/build/daf_persistence/tests/TestMultipleOutputsPut-b6nEtg/repoB/filename_bar1.txt
daf.persistence.LogicalLocation DEBUG: Input string: /tmp/build/daf_persistence/tests/TestMultipleOutputsPut-b6nEtg/repoB/filename_bar1.txt
daf.persistence.LogicalLocation DEBUG: Copy to: /tmp/build/daf_persistence/tests/TestMultipleOutputsPut-b6nEtg/repoB/filename_bar1.txt
</system-out></testcase><testcase classname="tests.test_repository.TestOutputAlreadyHasParent" file="tests/test_repository.py" line="682" name="test" time="0.0648300647736"></testcase><testcase classname="tests.test_repository.TestParentRepository" file="tests/test_repository.py" line="776" name="test" time="0.0470781326294"></testcase><testcase classname="tests.test_repository.TestOldButlerParent" file="tests/test_repository.py" line="836" name="testOldButlerCfgRecordedInOutputs" time="0.0252180099487"></testcase><testcase classname="tests.test_reposInButler.ReposInButler" file="../../../opt/lsst/software/stack/miniconda2-4.2.12/lib/python2.7/unittest/case.py" line="87" name="test" time="0.00206899642944"><skipped message="expected test failure">reason: </skipped></testcase><testcase classname="tests.test_registry.PosixRegistryTestCase" file="tests/test_registry.py" line="35" name="test1" time="0.00350093841553"></testcase><testcase classname="tests.test_repositoryArgs.DefaultMapper" file="tests/test_repositoryArgs.py" line="73" name="testClassObjAndMatchingString" time="0.0102334022522"></testcase><testcase classname="tests.test_repository.MemoryTester" file="../../../opt/lsst/software/stack/Linux64/utils/13.0-8-gb7ca535+e978158b25/python/lsst/utils/tests.py" line="142" name="testLeaks" time="0.0351469516754"></testcase><testcase classname="tests.test_repository.TestMapperInference" file="tests/test_repository.py" line="568" name="testSingleParent" time="0.00730419158936"></testcase><testcase classname="tests.test_repositoryArgs.DefaultMapper" file="tests/test_repositoryArgs.py" line="102" name="testClassObjAndNotMatchingInstance" time="0.00982713699341"></testcase><testcase classname="tests.test_repositoryArgs.DefaultMapper" file="tests/test_repositoryArgs.py" line="95" name="testClassObjAndMatchingInstance" time="0.0101289749146"></testcase><testcase classname="tests.test_repository.TestOldButlerParentTagging" file="tests/test_repository.py" line="893" name="test" time="0.0336949825287"><system-out>daf.persistence.LogicalLocation DEBUG: Input string: /tmp/build/daf_persistence/tests/TestOldButlerParentTagging-YzTxX7/repoA/filename_bar1.txtEEsHta
daf.persistence.LogicalLocation DEBUG: Copy to: /tmp/build/daf_persistence/tests/TestOldButlerParentTagging-YzTxX7/repoA/filename_bar1.txtEEsHta
daf.persistence.LogicalLocation DEBUG: Input string: /tmp/build/daf_persistence/tests/TestOldButlerParentTagging-YzTxX7/repoB/filename_bar2.txt59WmtV
daf.persistence.LogicalLocation DEBUG: Copy to: /tmp/build/daf_persistence/tests/TestOldButlerParentTagging-YzTxX7/repoB/filename_bar2.txt59WmtV
daf.persistence.LogicalLocation DEBUG: Input string: /tmp/build/daf_persistence/tests/TestOldButlerParentTagging-YzTxX7/repoA/filename_bar1.txt
daf.persistence.LogicalLocation DEBUG: Copy to: /tmp/build/daf_persistence/tests/TestOldButlerParentTagging-YzTxX7/repoA/filename_bar1.txt
daf.persistence.LogicalLocation DEBUG: Input string: /tmp/build/daf_persistence/tests/TestOldButlerParentTagging-YzTxX7/repoA/filename_bar1.txt
daf.persistence.LogicalLocation DEBUG: Copy to: /tmp/build/daf_persistence/tests/TestOldButlerParentTagging-YzTxX7/repoA/filename_bar1.txt
daf.persistence.LogicalLocation DEBUG: Input string: /tmp/build/daf_persistence/tests/TestOldButlerParentTagging-YzTxX7/repoB/filename_bar2.txt
daf.persistence.LogicalLocation DEBUG: Copy to: /tmp/build/daf_persistence/tests/TestOldButlerParentTagging-YzTxX7/repoB/filename_bar2.txt
daf.persistence.LogicalLocation DEBUG: Input string: /tmp/build/daf_persistence/tests/TestOldButlerParentTagging-YzTxX7/repoB/filename_bar2.txt
daf.persistence.LogicalLocation DEBUG: Copy to: /tmp/build/daf_persistence/tests/TestOldButlerParentTagging-YzTxX7/repoB/filename_bar2.txt
daf.persistence.LogicalLocation DEBUG: Input string: /tmp/build/daf_persistence/tests/TestOldButlerParentTagging-YzTxX7/repoA/filename_bar1.txt
daf.persistence.LogicalLocation DEBUG: Copy to: /tmp/build/daf_persistence/tests/TestOldButlerParentTagging-YzTxX7/repoA/filename_bar1.txt
daf.persistence.LogicalLocation DEBUG: Input string: /tmp/build/daf_persistence/tests/TestOldButlerParentTagging-YzTxX7/repoA/filename_bar1.txt
daf.persistence.LogicalLocation DEBUG: Copy to: /tmp/build/daf_persistence/tests/TestOldButlerParentTagging-YzTxX7/repoA/filename_bar1.txt
daf.persistence.LogicalLocation DEBUG: Input string: /tmp/build/daf_persistence/tests/TestOldButlerParentTagging-YzTxX7/repoB/filename_bar2.txt
daf.persistence.LogicalLocation DEBUG: Copy to: /tmp/build/daf_persistence/tests/TestOldButlerParentTagging-YzTxX7/repoB/filename_bar2.txt
daf.persistence.LogicalLocation DEBUG: Input string: /tmp/build/daf_persistence/tests/TestOldButlerParentTagging-YzTxX7/repoB/filename_bar2.txt
daf.persistence.LogicalLocation DEBUG: Copy to: /tmp/build/daf_persistence/tests/TestOldButlerParentTagging-YzTxX7/repoB/filename_bar2.txt
daf.persistence.LogicalLocation DEBUG: Input string: /tmp/build/daf_persistence/tests/TestOldButlerParentTagging-YzTxX7/repoC/filename_bar3.txt22LPol
daf.persistence.LogicalLocation DEBUG: Copy to: /tmp/build/daf_persistence/tests/TestOldButlerParentTagging-YzTxX7/repoC/filename_bar3.txt22LPol
daf.persistence.LogicalLocation DEBUG: Input string: /tmp/build/daf_persistence/tests/TestOldButlerParentTagging-YzTxX7/repoA/filename_bar1.txt
daf.persistence.LogicalLocation DEBUG: Copy to: /tmp/build/daf_persistence/tests/TestOldButlerParentTagging-YzTxX7/repoA/filename_bar1.txt
daf.persistence.LogicalLocation DEBUG: Input string: /tmp/build/daf_persistence/tests/TestOldButlerParentTagging-YzTxX7/repoA/filename_bar1.txt
daf.persistence.LogicalLocation DEBUG: Copy to: /tmp/build/daf_persistence/tests/TestOldButlerParentTagging-YzTxX7/repoA/filename_bar1.txt
daf.persistence.LogicalLocation DEBUG: Input string: /tmp/build/daf_persistence/tests/TestOldButlerParentTagging-YzTxX7/repoB/filename_bar2.txt
daf.persistence.LogicalLocation DEBUG: Copy to: /tmp/build/daf_persistence/tests/TestOldButlerParentTagging-YzTxX7/repoB/filename_bar2.txt
daf.persistence.LogicalLocation DEBUG: Input string: /tmp/build/daf_persistence/tests/TestOldButlerParentTagging-YzTxX7/repoB/filename_bar2.txt
daf.persistence.LogicalLocation DEBUG: Copy to: /tmp/build/daf_persistence/tests/TestOldButlerParentTagging-YzTxX7/repoB/filename_bar2.txt
daf.persistence.LogicalLocation DEBUG: Input string: /tmp/build/daf_persistence/tests/TestOldButlerParentTagging-YzTxX7/repoC/filename_bar3.txt
daf.persistence.LogicalLocation DEBUG: Copy to: /tmp/build/daf_persistence/tests/TestOldButlerParentTagging-YzTxX7/repoC/filename_bar3.txt
daf.persistence.LogicalLocation DEBUG: Input string: /tmp/build/daf_persistence/tests/TestOldButlerParentTagging-YzTxX7/repoC/filename_bar3.txt
daf.persistence.LogicalLocation DEBUG: Copy to: /tmp/build/daf_persistence/tests/TestOldButlerParentTagging-YzTxX7/repoC/filename_bar3.txt
daf.persistence.LogicalLocation DEBUG: Input string: /tmp/build/daf_persistence/tests/TestOldButlerParentTagging-YzTxX7/repoA/filename_bar1.txt
daf.persistence.LogicalLocation DEBUG: Copy to: /tmp/build/daf_persistence/tests/TestOldButlerParentTagging-YzTxX7/repoA/filename_bar1.txt
daf.persistence.LogicalLocation DEBUG: Input string: /tmp/build/daf_persistence/tests/TestOldButlerParentTagging-YzTxX7/repoA/filename_bar1.txt
daf.persistence.LogicalLocation DEBUG: Copy to: /tmp/build/daf_persistence/tests/TestOldButlerParentTagging-YzTxX7/repoA/filename_bar1.txt
daf.persistence.LogicalLocation DEBUG: Input string: /tmp/build/daf_persistence/tests/TestOldButlerParentTagging-YzTxX7/repoB/filename_bar2.txt
daf.persistence.LogicalLocation DEBUG: Copy to: /tmp/build/daf_persistence/tests/TestOldButlerParentTagging-YzTxX7/repoB/filename_bar2.txt
daf.persistence.LogicalLocation DEBUG: Input string: /tmp/build/daf_persistence/tests/TestOldButlerParentTagging-YzTxX7/repoB/filename_bar2.txt
daf.persistence.LogicalLocation DEBUG: Copy to: /tmp/build/daf_persistence/tests/TestOldButlerParentTagging-YzTxX7/repoB/filename_bar2.txt
daf.persistence.LogicalLocation DEBUG: Input string: /tmp/build/daf_persistence/tests/TestOldButlerParentTagging-YzTxX7/repoC/filename_bar3.txt
daf.persistence.LogicalLocation DEBUG: Copy to: /tmp/build/daf_persistence/tests/TestOldButlerParentTagging-YzTxX7/repoC/filename_bar3.txt
daf.persistence.LogicalLocation DEBUG: Input string: /tmp/build/daf_persistence/tests/TestOldButlerParentTagging-YzTxX7/repoC/filename_bar3.txt
daf.persistence.LogicalLocation DEBUG: Copy to: /tmp/build/daf_persistence/tests/TestOldButlerParentTagging-YzTxX7/repoC/filename_bar3.txt
</system-out></testcase><testcase classname="tests.test_repository.TestMovedRepositoryCfg" file="tests/test_repository.py" line="657" name="test" time="0.00579285621643"></testcase><testcase classname="tests.test_repositoryArgs.DefaultMapper" file="tests/test_repositoryArgs.py" line="84" name="testInstanceAndMatchingString" time="0.00965619087219"></testcase><testcase classname="tests.test_repositoryArgs.ParseRootURI" file="tests/test_repositoryArgs.py" line="133" name="testAbsoluteFilePathWithoutSchema" time="0.00573396682739"></testcase><testcase classname="tests.test_repositoryArgs.DefaultMapper" file="tests/test_repositoryArgs.py" line="90" name="testInstanceAndNotMatchingString" time="0.0098180770874"></testcase><testcase classname="tests.test_repository.MemoryTester" file="../../../opt/lsst/software/stack/Linux64/utils/13.0-8-gb7ca535+e978158b25/python/lsst/utils/tests.py" line="162" name="testFileDescriptorLeaks" time="0.038049697876"></testcase><testcase classname="tests.test_repositoryArgs.DefaultMapper" file="tests/test_repositoryArgs.py" line="79" name="testClassObjAndNotMatchingString" time="0.0107171535492"></testcase><testcase classname="tests.test_repositoryArgs.MemoryTester" file="../../../opt/lsst/software/stack/Linux64/utils/13.0-8-gb7ca535+e978158b25/python/lsst/utils/tests.py" line="162" name="testFileDescriptorLeaks" time="0.0374147891998"></testcase><testcase classname="tests.test_repositoryArgs.ParseRootURI" file="tests/test_repositoryArgs.py" line="145" name="testRelativeFilePath" time="0.0052490234375"></testcase><testcase classname="tests.test_repositoryArgs.MemoryTester" file="../../../opt/lsst/software/stack/Linux64/utils/13.0-8-gb7ca535+e978158b25/python/lsst/utils/tests.py" line="142" name="testLeaks" time="0.0377180576324"></testcase><testcase classname="tests.test_repositoryCfg.TestCfgRelationship" file="tests/test_repositoryCfg.py" line="48" name="testRWModes" time="0.0157518386841"></testcase><testcase classname="tests.test_repositoryCfg.TestCfgRelationship" file="tests/test_repositoryCfg.py" line="133" name="testSymLinkInPath" time="0.0132913589478"></testcase><testcase classname="tests.test_repositoryArgs.ParseRootURI" file="tests/test_repositoryArgs.py" line="119" name="testAbsoluteFilePathWithSchema" time="0.00754117965698"></testcase><testcase classname="tests.test_repositoryCfg.TestExtendParents" file="tests/test_repositoryCfg.py" line="237" name="test" time="0.00108480453491"></testcase><testcase classname="tests.test_repositoryCfg.TestCfgFileVersion" file="tests/test_repositoryCfg.py" line="226" name="test" time="0.00176811218262"></testcase><testcase classname="tests.test_repositoryCfg.TestMapperArgsNone" file="tests/test_repositoryCfg.py" line="250" name="test" time="0.00180888175964"></testcase><testcase classname="tests.test_repositoryCfg.MemoryTester" file="../../../opt/lsst/software/stack/Linux64/utils/13.0-8-gb7ca535+e978158b25/python/lsst/utils/tests.py" line="162" name="testFileDescriptorLeaks" time="0.0389330387115"></testcase><testcase classname="tests.test_repositoryCfg.MemoryTester" file="../../../opt/lsst/software/stack/Linux64/utils/13.0-8-gb7ca535+e978158b25/python/lsst/utils/tests.py" line="142" name="testLeaks" time="0.0401787757874"></testcase><testcase classname="tests.test_repositoryCfg.TestCfgRelationship" file="tests/test_repositoryCfg.py" line="74" name="testExistingParents" time="0.0591769218445"></testcase><testcase classname="tests.test_safeFileIo.WriteOnceCompareSameTest" file="tests/test_safeFileIo.py" line="67" name="testCompareDifferent" time="0.00224089622498"></testcase><testcase classname="tests.test_repositoryCfg.TestCfgRelationship" file="tests/test_repositoryCfg.py" line="158" name="testStorageRepoCfgCache" time="0.00676798820496"></testcase><testcase classname="tests.test_safeFileIo.WriteOnceCompareSameTest" file="tests/test_safeFileIo.py" line="81" name="testPermissions" time="0.000775337219238"></testcase><testcase classname="tests.test_safeFileIo.MemoryTester" file="../../../opt/lsst/software/stack/Linux64/utils/13.0-8-gb7ca535+e978158b25/python/lsst/utils/tests.py" line="162" name="testFileDescriptorLeaks" time="0.0560393333435"></testcase><testcase classname="tests.test_repositoryCfg.TestNestedCfg" file="tests/test_repositoryCfg.py" line="180" name="test" time="0.00822806358337"></testcase><testcase classname="tests.test_safeFileIo.TestOneThousandWriters" file="tests/test_safeFileIo.py" line="168" name="testWriteCfg" time="1.53112792969"></testcase><testcase classname="tests.test_safeFileIo.MemoryTester" file="../../../opt/lsst/software/stack/Linux64/utils/13.0-8-gb7ca535+e978158b25/python/lsst/utils/tests.py" line="142" name="testLeaks" time="0.0471243858337"></testcase><testcase classname="tests.test_butlerAlias.TestMemory" file="../../../opt/lsst/software/stack/Linux64/utils/13.0-8-gb7ca535+e978158b25/python/lsst/utils/tests.py" line="142" name="testLeaks" time="0.0550539493561"></testcase><testcase classname="tests.test_safeFileIo.WriteOnceCompareSameTest" file="tests/test_safeFileIo.py" line="52" name="testCompareSame" time="0.00182890892029"></testcase><testcase classname="tests.test_safeFileIo.TestFileLocking" file="tests/test_safeFileIo.py" line="135" name="testNoChange" time="0.00136089324951"></testcase><testcase classname="tests.tests_Persistence_1.DbPersistence1TestCase" file="tests/tests_Persistence_1.py" line="35" name="testPersistence1" time="0.0022668838501"><system-out>daf.persistence.LogicalLocation DEBUG: Input string: /tmp/build/daf_persistence/tests/data/test.boost
daf.persistence.LogicalLocation DEBUG: Copy to: /tmp/build/daf_persistence/tests/data/test.boost
</system-out></testcase><testcase classname="tests.tests_Persistence_1.TestMemory" file="../../../opt/lsst/software/stack/Linux64/utils/13.0-8-gb7ca535+e978158b25/python/lsst/utils/tests.py" line="162" name="testFileDescriptorLeaks" time="0.055632352829"></testcase><testcase classname="tests.tests_Persistence_1.TestMemory" file="../../../opt/lsst/software/stack/Linux64/utils/13.0-8-gb7ca535+e978158b25/python/lsst/utils/tests.py" line="142" name="testLeaks" time="0.0580778121948"></testcase><testcase classname="tests.test_safeFileIo.TestFileLocking" file="tests/test_safeFileIo.py" line="113" name="testWriteLock" time="1.01823997498"></testcase><testcase classname="tests.test_utils.TestUtils" file="tests/test_utils.py" line="37" name="testSequencify" time="0.00176215171814"></testcase><testcase classname="tests.test_utils.MemoryTester" file="../../../opt/lsst/software/stack/Linux64/utils/13.0-8-gb7ca535+e978158b25/python/lsst/utils/tests.py" line="142" name="testLeaks" time="0.0421860218048"></testcase><testcase classname="tests.tests_Persistence_2.TestMemory" file="../../../opt/lsst/software/stack/Linux64/utils/13.0-8-gb7ca535+e978158b25/python/lsst/utils/tests.py" line="142" name="testLeaks" time="0.0292587280273"></testcase><testcase classname="tests.test_repository.TestBasics" file="tests/test_repository.py" line="160" name="testGet" time="0.100890159607"></testcase><testcase classname="tests.tests_Persistence_2.DbPersistence2TestCase" file="tests/tests_Persistence_2.py" line="65" name="test2" time="0.00102829933167"><skipped message="Database authenticator unavailable.  Skipping test." type="pytest.skip">tests/tests_Persistence_2.py:65: &lt;py._xmlgen.raw object at 0x7fdeec212810&gt;</skipped></testcase><testcase classname="tests.tests_Persistence_2.TestMemory" file="../../../opt/lsst/software/stack/Linux64/utils/13.0-8-gb7ca535+e978158b25/python/lsst/utils/tests.py" line="162" name="testFileDescriptorLeaks" time="0.0289769172668"></testcase><testcase classname="tests.tests_Persistence_2.DbPersistence2TestCase" file="tests/tests_Persistence_2.py" line="38" name="test1" time="0.00102114677429"><skipped message="Database authenticator unavailable.  Skipping test." type="pytest.skip">tests/tests_Persistence_2.py:38: &lt;py._xmlgen.raw object at 0x7fdeec212c90&gt;</skipped></testcase><testcase classname="tests.tests_Persistence_2.DbPersistence2TestCase" file="tests/tests_Persistence_2.py" line="96" name="test3" time="0.00130796432495"><skipped message="Database authenticator unavailable.  Skipping test." type="pytest.skip">tests/tests_Persistence_2.py:96: &lt;py._xmlgen.raw object at 0x7fdeec212bd0&gt;</skipped></testcase><testcase classname="tests.test_utils.MemoryTester" file="../../../opt/lsst/software/stack/Linux64/utils/13.0-8-gb7ca535+e978158b25/python/lsst/utils/tests.py" line="162" name="testFileDescriptorLeaks" time="0.0375652313232"></testcase><testcase classname="tests.test_butlerSubset.ButlerSubsetTestCase" file="tests/test_butlerSubset.py" line="227" name="testCompleteDataRef" time="0.00767707824707"><system-out>daf.persistence.LogicalLocation DEBUG: Input string: raw_v314159_Rab_Scd_Cef_E009.pickle
daf.persistence.LogicalLocation DEBUG: Copy to: raw_v314159_Rab_Scd_Cef_E009.pickle
</system-out></testcase></testsuite>