<?xml version="1.0" encoding="utf-8"?><testsuite errors="0" failures="0" name="pytest" skips="0" tests="6" time="1.069"><testcase classname="pex_exceptions.centos-7,py2.tests.test_Exception_2.ExceptionTestCase" file="tests/test_Exception_2.py" line="72" name="testCustom" time="0.000831127166748"></testcase><testcase classname="pex_exceptions.centos-7,py2.tests.test_Exception_2.ExceptionTestCase" file="tests/test_Exception_2.py" line="63" name="testPythonRaise" time="0.000581026077271"></testcase><testcase classname="pex_exceptions.centos-7,py2.tests.test_Exception_2.ExceptionTestCase" file="tests/test_Exception_2.py" line="43" name="testDerivedTranslation" time="0.000781059265137"></testcase><testcase classname="pex_exceptions.centos-7,py2.tests.test_Exception_2.ExceptionTestCase" file="tests/test_Exception_2.py" line="33" name="testBaseTranslation" time="0.000591993331909"></testcase><testcase classname="pex_exceptions.centos-7,py2.tests.test_Exception_2.ExceptionTestCase" file="tests/test_Exception_2.py" line="54" name="testAddMessage" time="0.000647783279419"></testcase><testcase classname="pex_exceptions.centos-7,py2.tests.test_Exception_2.ExceptionTestCase" file="tests/test_Exception_2.py" line="89" name="testHierarchy" time="0.00142908096313"></testcase></testsuite>