<?xml version="1.0" encoding="utf-8"?><testsuite errors="0" failures="0" name="pytest" skips="0" tests="14" time="1.178"><testcase classname="tests.test_log.TestLog" file="tests/test_log.py" line="116" name="testBasicFormat" time="0.00131773948669"></testcase><testcase classname="tests.test_log.TestLog" file="tests/test_log.py" line="401" name="testLogger" time="0.0012321472168"></testcase><testcase classname="tests.test_log.TestLog" file="tests/test_log.py" line="424" name="testLoggerLevel" time="0.0011739730835"></testcase><testcase classname="tests.test_log.TestLog" file="tests/test_log.py" line="145" name="testContext" time="0.00154423713684"></testcase><testcase classname="tests.test_log.TestLog" file="tests/test_log.py" line="91" name="testBasic" time="0.00335884094238"></testcase><testcase classname="tests.test_log.TestLog" file="tests/test_log.py" line="87" name="testDefaultLogger" time="0.00120401382446"></testcase><testcase classname="tests.test_log.TestLog" file="tests/test_log.py" line="394" name="testLwpID" time="0.000700235366821"></testcase><testcase classname="tests.test_log.TestLog" file="tests/test_log.py" line="292" name="testFileAppender" time="0.0012948513031"></testcase><testcase classname="tests.test_log.TestLog" file="tests/test_log.py" line="312" name="testPythonLogging" time="0.000862121582031"></testcase><testcase classname="tests.test_log.TestLog" file="tests/test_log.py" line="249" name="testMDCPutPid" time="0.00448870658875"></testcase><testcase classname="tests.test_log.TestLog" file="tests/test_log.py" line="328" name="testMdcInit" time="0.00172519683838"></testcase><testcase classname="tests.test_log.TestLog" file="tests/test_log.py" line="362" name="testMdcUpdate" time="0.000780820846558"></testcase><testcase classname="tests.test_log.TestLog" file="tests/test_log.py" line="465" name="testMsgWithPercentS" time="0.000763177871704"></testcase><testcase classname="tests.test_log.TestLog" file="tests/test_log.py" line="195" name="testPattern" time="0.00114512443542"></testcase></testsuite>