<?xml version="1.0" encoding="utf-8"?><testsuite errors="0" failures="0" name="pytest" skips="0" tests="14" time="1.091"><testcase classname="log.osx,py3.tests.test_log.TestLog" file="tests/test_log.py" line="145" name="testContext" time="0.00376510620117"></testcase><testcase classname="log.osx,py3.tests.test_log.TestLog" file="tests/test_log.py" line="424" name="testLoggerLevel" time="0.0011191368103"></testcase><testcase classname="log.osx,py3.tests.test_log.TestLog" file="tests/test_log.py" line="394" name="testLwpID" time="0.00400471687317"></testcase><testcase classname="log.osx,py3.tests.test_log.TestLog" file="tests/test_log.py" line="91" name="testBasic" time="0.00334978103638"></testcase><testcase classname="log.osx,py3.tests.test_log.TestLog" file="tests/test_log.py" line="87" name="testDefaultLogger" time="0.000690937042236"></testcase><testcase classname="log.osx,py3.tests.test_log.TestLog" file="tests/test_log.py" line="401" name="testLogger" time="0.00110912322998"></testcase><testcase classname="log.osx,py3.tests.test_log.TestLog" file="tests/test_log.py" line="116" name="testBasicFormat" time="0.000911951065063"></testcase><testcase classname="log.osx,py3.tests.test_log.TestLog" file="tests/test_log.py" line="362" name="testMdcUpdate" time="0.000897169113159"></testcase><testcase classname="log.osx,py3.tests.test_log.TestLog" file="tests/test_log.py" line="292" name="testFileAppender" time="0.000878810882568"></testcase><testcase classname="log.osx,py3.tests.test_log.TestLog" file="tests/test_log.py" line="312" name="testPythonLogging" time="0.000891208648682"></testcase><testcase classname="log.osx,py3.tests.test_log.TestLog" file="tests/test_log.py" line="465" name="testMsgWithPercentS" time="0.000724315643311"></testcase><testcase classname="log.osx,py3.tests.test_log.TestLog" file="tests/test_log.py" line="249" name="testMDCPutPid" time="0.00551891326904"></testcase><testcase classname="log.osx,py3.tests.test_log.TestLog" file="tests/test_log.py" line="195" name="testPattern" time="0.00100588798523"></testcase><testcase classname="log.osx,py3.tests.test_log.TestLog" file="tests/test_log.py" line="328" name="testMdcInit" time="0.00111794471741"></testcase></testsuite>