<?xml version="1.0" encoding="utf-8"?><testsuite errors="0" failures="0" name="pytest" skips="0" tests="165" time="1.450"><testcase classname="tests.PropertyList.PropertyListTestCase" file="tests/PropertyList.py" line="164" name="testDateTimeToString" time="0.0010392665863"></testcase><testcase classname="tests.PropertyList.PropertyListTestCase" file="tests/PropertyList.py" line="96" name="testGetDefault" time="0.00113296508789"></testcase><testcase classname="tests.PropertyList.TestMemory" file="../../../opt/lsst/software/stack/Linux64/utils/13.0-8-gb7ca535+e978158b25/python/lsst/utils/tests.py" line="162" name="testFileDescriptorLeaks" time="0.0249710083008"></testcase><testcase classname="tests.PropertyList.PropertyListTestCase" file="tests/PropertyList.py" line="45" name="testConstruct" time="0.00114488601685"></testcase><testcase classname="tests.PropertyList.PropertyListTestCase" file="tests/PropertyList.py" line="103" name="testExists" time="0.00115704536438"></testcase><testcase classname="tests.PropertyList.PropertyListTestCase" file="tests/PropertyList.py" line="209" name="testOrder" time="0.00218820571899"></testcase><testcase classname="tests.PropertyList.PropertyListTestCase" file="tests/PropertyList.py" line="189" name="testAddVector" time="0.00137186050415"></testcase><testcase classname="tests.PropertyList.PropertyListTestCase" file="tests/PropertyList.py" line="57" name="testScalar" time="0.00184726715088"></testcase><testcase classname="tests.PropertyList.PropertyListTestCase" file="tests/PropertyList.py" line="200" name="testComment" time="0.00169801712036"></testcase><testcase classname="tests.PropertyList.PropertyListTestCase" file="tests/PropertyList.py" line="146" name="testAddScalar" time="0.00384998321533"></testcase><testcase classname="tests.PropertyList.PropertyListTestCase" file="tests/PropertyList.py" line="305" name="testCombineHierarchical" time="0.00129508972168"></testcase><testcase classname="tests.PropertySet_2.PropertySetTestCase" file="tests/PropertySet_2.py" line="109" name="testExists" time="0.000918865203857"></testcase><testcase classname="tests.PropertyList.PropertyListTestCase" file="tests/PropertyList.py" line="246" name="testToOrderedDict" time="0.00207376480103"></testcase><testcase classname="tests.PropertyList.PropertyListTestCase" file="tests/PropertyList.py" line="109" name="testGetVector" time="0.000787973403931"></testcase><testcase classname="tests.PropertySet_2.PropertySetTestCase" file="tests/PropertySet_2.py" line="102" name="testGetDefault" time="0.00107908248901"></testcase><testcase classname="tests.PropertyList.PropertyListTestCase" file="tests/PropertyList.py" line="131" name="testGetVector2" time="0.000640392303467"></testcase><testcase classname="tests.PropertyList.PropertyListTestCase" file="tests/PropertyList.py" line="283" name="testHierarchy" time="0.0012218952179"></testcase><testcase classname="tests.PropertyList.PropertyListTestCase" file="tests/PropertyList.py" line="170" name="testGetScalarThrow" time="0.000874996185303"></testcase><testcase classname="tests.PropertySet_2.FlatTestCase" file="tests/PropertySet_2.py" line="283" name="testAddScalar" time="0.000469923019409"></testcase><testcase classname="tests.PropertySet_2.PropertySetTestCase" file="tests/PropertySet_2.py" line="148" name="testAddScalar" time="0.00100898742676"></testcase><testcase classname="tests.PropertySet_2.PropertySetTestCase" file="tests/PropertySet_2.py" line="170" name="testGetScalarThrow" time="0.000942468643188"></testcase><testcase classname="tests.PropertySet_2.FlatTestCase" file="tests/PropertySet_2.py" line="193" name="testConstruct" time="0.000405788421631"></testcase><testcase classname="tests.PropertySet_2.PropertySetTestCase" file="tests/PropertySet_2.py" line="37" name="testConstruct" time="0.000614166259766"></testcase><testcase classname="tests.PropertySet_2.PropertySetTestCase" file="tests/PropertySet_2.py" line="164" name="testDateTimeToString" time="0.000886917114258"></testcase><testcase classname="tests.PropertyList.TestMemory" file="../../../opt/lsst/software/stack/Linux64/utils/13.0-8-gb7ca535+e978158b25/python/lsst/utils/tests.py" line="142" name="testLeaks" time="0.0244479179382"></testcase><testcase classname="tests.PropertySet_2.PropertySetTestCase" file="tests/PropertySet_2.py" line="81" name="testNumPyScalars" time="0.000505685806274"></testcase><testcase classname="tests.PropertySet_2.FlatTestCase" file="tests/PropertySet_2.py" line="299" name="testDateTimeToString" time="0.000612020492554"></testcase><testcase classname="tests.PropertySet_2.PropertySetTestCase" file="tests/PropertySet_2.py" line="177" name="testSubPS" time="0.00049090385437"></testcase><testcase classname="tests.PropertySet_2.PropertySetTestCase" file="tests/PropertySet_2.py" line="41" name="testScalar" time="0.000688076019287"></testcase><testcase classname="tests.PropertySet_2.PropertySetTestCase" file="tests/PropertySet_2.py" line="115" name="testGetVector" time="0.000779151916504"></testcase><testcase classname="tests.PropertySet_2.FlatTestCase" file="tests/PropertySet_2.py" line="244" name="testExists" time="0.000404119491577"></testcase><testcase classname="tests.PropertySet_2.PropertySetTestCase" file="tests/PropertySet_2.py" line="135" name="testGetVector2" time="0.000560998916626"></testcase><testcase classname="tests.PropertySet_2.FlatTestCase" file="tests/PropertySet_2.py" line="237" name="testGetDefault" time="0.000243902206421"></testcase><testcase classname="tests.PropertySet_2.FlatTestCase" file="tests/PropertySet_2.py" line="197" name="testScalar" time="0.000631809234619"></testcase><testcase classname="tests.dateTime.DateTimeTestCase" file="tests/dateTime.py" line="80" name="testBoundaryMJD" time="0.000227689743042"></testcase><testcase classname="tests.PropertySet_2.FlatTestCase" file="tests/PropertySet_2.py" line="312" name="testSubPS" time="0.000692844390869"></testcase><testcase classname="tests.dateTime.DateTimeTestCase" file="tests/dateTime.py" line="328" name="testConvert" time="0.0002121925354"></testcase><testcase classname="tests.dateTime.DateTimeTestCase" file="tests/dateTime.py" line="275" name="testInvalid" time="0.000815153121948"></testcase><testcase classname="tests.dateTime.DateTimeTestCase" file="tests/dateTime.py" line="86" name="testCrossBoundaryNsecs" time="0.000197887420654"></testcase><testcase classname="tests.PropertySet_2.FlatTestCase" file="tests/PropertySet_2.py" line="305" name="testGetScalarThrow" time="0.0003502368927"></testcase><testcase classname="tests.dateTime.DateTimeTestCase" file="tests/dateTime.py" line="228" name="testDM7622" time="0.000317096710205"></testcase><testcase classname="tests.dateTime.DateTimeTestCase" file="tests/dateTime.py" line="117" name="testIsoEpoch" time="0.00173282623291"></testcase><testcase classname="tests.PropertySet_2.FlatTestCase" file="tests/PropertySet_2.py" line="330" name="testToDict" time="0.000799179077148"></testcase><testcase classname="tests.dateTime.DateTimeTestCase" file="tests/dateTime.py" line="159" name="testIsoThrow" time="0.00238990783691"></testcase><testcase classname="tests.dateTime.DateTimeTestCase" file="tests/dateTime.py" line="145" name="testIsoExpanded" time="0.000345230102539"></testcase><testcase classname="tests.dateTime.DateTimeTestCase" file="tests/dateTime.py" line="107" name="testNow" time="0.000346899032593"></testcase><testcase classname="tests.dateTime.DateTimeTestCase" file="tests/dateTime.py" line="122" name="testIsoUTCBasic" time="0.000654220581055"></testcase><testcase classname="tests.PropertySet_2.FlatTestCase" file="tests/PropertySet_2.py" line="270" name="testGetVector2" time="0.000394105911255"></testcase><testcase classname="tests.dateTime.DateTimeTestCase" file="tests/dateTime.py" line="152" name="testIsoNoNSecs" time="0.000324010848999"></testcase><testcase classname="tests.PropertySet_2.FlatTestCase" file="tests/PropertySet_2.py" line="250" name="testGetVector" time="0.000499248504639"></testcase><testcase classname="tests.dateTime.DateTimeTestCase" file="tests/dateTime.py" line="67" name="testNsecs" time="0.00121378898621"></testcase><testcase classname="tests.dateTime.DateTimeTestCase" file="tests/dateTime.py" line="54" name="testLeapSecond" time="0.00134611129761"></testcase><testcase classname="tests.dateTime.DateTimeTestCase" file="tests/dateTime.py" line="257" name="testNsecsTT" time="0.000304937362671"></testcase><testcase classname="tests.dateTime.TimeZoneBaseTestCase" file="tests/dateTime.py" line="80" name="testBoundaryMJD" time="0.000332117080688"></testcase><testcase classname="tests.dateTime.DateTimeTestCase" file="tests/dateTime.py" line="99" name="testNsecsDefault" time="0.000197887420654"></testcase><testcase classname="tests.dateTime.DateTimeTestCase" file="tests/dateTime.py" line="46" name="testMJD" time="0.000247001647949"></testcase><testcase classname="tests.dateTime.TimeZoneBaseTestCase" file="tests/dateTime.py" line="328" name="testConvert" time="0.000270843505859"></testcase><testcase classname="tests.dateTime.DateTimeTestCase" file="tests/dateTime.py" line="346" name="testPickle" time="0.000306129455566"></testcase><testcase classname="tests.PropertySet_2.TestMemory" file="../../../opt/lsst/software/stack/Linux64/utils/13.0-8-gb7ca535+e978158b25/python/lsst/utils/tests.py" line="162" name="testFileDescriptorLeaks" time="0.0188150405884"></testcase><testcase classname="tests.dateTime.TimeZoneBaseTestCase" file="tests/dateTime.py" line="86" name="testCrossBoundaryNsecs" time="0.000258922576904"></testcase><testcase classname="tests.dateTime.DateTimeTestCase" file="tests/dateTime.py" line="245" name="testStr" time="0.00165796279907"></testcase><testcase classname="tests.PropertySet_2.TestMemory" file="../../../opt/lsst/software/stack/Linux64/utils/13.0-8-gb7ca535+e978158b25/python/lsst/utils/tests.py" line="142" name="testLeaks" time="0.021614074707"></testcase><testcase classname="tests.dateTime.DateTimeTestCase" file="tests/dateTime.py" line="265" name="testFracSecs" time="0.000509023666382"></testcase><testcase classname="tests.dateTime.TimeZoneBaseTestCase" file="tests/dateTime.py" line="54" name="testLeapSecond" time="0.000269651412964"></testcase><testcase classname="tests.dateTime.TimeZoneBaseTestCase" file="tests/dateTime.py" line="46" name="testMJD" time="0.000224590301514"></testcase><testcase classname="tests.dateTime.DateTimeTestCase" file="tests/dateTime.py" line="134" name="testIsoNonUTCBasics" time="0.00143980979919"></testcase><testcase classname="tests.dateTime.TimeZoneBaseTestCase" file="tests/dateTime.py" line="293" name="testNegative" time="0.000662803649902"></testcase><testcase classname="tests.dateTime.TimeZoneBaseTestCase" file="tests/dateTime.py" line="67" name="testNsecs" time="0.000396728515625"></testcase><testcase classname="tests.dateTime.TimeZoneBaseTestCase" file="tests/dateTime.py" line="99" name="testNsecsDefault" time="0.000397205352783"></testcase><testcase classname="tests.dateTime.DateTimeTestCase" file="tests/dateTime.py" line="91" name="testNsecsTAI" time="0.000430107116699"></testcase><testcase classname="tests.dateTime.DateTimeTestCase" file="tests/dateTime.py" line="293" name="testNegative" time="0.000792980194092"></testcase><testcase classname="tests.dateTime.TimeZoneBaseTestCase" file="tests/dateTime.py" line="91" name="testNsecsTAI" time="0.000403881072998"></testcase><testcase classname="tests.dateTime.BritishTimeTestCase" file="tests/dateTime.py" line="328" name="testConvert" time="0.000322818756104"></testcase><testcase classname="tests.dateTime.TimeZoneBaseTestCase" file="tests/dateTime.py" line="346" name="testPickle" time="0.000466108322144"></testcase><testcase classname="tests.dateTime.TimeZoneBaseTestCase" file="tests/dateTime.py" line="265" name="testFracSecs" time="0.000594139099121"></testcase><testcase classname="tests.dateTime.BritishTimeTestCase" file="tests/dateTime.py" line="86" name="testCrossBoundaryNsecs" time="0.000229120254517"></testcase><testcase classname="tests.dateTime.TimeZoneBaseTestCase" file="tests/dateTime.py" line="228" name="testDM7622" time="0.000493049621582"></testcase><testcase classname="tests.dateTime.TimeZoneBaseTestCase" file="tests/dateTime.py" line="245" name="testStr" time="0.000456809997559"></testcase><testcase classname="tests.dateTime.TimeZoneBaseTestCase" file="tests/dateTime.py" line="275" name="testInvalid" time="0.000855207443237"></testcase><testcase classname="tests.dateTime.BritishTimeTestCase" file="tests/dateTime.py" line="265" name="testFracSecs" time="0.000424861907959"></testcase><testcase classname="tests.dateTime.DateTimeTestCase" file="tests/dateTime.py" line="220" name="testWraparound" time="0.000459909439087"></testcase><testcase classname="tests.dateTime.TimeZoneBaseTestCase" file="tests/dateTime.py" line="220" name="testWraparound" time="0.000354051589966"></testcase><testcase classname="tests.dateTime.TimeZoneBaseTestCase" file="tests/dateTime.py" line="152" name="testIsoNoNSecs" time="0.000357151031494"></testcase><testcase classname="tests.dateTime.TimeZoneBaseTestCase" file="tests/dateTime.py" line="117" name="testIsoEpoch" time="0.000370740890503"></testcase><testcase classname="tests.dateTime.BritishTimeTestCase" file="tests/dateTime.py" line="275" name="testInvalid" time="0.000805854797363"></testcase><testcase classname="tests.dateTime.BritishTimeTestCase" file="tests/dateTime.py" line="145" name="testIsoExpanded" time="0.000389814376831"></testcase><testcase classname="tests.dateTime.TimeZoneBaseTestCase" file="tests/dateTime.py" line="134" name="testIsoNonUTCBasics" time="0.000769853591919"></testcase><testcase classname="tests.dateTime.BritishTimeTestCase" file="tests/dateTime.py" line="152" name="testIsoNoNSecs" time="0.000293970108032"></testcase><testcase classname="tests.dateTime.TimeZoneBaseTestCase" file="tests/dateTime.py" line="159" name="testIsoThrow" time="0.00181698799133"></testcase><testcase classname="tests.dateTime.TimeZoneBaseTestCase" file="tests/dateTime.py" line="107" name="testNow" time="0.000366926193237"></testcase><testcase classname="tests.dateTime.BritishTimeTestCase" file="tests/dateTime.py" line="159" name="testIsoThrow" time="0.0019748210907"></testcase><testcase classname="tests.dateTime.TimeZoneBaseTestCase" file="tests/dateTime.py" line="257" name="testNsecsTT" time="0.000332117080688"></testcase><testcase classname="tests.dateTime.BritishTimeTestCase" file="tests/dateTime.py" line="122" name="testIsoUTCBasic" time="0.000570058822632"></testcase><testcase classname="tests.dateTime.BritishTimeTestCase" file="tests/dateTime.py" line="46" name="testMJD" time="0.000360012054443"></testcase><testcase classname="tests.dateTime.BritishTimeTestCase" file="tests/dateTime.py" line="228" name="testDM7622" time="0.000596046447754"></testcase><testcase classname="tests.dateTime.BritishTimeTestCase" file="tests/dateTime.py" line="293" name="testNegative" time="0.00090217590332"></testcase><testcase classname="tests.dateTime.BritishTimeTestCase" file="tests/dateTime.py" line="67" name="testNsecs" time="0.000278234481812"></testcase><testcase classname="tests.dateTime.TimeZoneBaseTestCase" file="tests/dateTime.py" line="145" name="testIsoExpanded" time="0.000351905822754"></testcase><testcase classname="tests.dateTime.BritishTimeTestCase" file="tests/dateTime.py" line="80" name="testBoundaryMJD" time="0.000358104705811"></testcase><testcase classname="tests.dateTime.BritishTimeTestCase" file="tests/dateTime.py" line="117" name="testIsoEpoch" time="0.000362157821655"></testcase><testcase classname="tests.dateTime.BritishTimeTestCase" file="tests/dateTime.py" line="346" name="testPickle" time="0.000328779220581"></testcase><testcase classname="tests.dateTime.BritishTimeTestCase" file="tests/dateTime.py" line="91" name="testNsecsTAI" time="0.000302791595459"></testcase><testcase classname="tests.dateTime.BritishTimeTestCase" file="tests/dateTime.py" line="220" name="testWraparound" time="0.000294208526611"></testcase><testcase classname="tests.dateTime.BritishTimeTestCase" file="tests/dateTime.py" line="134" name="testIsoNonUTCBasics" time="0.00088906288147"></testcase><testcase classname="tests.dateTime.BritishTime2TestCase" file="tests/dateTime.py" line="328" name="testConvert" time="0.000271797180176"></testcase><testcase classname="tests.dateTime.TimeZoneBaseTestCase" file="tests/dateTime.py" line="122" name="testIsoUTCBasic" time="0.000885963439941"></testcase><testcase classname="tests.dateTime.BritishTime2TestCase" file="tests/dateTime.py" line="228" name="testDM7622" time="0.000493764877319"></testcase><testcase classname="tests.dateTime.BritishTimeTestCase" file="tests/dateTime.py" line="54" name="testLeapSecond" time="0.000344038009644"></testcase><testcase classname="tests.dateTime.BritishTime2TestCase" file="tests/dateTime.py" line="275" name="testInvalid" time="0.000578880310059"></testcase><testcase classname="tests.dateTime.BritishTimeTestCase" file="tests/dateTime.py" line="107" name="testNow" time="0.000524044036865"></testcase><testcase classname="tests.dateTime.BritishTimeTestCase" file="tests/dateTime.py" line="99" name="testNsecsDefault" time="0.000280141830444"></testcase><testcase classname="tests.dateTime.BritishTime2TestCase" file="tests/dateTime.py" line="145" name="testIsoExpanded" time="0.000349044799805"></testcase><testcase classname="tests.dateTime.BritishTimeTestCase" file="tests/dateTime.py" line="245" name="testStr" time="0.000458240509033"></testcase><testcase classname="tests.dateTime.BritishTimeTestCase" file="tests/dateTime.py" line="257" name="testNsecsTT" time="0.000362157821655"></testcase><testcase classname="tests.dateTime.BritishTime2TestCase" file="tests/dateTime.py" line="80" name="testBoundaryMJD" time="0.000391960144043"></testcase><testcase classname="tests.dateTime.BritishTime2TestCase" file="tests/dateTime.py" line="86" name="testCrossBoundaryNsecs" time="0.00031304359436"></testcase><testcase classname="tests.dateTime.BritishTime2TestCase" file="tests/dateTime.py" line="265" name="testFracSecs" time="0.000622034072876"></testcase><testcase classname="tests.dateTime.BritishTime2TestCase" file="tests/dateTime.py" line="117" name="testIsoEpoch" time="0.000488042831421"></testcase><testcase classname="tests.dateTime.BritishTime2TestCase" file="tests/dateTime.py" line="134" name="testIsoNonUTCBasics" time="0.000822067260742"></testcase><testcase classname="tests.dateTime.BritishTime2TestCase" file="tests/dateTime.py" line="152" name="testIsoNoNSecs" time="0.000588178634644"></testcase><testcase classname="tests.dateTime.BritishTime2TestCase" file="tests/dateTime.py" line="159" name="testIsoThrow" time="0.00223088264465"></testcase><testcase classname="tests.dateTime.BritishTime2TestCase" file="tests/dateTime.py" line="54" name="testLeapSecond" time="0.00042724609375"></testcase><testcase classname="tests.dateTime.BritishTime2TestCase" file="tests/dateTime.py" line="122" name="testIsoUTCBasic" time="0.000720739364624"></testcase><testcase classname="tests.dateTime.BritishTime2TestCase" file="tests/dateTime.py" line="46" name="testMJD" time="0.000427007675171"></testcase><testcase classname="tests.dateTime.BritishTime2TestCase" file="tests/dateTime.py" line="293" name="testNegative" time="0.000726222991943"></testcase><testcase classname="tests.dateTime.BritishTime2TestCase" file="tests/dateTime.py" line="107" name="testNow" time="0.000432014465332"></testcase><testcase classname="tests.dateTime.BritishTime2TestCase" file="tests/dateTime.py" line="67" name="testNsecs" time="0.000309228897095"></testcase><testcase classname="tests.dateTime.BritishTime2TestCase" file="tests/dateTime.py" line="99" name="testNsecsDefault" time="0.000487089157104"></testcase><testcase classname="tests.dateTime.BritishTime2TestCase" file="tests/dateTime.py" line="257" name="testNsecsTT" time="0.000457048416138"></testcase><testcase classname="tests.dateTime.BritishTime2TestCase" file="tests/dateTime.py" line="346" name="testPickle" time="0.000539779663086"></testcase><testcase classname="tests.dateTime.BritishTime2TestCase" file="tests/dateTime.py" line="91" name="testNsecsTAI" time="0.00032114982605"></testcase><testcase classname="tests.dateTime.BritishTime2TestCase" file="tests/dateTime.py" line="245" name="testStr" time="0.000614881515503"></testcase><testcase classname="tests.dateTime.BritishTime2TestCase" file="tests/dateTime.py" line="220" name="testWraparound" time="0.000515699386597"></testcase><testcase classname="tests.dateTime.PacificTimeTestCase" file="tests/dateTime.py" line="80" name="testBoundaryMJD" time="0.000435590744019"></testcase><testcase classname="tests.dateTime.PacificTimeTestCase" file="tests/dateTime.py" line="328" name="testConvert" time="0.000309944152832"></testcase><testcase classname="tests.dateTime.PacificTimeTestCase" file="tests/dateTime.py" line="86" name="testCrossBoundaryNsecs" time="0.000406980514526"></testcase><testcase classname="tests.dateTime.PacificTimeTestCase" file="tests/dateTime.py" line="228" name="testDM7622" time="0.000596761703491"></testcase><testcase classname="tests.dateTime.PacificTimeTestCase" file="tests/dateTime.py" line="265" name="testFracSecs" time="0.000452995300293"></testcase><testcase classname="tests.dateTime.PacificTimeTestCase" file="tests/dateTime.py" line="275" name="testInvalid" time="0.000658988952637"></testcase><testcase classname="tests.dateTime.PacificTimeTestCase" file="tests/dateTime.py" line="145" name="testIsoExpanded" time="0.000462770462036"></testcase><testcase classname="tests.dateTime.PacificTimeTestCase" file="tests/dateTime.py" line="152" name="testIsoNoNSecs" time="0.0003981590271"></testcase><testcase classname="tests.dateTime.PacificTimeTestCase" file="tests/dateTime.py" line="117" name="testIsoEpoch" time="0.000452995300293"></testcase><testcase classname="tests.dateTime.PacificTimeTestCase" file="tests/dateTime.py" line="134" name="testIsoNonUTCBasics" time="0.00119113922119"></testcase><testcase classname="tests.dateTime.PacificTimeTestCase" file="tests/dateTime.py" line="159" name="testIsoThrow" time="0.0028281211853"></testcase><testcase classname="tests.dateTime.PacificTimeTestCase" file="tests/dateTime.py" line="122" name="testIsoUTCBasic" time="0.00059700012207"></testcase><testcase classname="tests.dateTime.PacificTimeTestCase" file="tests/dateTime.py" line="54" name="testLeapSecond" time="0.000633716583252"></testcase><testcase classname="tests.dateTime.PacificTimeTestCase" file="tests/dateTime.py" line="46" name="testMJD" time="0.000310897827148"></testcase><testcase classname="tests.dateTime.PacificTimeTestCase" file="tests/dateTime.py" line="293" name="testNegative" time="0.000840902328491"></testcase><testcase classname="tests.dateTime.PacificTimeTestCase" file="tests/dateTime.py" line="67" name="testNsecs" time="0.000421047210693"></testcase><testcase classname="tests.dateTime.PacificTimeTestCase" file="tests/dateTime.py" line="107" name="testNow" time="0.000317096710205"></testcase><testcase classname="tests.dateTime.PacificTimeTestCase" file="tests/dateTime.py" line="99" name="testNsecsDefault" time="0.000666856765747"></testcase><testcase classname="tests.dateTime.PacificTimeTestCase" file="tests/dateTime.py" line="257" name="testNsecsTT" time="0.000275135040283"></testcase><testcase classname="tests.dateTime.PacificTimeTestCase" file="tests/dateTime.py" line="346" name="testPickle" time="0.000339984893799"></testcase><testcase classname="tests.dateTime.PacificTimeTestCase" file="tests/dateTime.py" line="91" name="testNsecsTAI" time="0.000414133071899"></testcase><testcase classname="tests.dateTime.PacificTimeTestCase" file="tests/dateTime.py" line="245" name="testStr" time="0.000527858734131"></testcase><testcase classname="tests.dateTime.PacificTimeTestCase" file="tests/dateTime.py" line="220" name="testWraparound" time="0.000403881072998"></testcase><testcase classname="tests.testExecutables.UtilsBinaryTester" file="../../../opt/lsst/software/stack/Linux64/utils/13.0-8-gb7ca535+e978158b25/python/lsst/utils/tests.py" line="199" name="testSanity" time="0.000266790390015"></testcase><testcase classname="tests.testExecutables.UtilsBinaryTester" file="../../../opt/lsst/software/stack/Linux64/utils/13.0-8-gb7ca535+e978158b25/python/lsst/utils/tests.py" line="270" name="test_exe__tmp_build_daf_base_tests_PropertyList" time="0.0107526779175"><system-out>Running executable &apos;/tmp/build/daf_base/tests/PropertyList&apos; with no arguments...
Running 19 test cases...

</system-out><system-err>
*** No errors detected
</system-err></testcase><testcase classname="tests.testExecutables.UtilsBinaryTester" file="../../../opt/lsst/software/stack/Linux64/utils/13.0-8-gb7ca535+e978158b25/python/lsst/utils/tests.py" line="270" name="test_exe__tmp_build_daf_base_tests_citizen" time="0.00978112220764"><system-out>Running executable &apos;/tmp/build/daf_base/tests/citizen&apos; with no arguments...
Running 1 test case...

</system-out><system-err>Allocating memId 2
Deleting memId 2: 0x1652700 Shoe

*** No errors detected
</system-err></testcase><testcase classname="tests.test_citizen.CitizenTestCase" file="tests/test_citizen.py" line="37" name="testNextMemIdAndCensus" time="0.000970125198364"></testcase><testcase classname="tests.test_citizen.CitizenTestCase" file="tests/test_citizen.py" line="32" name="testId" time="0.000958919525146"></testcase><testcase classname="tests.test_citizen.TestMemory" file="../../../opt/lsst/software/stack/Linux64/utils/13.0-8-gb7ca535+e978158b25/python/lsst/utils/tests.py" line="142" name="testLeaks" time="0.0281500816345"></testcase><testcase classname="tests.testExecutables.UtilsBinaryTester" file="../../../opt/lsst/software/stack/Linux64/utils/13.0-8-gb7ca535+e978158b25/python/lsst/utils/tests.py" line="270" name="test_exe__tmp_build_daf_base_tests_dateTime_1" time="0.0168447494507"><system-out>Running executable &apos;/tmp/build/daf_base/tests/dateTime_1&apos; with no arguments...
Running 4 test cases...

</system-out><system-err>
*** No errors detected
</system-err></testcase><testcase classname="tests.test_citizen.TestMemory" file="../../../opt/lsst/software/stack/Linux64/utils/13.0-8-gb7ca535+e978158b25/python/lsst/utils/tests.py" line="162" name="testFileDescriptorLeaks" time="0.0269379615784"></testcase><testcase classname="tests.testExecutables.UtilsBinaryTester" file="../../../opt/lsst/software/stack/Linux64/utils/13.0-8-gb7ca535+e978158b25/python/lsst/utils/tests.py" line="270" name="test_exe__tmp_build_daf_base_tests_PropertySet_1" time="0.00999903678894"><system-out>Running executable &apos;/tmp/build/daf_base/tests/PropertySet_1&apos; with no arguments...
Running 25 test cases...

</system-out><system-err>
*** No errors detected
</system-err></testcase></testsuite>