<?xml version="1.0" encoding="utf-8"?><testsuite errors="0" failures="0" name="pytest" skips="0" tests="165" time="1.427"><testcase classname="daf_base.tests.PropertyList.PropertyListTestCase" file="tests/PropertyList.py" line="96" name="testGetDefault" time="0.00135326385498"></testcase><testcase classname="daf_base.tests.PropertyList.PropertyListTestCase" file="tests/PropertyList.py" line="45" name="testConstruct" time="0.00132274627686"></testcase><testcase classname="daf_base.tests.PropertyList.PropertyListTestCase" file="tests/PropertyList.py" line="164" name="testDateTimeToString" time="0.00130701065063"></testcase><testcase classname="daf_base.tests.PropertyList.PropertyListTestCase" file="tests/PropertyList.py" line="189" name="testAddVector" time="0.00159001350403"></testcase><testcase classname="daf_base.tests.PropertyList.TestMemory" file="../../../opt/lsst/software/stack/Linux64/utils/13.0-8-gb7ca535+e978158b25/python/lsst/utils/tests.py" line="162" name="testFileDescriptorLeaks" time="0.0251481533051"></testcase><testcase classname="daf_base.tests.PropertyList.PropertyListTestCase" file="tests/PropertyList.py" line="146" name="testAddScalar" time="0.00161719322205"></testcase><testcase classname="daf_base.tests.PropertyList.PropertyListTestCase" file="tests/PropertyList.py" line="170" name="testGetScalarThrow" time="0.000687599182129"></testcase><testcase classname="daf_base.tests.PropertyList.PropertyListTestCase" file="tests/PropertyList.py" line="305" name="testCombineHierarchical" time="0.00131106376648"></testcase><testcase classname="daf_base.tests.PropertyList.PropertyListTestCase" file="tests/PropertyList.py" line="200" name="testComment" time="0.00814032554626"></testcase><testcase classname="daf_base.tests.PropertyList.PropertyListTestCase" file="tests/PropertyList.py" line="103" name="testExists" time="0.00621390342712"></testcase><testcase classname="daf_base.tests.PropertyList.TestMemory" file="../../../opt/lsst/software/stack/Linux64/utils/13.0-8-gb7ca535+e978158b25/python/lsst/utils/tests.py" line="142" name="testLeaks" time="0.0251071453094"></testcase><testcase classname="daf_base.tests.PropertyList.PropertyListTestCase" file="tests/PropertyList.py" line="209" name="testOrder" time="0.00212693214417"></testcase><testcase classname="daf_base.tests.PropertyList.PropertyListTestCase" file="tests/PropertyList.py" line="109" name="testGetVector" time="0.00074291229248"></testcase><testcase classname="daf_base.tests.PropertyList.PropertyListTestCase" file="tests/PropertyList.py" line="57" name="testScalar" time="0.00162482261658"></testcase><testcase classname="daf_base.tests.PropertyList.PropertyListTestCase" file="tests/PropertyList.py" line="131" name="testGetVector2" time="0.000626087188721"></testcase><testcase classname="daf_base.tests.PropertyList.PropertyListTestCase" file="tests/PropertyList.py" line="283" name="testHierarchy" time="0.00136780738831"></testcase><testcase classname="daf_base.tests.PropertyList.PropertyListTestCase" file="tests/PropertyList.py" line="246" name="testToOrderedDict" time="0.00206613540649"></testcase><testcase classname="daf_base.tests.PropertySet_2.PropertySetTestCase" file="tests/PropertySet_2.py" line="148" name="testAddScalar" time="0.000949144363403"></testcase><testcase classname="daf_base.tests.PropertySet_2.PropertySetTestCase" file="tests/PropertySet_2.py" line="109" name="testExists" time="0.000888109207153"></testcase><testcase classname="daf_base.tests.PropertySet_2.PropertySetTestCase" file="tests/PropertySet_2.py" line="102" name="testGetDefault" time="0.000757217407227"></testcase><testcase classname="daf_base.tests.PropertySet_2.PropertySetTestCase" file="tests/PropertySet_2.py" line="164" name="testDateTimeToString" time="0.00113677978516"></testcase><testcase classname="daf_base.tests.PropertySet_2.PropertySetTestCase" file="tests/PropertySet_2.py" line="37" name="testConstruct" time="0.000787734985352"></testcase><testcase classname="daf_base.tests.PropertySet_2.PropertySetTestCase" file="tests/PropertySet_2.py" line="170" name="testGetScalarThrow" time="0.000997066497803"></testcase><testcase classname="daf_base.tests.PropertySet_2.FlatTestCase" file="tests/PropertySet_2.py" line="283" name="testAddScalar" time="0.00046706199646"></testcase><testcase classname="daf_base.tests.PropertySet_2.PropertySetTestCase" file="tests/PropertySet_2.py" line="81" name="testNumPyScalars" time="0.000496864318848"></testcase><testcase classname="daf_base.tests.PropertySet_2.FlatTestCase" file="tests/PropertySet_2.py" line="193" name="testConstruct" time="0.000335931777954"></testcase><testcase classname="daf_base.tests.PropertySet_2.PropertySetTestCase" file="tests/PropertySet_2.py" line="177" name="testSubPS" time="0.000449180603027"></testcase><testcase classname="daf_base.tests.PropertySet_2.PropertySetTestCase" file="tests/PropertySet_2.py" line="41" name="testScalar" time="0.000876188278198"></testcase><testcase classname="daf_base.tests.PropertySet_2.FlatTestCase" file="tests/PropertySet_2.py" line="299" name="testDateTimeToString" time="0.000581026077271"></testcase><testcase classname="daf_base.tests.PropertySet_2.PropertySetTestCase" file="tests/PropertySet_2.py" line="115" name="testGetVector" time="0.000636100769043"></testcase><testcase classname="daf_base.tests.PropertySet_2.PropertySetTestCase" file="tests/PropertySet_2.py" line="135" name="testGetVector2" time="0.00055193901062"></testcase><testcase classname="daf_base.tests.PropertySet_2.FlatTestCase" file="tests/PropertySet_2.py" line="244" name="testExists" time="0.0002121925354"></testcase><testcase classname="daf_base.tests.PropertySet_2.FlatTestCase" file="tests/PropertySet_2.py" line="237" name="testGetDefault" time="0.000215291976929"></testcase><testcase classname="daf_base.tests.PropertySet_2.FlatTestCase" file="tests/PropertySet_2.py" line="197" name="testScalar" time="0.000598907470703"></testcase><testcase classname="daf_base.tests.PropertySet_2.FlatTestCase" file="tests/PropertySet_2.py" line="312" name="testSubPS" time="0.000497817993164"></testcase><testcase classname="daf_base.tests.PropertySet_2.FlatTestCase" file="tests/PropertySet_2.py" line="305" name="testGetScalarThrow" time="0.000473260879517"></testcase><testcase classname="daf_base.tests.dateTime.DateTimeTestCase" file="tests/dateTime.py" line="275" name="testInvalid" time="0.000542879104614"></testcase><testcase classname="daf_base.tests.PropertySet_2.FlatTestCase" file="tests/PropertySet_2.py" line="270" name="testGetVector2" time="0.000390291213989"></testcase><testcase classname="daf_base.tests.dateTime.DateTimeTestCase" file="tests/dateTime.py" line="159" name="testIsoThrow" time="0.00238490104675"></testcase><testcase classname="daf_base.tests.PropertySet_2.FlatTestCase" file="tests/PropertySet_2.py" line="250" name="testGetVector" time="0.000576019287109"></testcase><testcase classname="daf_base.tests.dateTime.DateTimeTestCase" file="tests/dateTime.py" line="80" name="testBoundaryMJD" time="0.000320196151733"></testcase><testcase classname="daf_base.tests.dateTime.DateTimeTestCase" file="tests/dateTime.py" line="117" name="testIsoEpoch" time="0.000250101089478"></testcase><testcase classname="daf_base.tests.dateTime.DateTimeTestCase" file="tests/dateTime.py" line="107" name="testNow" time="0.000446081161499"></testcase><testcase classname="daf_base.tests.dateTime.DateTimeTestCase" file="tests/dateTime.py" line="122" name="testIsoUTCBasic" time="0.000689029693604"></testcase><testcase classname="daf_base.tests.dateTime.DateTimeTestCase" file="tests/dateTime.py" line="145" name="testIsoExpanded" time="0.000346183776855"></testcase><testcase classname="daf_base.tests.dateTime.DateTimeTestCase" file="tests/dateTime.py" line="67" name="testNsecs" time="0.000374317169189"></testcase><testcase classname="daf_base.tests.dateTime.DateTimeTestCase" file="tests/dateTime.py" line="257" name="testNsecsTT" time="0.000401258468628"></testcase><testcase classname="daf_base.tests.dateTime.DateTimeTestCase" file="tests/dateTime.py" line="328" name="testConvert" time="0.000295162200928"></testcase><testcase classname="daf_base.tests.PropertySet_2.FlatTestCase" file="tests/PropertySet_2.py" line="330" name="testToDict" time="0.000748872756958"></testcase><testcase classname="daf_base.tests.dateTime.DateTimeTestCase" file="tests/dateTime.py" line="152" name="testIsoNoNSecs" time="0.000300884246826"></testcase><testcase classname="daf_base.tests.dateTime.DateTimeTestCase" file="tests/dateTime.py" line="99" name="testNsecsDefault" time="0.000375032424927"></testcase><testcase classname="daf_base.tests.dateTime.DateTimeTestCase" file="tests/dateTime.py" line="54" name="testLeapSecond" time="0.000279903411865"></testcase><testcase classname="daf_base.tests.dateTime.DateTimeTestCase" file="tests/dateTime.py" line="346" name="testPickle" time="0.000401020050049"></testcase><testcase classname="daf_base.tests.dateTime.DateTimeTestCase" file="tests/dateTime.py" line="86" name="testCrossBoundaryNsecs" time="0.0012412071228"></testcase><testcase classname="daf_base.tests.dateTime.TimeZoneBaseTestCase" file="tests/dateTime.py" line="80" name="testBoundaryMJD" time="0.000289916992188"></testcase><testcase classname="daf_base.tests.dateTime.DateTimeTestCase" file="tests/dateTime.py" line="46" name="testMJD" time="0.000265121459961"></testcase><testcase classname="daf_base.tests.dateTime.TimeZoneBaseTestCase" file="tests/dateTime.py" line="328" name="testConvert" time="0.00115990638733"></testcase><testcase classname="daf_base.tests.dateTime.DateTimeTestCase" file="tests/dateTime.py" line="245" name="testStr" time="0.00133514404297"></testcase><testcase classname="daf_base.tests.dateTime.DateTimeTestCase" file="tests/dateTime.py" line="228" name="testDM7622" time="0.00046181678772"></testcase><testcase classname="daf_base.tests.dateTime.TimeZoneBaseTestCase" file="tests/dateTime.py" line="86" name="testCrossBoundaryNsecs" time="0.000275135040283"></testcase><testcase classname="daf_base.tests.PropertySet_2.TestMemory" file="../../../opt/lsst/software/stack/Linux64/utils/13.0-8-gb7ca535+e978158b25/python/lsst/utils/tests.py" line="162" name="testFileDescriptorLeaks" time="0.0168869495392"></testcase><testcase classname="daf_base.tests.PropertySet_2.TestMemory" file="../../../opt/lsst/software/stack/Linux64/utils/13.0-8-gb7ca535+e978158b25/python/lsst/utils/tests.py" line="142" name="testLeaks" time="0.0153431892395"></testcase><testcase classname="daf_base.tests.dateTime.DateTimeTestCase" file="tests/dateTime.py" line="91" name="testNsecsTAI" time="0.000345945358276"></testcase><testcase classname="daf_base.tests.dateTime.DateTimeTestCase" file="tests/dateTime.py" line="134" name="testIsoNonUTCBasics" time="0.00117492675781"></testcase><testcase classname="daf_base.tests.dateTime.TimeZoneBaseTestCase" file="tests/dateTime.py" line="67" name="testNsecs" time="0.000388145446777"></testcase><testcase classname="daf_base.tests.dateTime.TimeZoneBaseTestCase" file="tests/dateTime.py" line="54" name="testLeapSecond" time="0.000372886657715"></testcase><testcase classname="daf_base.tests.dateTime.TimeZoneBaseTestCase" file="tests/dateTime.py" line="99" name="testNsecsDefault" time="0.000287771224976"></testcase><testcase classname="daf_base.tests.dateTime.TimeZoneBaseTestCase" file="tests/dateTime.py" line="46" name="testMJD" time="0.0003342628479"></testcase><testcase classname="daf_base.tests.dateTime.DateTimeTestCase" file="tests/dateTime.py" line="293" name="testNegative" time="0.000887155532837"></testcase><testcase classname="daf_base.tests.dateTime.TimeZoneBaseTestCase" file="tests/dateTime.py" line="91" name="testNsecsTAI" time="0.000265121459961"></testcase><testcase classname="daf_base.tests.dateTime.DateTimeTestCase" file="tests/dateTime.py" line="220" name="testWraparound" time="0.000402927398682"></testcase><testcase classname="daf_base.tests.dateTime.TimeZoneBaseTestCase" file="tests/dateTime.py" line="293" name="testNegative" time="0.000817775726318"></testcase><testcase classname="daf_base.tests.dateTime.TimeZoneBaseTestCase" file="tests/dateTime.py" line="346" name="testPickle" time="0.000388145446777"></testcase><testcase classname="daf_base.tests.dateTime.TimeZoneBaseTestCase" file="tests/dateTime.py" line="265" name="testFracSecs" time="0.000513076782227"></testcase><testcase classname="daf_base.tests.dateTime.TimeZoneBaseTestCase" file="tests/dateTime.py" line="152" name="testIsoNoNSecs" time="0.000377893447876"></testcase><testcase classname="daf_base.tests.dateTime.BritishTimeTestCase" file="tests/dateTime.py" line="328" name="testConvert" time="0.000288009643555"></testcase><testcase classname="daf_base.tests.dateTime.DateTimeTestCase" file="tests/dateTime.py" line="265" name="testFracSecs" time="0.000501155853271"></testcase><testcase classname="daf_base.tests.dateTime.TimeZoneBaseTestCase" file="tests/dateTime.py" line="134" name="testIsoNonUTCBasics" time="0.000777959823608"></testcase><testcase classname="daf_base.tests.dateTime.BritishTimeTestCase" file="tests/dateTime.py" line="86" name="testCrossBoundaryNsecs" time="0.000217914581299"></testcase><testcase classname="daf_base.tests.dateTime.TimeZoneBaseTestCase" file="tests/dateTime.py" line="245" name="testStr" time="0.000380039215088"></testcase><testcase classname="daf_base.tests.dateTime.TimeZoneBaseTestCase" file="tests/dateTime.py" line="275" name="testInvalid" time="0.000578165054321"></testcase><testcase classname="daf_base.tests.dateTime.BritishTimeTestCase" file="tests/dateTime.py" line="265" name="testFracSecs" time="0.00045108795166"></testcase><testcase classname="daf_base.tests.dateTime.TimeZoneBaseTestCase" file="tests/dateTime.py" line="228" name="testDM7622" time="0.000455141067505"></testcase><testcase classname="daf_base.tests.dateTime.TimeZoneBaseTestCase" file="tests/dateTime.py" line="220" name="testWraparound" time="0.00029468536377"></testcase><testcase classname="daf_base.tests.dateTime.TimeZoneBaseTestCase" file="tests/dateTime.py" line="159" name="testIsoThrow" time="0.00233697891235"></testcase><testcase classname="daf_base.tests.dateTime.TimeZoneBaseTestCase" file="tests/dateTime.py" line="117" name="testIsoEpoch" time="0.000295162200928"></testcase><testcase classname="daf_base.tests.dateTime.BritishTimeTestCase" file="tests/dateTime.py" line="275" name="testInvalid" time="0.000550270080566"></testcase><testcase classname="daf_base.tests.dateTime.BritishTimeTestCase" file="tests/dateTime.py" line="145" name="testIsoExpanded" time="0.000286102294922"></testcase><testcase classname="daf_base.tests.dateTime.BritishTimeTestCase" file="tests/dateTime.py" line="152" name="testIsoNoNSecs" time="0.00025200843811"></testcase><testcase classname="daf_base.tests.dateTime.TimeZoneBaseTestCase" file="tests/dateTime.py" line="257" name="testNsecsTT" time="0.000300884246826"></testcase><testcase classname="daf_base.tests.dateTime.TimeZoneBaseTestCase" file="tests/dateTime.py" line="107" name="testNow" time="0.000414848327637"></testcase><testcase classname="daf_base.tests.dateTime.BritishTimeTestCase" file="tests/dateTime.py" line="159" name="testIsoThrow" time="0.00268602371216"></testcase><testcase classname="daf_base.tests.dateTime.BritishTimeTestCase" file="tests/dateTime.py" line="46" name="testMJD" time="0.000305891036987"></testcase><testcase classname="daf_base.tests.dateTime.BritishTimeTestCase" file="tests/dateTime.py" line="293" name="testNegative" time="0.000620126724243"></testcase><testcase classname="daf_base.tests.dateTime.BritishTimeTestCase" file="tests/dateTime.py" line="122" name="testIsoUTCBasic" time="0.000746011734009"></testcase><testcase classname="daf_base.tests.dateTime.BritishTimeTestCase" file="tests/dateTime.py" line="228" name="testDM7622" time="0.000436067581177"></testcase><testcase classname="daf_base.tests.dateTime.BritishTimeTestCase" file="tests/dateTime.py" line="67" name="testNsecs" time="0.000223875045776"></testcase><testcase classname="daf_base.tests.dateTime.TimeZoneBaseTestCase" file="tests/dateTime.py" line="122" name="testIsoUTCBasic" time="0.00101494789124"></testcase><testcase classname="daf_base.tests.dateTime.TimeZoneBaseTestCase" file="tests/dateTime.py" line="145" name="testIsoExpanded" time="0.000523090362549"></testcase><testcase classname="daf_base.tests.dateTime.BritishTimeTestCase" file="tests/dateTime.py" line="80" name="testBoundaryMJD" time="0.000481843948364"></testcase><testcase classname="daf_base.tests.dateTime.BritishTimeTestCase" file="tests/dateTime.py" line="117" name="testIsoEpoch" time="0.000530958175659"></testcase><testcase classname="daf_base.tests.dateTime.BritishTimeTestCase" file="tests/dateTime.py" line="91" name="testNsecsTAI" time="0.000399112701416"></testcase><testcase classname="daf_base.tests.dateTime.BritishTimeTestCase" file="tests/dateTime.py" line="346" name="testPickle" time="0.00046706199646"></testcase><testcase classname="daf_base.tests.dateTime.BritishTimeTestCase" file="tests/dateTime.py" line="220" name="testWraparound" time="0.000460624694824"></testcase><testcase classname="daf_base.tests.dateTime.BritishTime2TestCase" file="tests/dateTime.py" line="328" name="testConvert" time="0.000411033630371"></testcase><testcase classname="daf_base.tests.dateTime.BritishTimeTestCase" file="tests/dateTime.py" line="134" name="testIsoNonUTCBasics" time="0.00111508369446"></testcase><testcase classname="daf_base.tests.dateTime.BritishTime2TestCase" file="tests/dateTime.py" line="228" name="testDM7622" time="0.000459909439087"></testcase><testcase classname="daf_base.tests.dateTime.BritishTimeTestCase" file="tests/dateTime.py" line="107" name="testNow" time="0.000343084335327"></testcase><testcase classname="daf_base.tests.dateTime.BritishTimeTestCase" file="tests/dateTime.py" line="54" name="testLeapSecond" time="0.000417232513428"></testcase><testcase classname="daf_base.tests.dateTime.BritishTimeTestCase" file="tests/dateTime.py" line="99" name="testNsecsDefault" time="0.00028920173645"></testcase><testcase classname="daf_base.tests.dateTime.BritishTime2TestCase" file="tests/dateTime.py" line="275" name="testInvalid" time="0.000783205032349"></testcase><testcase classname="daf_base.tests.dateTime.BritishTime2TestCase" file="tests/dateTime.py" line="145" name="testIsoExpanded" time="0.000416994094849"></testcase><testcase classname="daf_base.tests.dateTime.BritishTimeTestCase" file="tests/dateTime.py" line="245" name="testStr" time="0.000611066818237"></testcase><testcase classname="daf_base.tests.dateTime.BritishTimeTestCase" file="tests/dateTime.py" line="257" name="testNsecsTT" time="0.000438213348389"></testcase><testcase classname="daf_base.tests.dateTime.BritishTime2TestCase" file="tests/dateTime.py" line="80" name="testBoundaryMJD" time="0.000386953353882"></testcase><testcase classname="daf_base.tests.dateTime.BritishTime2TestCase" file="tests/dateTime.py" line="86" name="testCrossBoundaryNsecs" time="0.000359773635864"></testcase><testcase classname="daf_base.tests.dateTime.BritishTime2TestCase" file="tests/dateTime.py" line="265" name="testFracSecs" time="0.000464916229248"></testcase><testcase classname="daf_base.tests.dateTime.BritishTime2TestCase" file="tests/dateTime.py" line="134" name="testIsoNonUTCBasics" time="0.000799894332886"></testcase><testcase classname="daf_base.tests.dateTime.BritishTime2TestCase" file="tests/dateTime.py" line="117" name="testIsoEpoch" time="0.000331878662109"></testcase><testcase classname="daf_base.tests.dateTime.BritishTime2TestCase" file="tests/dateTime.py" line="152" name="testIsoNoNSecs" time="0.000385999679565"></testcase><testcase classname="daf_base.tests.dateTime.BritishTime2TestCase" file="tests/dateTime.py" line="122" name="testIsoUTCBasic" time="0.000633001327515"></testcase><testcase classname="daf_base.tests.dateTime.BritishTime2TestCase" file="tests/dateTime.py" line="54" name="testLeapSecond" time="0.000385999679565"></testcase><testcase classname="daf_base.tests.dateTime.BritishTime2TestCase" file="tests/dateTime.py" line="46" name="testMJD" time="0.000326156616211"></testcase><testcase classname="daf_base.tests.dateTime.BritishTime2TestCase" file="tests/dateTime.py" line="159" name="testIsoThrow" time="0.00301575660706"></testcase><testcase classname="daf_base.tests.dateTime.BritishTime2TestCase" file="tests/dateTime.py" line="107" name="testNow" time="0.000316381454468"></testcase><testcase classname="daf_base.tests.dateTime.BritishTime2TestCase" file="tests/dateTime.py" line="293" name="testNegative" time="0.00107526779175"></testcase><testcase classname="daf_base.tests.dateTime.BritishTime2TestCase" file="tests/dateTime.py" line="67" name="testNsecs" time="0.000355958938599"></testcase><testcase classname="daf_base.tests.dateTime.BritishTime2TestCase" file="tests/dateTime.py" line="99" name="testNsecsDefault" time="0.00042724609375"></testcase><testcase classname="daf_base.tests.dateTime.BritishTime2TestCase" file="tests/dateTime.py" line="257" name="testNsecsTT" time="0.000377893447876"></testcase><testcase classname="daf_base.tests.dateTime.BritishTime2TestCase" file="tests/dateTime.py" line="91" name="testNsecsTAI" time="0.000303030014038"></testcase><testcase classname="daf_base.tests.dateTime.BritishTime2TestCase" file="tests/dateTime.py" line="346" name="testPickle" time="0.000421047210693"></testcase><testcase classname="daf_base.tests.dateTime.BritishTime2TestCase" file="tests/dateTime.py" line="245" name="testStr" time="0.000428676605225"></testcase><testcase classname="daf_base.tests.dateTime.BritishTime2TestCase" file="tests/dateTime.py" line="220" name="testWraparound" time="0.000352382659912"></testcase><testcase classname="daf_base.tests.dateTime.PacificTimeTestCase" file="tests/dateTime.py" line="80" name="testBoundaryMJD" time="0.000370025634766"></testcase><testcase classname="daf_base.tests.dateTime.PacificTimeTestCase" file="tests/dateTime.py" line="328" name="testConvert" time="0.000391006469727"></testcase><testcase classname="daf_base.tests.dateTime.PacificTimeTestCase" file="tests/dateTime.py" line="86" name="testCrossBoundaryNsecs" time="0.000399827957153"></testcase><testcase classname="daf_base.tests.dateTime.PacificTimeTestCase" file="tests/dateTime.py" line="265" name="testFracSecs" time="0.000749826431274"></testcase><testcase classname="daf_base.tests.dateTime.PacificTimeTestCase" file="tests/dateTime.py" line="228" name="testDM7622" time="0.000687837600708"></testcase><testcase classname="daf_base.tests.dateTime.PacificTimeTestCase" file="tests/dateTime.py" line="275" name="testInvalid" time="0.00081205368042"></testcase><testcase classname="daf_base.tests.dateTime.PacificTimeTestCase" file="tests/dateTime.py" line="152" name="testIsoNoNSecs" time="0.000401020050049"></testcase><testcase classname="daf_base.tests.dateTime.PacificTimeTestCase" file="tests/dateTime.py" line="117" name="testIsoEpoch" time="0.000399112701416"></testcase><testcase classname="daf_base.tests.dateTime.PacificTimeTestCase" file="tests/dateTime.py" line="145" name="testIsoExpanded" time="0.000458240509033"></testcase><testcase classname="daf_base.tests.dateTime.PacificTimeTestCase" file="tests/dateTime.py" line="134" name="testIsoNonUTCBasics" time="0.000816822052002"></testcase><testcase classname="daf_base.tests.dateTime.PacificTimeTestCase" file="tests/dateTime.py" line="122" name="testIsoUTCBasic" time="0.000858783721924"></testcase><testcase classname="daf_base.tests.dateTime.PacificTimeTestCase" file="tests/dateTime.py" line="159" name="testIsoThrow" time="0.00243973731995"></testcase><testcase classname="daf_base.tests.dateTime.PacificTimeTestCase" file="tests/dateTime.py" line="54" name="testLeapSecond" time="0.000373840332031"></testcase><testcase classname="daf_base.tests.dateTime.PacificTimeTestCase" file="tests/dateTime.py" line="46" name="testMJD" time="0.000341176986694"></testcase><testcase classname="daf_base.tests.dateTime.PacificTimeTestCase" file="tests/dateTime.py" line="293" name="testNegative" time="0.000751972198486"></testcase><testcase classname="daf_base.tests.dateTime.PacificTimeTestCase" file="tests/dateTime.py" line="67" name="testNsecs" time="0.000304937362671"></testcase><testcase classname="daf_base.tests.dateTime.PacificTimeTestCase" file="tests/dateTime.py" line="107" name="testNow" time="0.00041389465332"></testcase><testcase classname="daf_base.tests.dateTime.PacificTimeTestCase" file="tests/dateTime.py" line="99" name="testNsecsDefault" time="0.000334978103638"></testcase><testcase classname="daf_base.tests.dateTime.PacificTimeTestCase" file="tests/dateTime.py" line="91" name="testNsecsTAI" time="0.000384092330933"></testcase><testcase classname="daf_base.tests.dateTime.PacificTimeTestCase" file="tests/dateTime.py" line="346" name="testPickle" time="0.000334978103638"></testcase><testcase classname="daf_base.tests.dateTime.PacificTimeTestCase" file="tests/dateTime.py" line="257" name="testNsecsTT" time="0.000335216522217"></testcase><testcase classname="daf_base.tests.dateTime.PacificTimeTestCase" file="tests/dateTime.py" line="245" name="testStr" time="0.000743865966797"></testcase><testcase classname="daf_base.tests.dateTime.PacificTimeTestCase" file="tests/dateTime.py" line="220" name="testWraparound" time="0.000349998474121"></testcase><testcase classname="daf_base.tests.testExecutables.UtilsBinaryTester" file="../../../opt/lsst/software/stack/Linux64/utils/13.0-8-gb7ca535+e978158b25/python/lsst/utils/tests.py" line="270" name="test_exe__lsst_build_build_daf_base_tests_PropertyList" time="0.00755023956299"><system-out>Running executable &apos;/lsst_build/build/daf_base/tests/PropertyList&apos; with no arguments...
Running 19 test cases...

</system-out><system-err>
*** No errors detected
</system-err></testcase><testcase classname="daf_base.tests.testExecutables.UtilsBinaryTester" file="../../../opt/lsst/software/stack/Linux64/utils/13.0-8-gb7ca535+e978158b25/python/lsst/utils/tests.py" line="270" name="test_exe__lsst_build_build_daf_base_tests_dateTime_1" time="0.0104451179504"><system-out>Running executable &apos;/lsst_build/build/daf_base/tests/dateTime_1&apos; with no arguments...
Running 4 test cases...

</system-out><system-err>
*** No errors detected
</system-err></testcase><testcase classname="daf_base.tests.test_citizen.TestMemory" file="../../../opt/lsst/software/stack/Linux64/utils/13.0-8-gb7ca535+e978158b25/python/lsst/utils/tests.py" line="162" name="testFileDescriptorLeaks" time="0.0210468769073"></testcase><testcase classname="daf_base.tests.testExecutables.UtilsBinaryTester" file="../../../opt/lsst/software/stack/Linux64/utils/13.0-8-gb7ca535+e978158b25/python/lsst/utils/tests.py" line="270" name="test_exe__lsst_build_build_daf_base_tests_PropertySet_1" time="0.0125207901001"><system-out>Running executable &apos;/lsst_build/build/daf_base/tests/PropertySet_1&apos; with no arguments...
Running 25 test cases...

</system-out><system-err>
*** No errors detected
</system-err></testcase><testcase classname="daf_base.tests.test_citizen.CitizenTestCase" file="tests/test_citizen.py" line="37" name="testNextMemIdAndCensus" time="0.00203704833984"></testcase><testcase classname="daf_base.tests.testExecutables.UtilsBinaryTester" file="../../../opt/lsst/software/stack/Linux64/utils/13.0-8-gb7ca535+e978158b25/python/lsst/utils/tests.py" line="199" name="testSanity" time="0.000722885131836"></testcase><testcase classname="daf_base.tests.test_citizen.TestMemory" file="../../../opt/lsst/software/stack/Linux64/utils/13.0-8-gb7ca535+e978158b25/python/lsst/utils/tests.py" line="142" name="testLeaks" time="0.0268833637238"></testcase><testcase classname="daf_base.tests.test_citizen.CitizenTestCase" file="tests/test_citizen.py" line="32" name="testId" time="0.0029411315918"></testcase><testcase classname="daf_base.tests.testExecutables.UtilsBinaryTester" file="../../../opt/lsst/software/stack/Linux64/utils/13.0-8-gb7ca535+e978158b25/python/lsst/utils/tests.py" line="270" name="test_exe__lsst_build_build_daf_base_tests_citizen" time="0.0099151134491"><system-out>Running executable &apos;/lsst_build/build/daf_base/tests/citizen&apos; with no arguments...
Running 1 test case...

</system-out><system-err>Allocating memId 2
Deleting memId 2: 0x16c2700 Shoe

*** No errors detected
</system-err></testcase></testsuite>