<?xml version="1.0" encoding="utf-8"?><testsuite errors="0" failures="0" name="pytest" skips="0" tests="101" time="1.608"><testcase classname="pex_config.centos-7,py2.tests.test_Config.ConfigTest" file="tests/test_Config.py" line="229" name="testDuplicateRegistryNames" time="0.00690579414368"></testcase><testcase classname="pex_config.centos-7,py2.tests.test_Config.ConfigTest" file="tests/test_Config.py" line="309" name="testFreeze" time="0.00826215744019"></testcase><testcase classname="pex_config.centos-7,py2.tests.test_Config.ConfigTest" file="tests/test_Config.py" line="342" name="testBadImports" time="0.0182929039001"></testcase><testcase classname="pex_config.centos-7,py2.tests.test_Config.ConfigTest" file="tests/test_Config.py" line="363" name="testCompare" time="0.0131368637085"></testcase><testcase classname="pex_config.centos-7,py2.tests.test_Config.ConfigTest" file="tests/test_Config.py" line="288" name="testConvert" time="0.00858306884766"></testcase><testcase classname="pex_config.centos-7,py2.tests.test_Config.ConfigTest" file="tests/test_Config.py" line="233" name="testInheritance" time="0.00874376296997"></testcase><testcase classname="pex_config.centos-7,py2.tests.test_Config.ConfigTest" file="tests/test_Config.py" line="338" name="testImports" time="0.0196959972382"></testcase><testcase classname="pex_config.centos-7,py2.tests.test_Config.ConfigTest" file="tests/test_Config.py" line="191" name="testSave" time="0.0707337856293"><system-err>Config override file &apos;roundtrip.test&apos; appears to use &apos;root&apos; instead of &apos;config&apos;; trying with &apos;root&apos;</system-err></testcase><testcase classname="pex_config.centos-7,py2.tests.test_Config.ConfigTest" file="tests/test_Config.py" line="94" name="testInit" time="0.00535011291504"></testcase><testcase classname="pex_config.centos-7,py2.tests.test_Config.ConfigTest" file="tests/test_Config.py" line="352" name="testPickle" time="0.0516889095306"></testcase><testcase classname="pex_config.centos-7,py2.tests.test_Config.ConfigTest" file="tests/test_Config.py" line="164" name="testRangeFieldDefault" time="0.00644302368164"></testcase><testcase classname="pex_config.centos-7,py2.tests.test_Config.TestMemory" file="../../../opt/lsst/software/stack/Linux64/utils/13.0-8-gb7ca535+e978158b25/python/lsst/utils/tests.py" line="162" name="testFileDescriptorLeaks" time="0.0317289829254"></testcase><testcase classname="pex_config.centos-7,py2.tests.test_Config.ConfigTest" file="tests/test_Config.py" line="138" name="testRangeFieldConstructor" time="0.00512886047363"></testcase><testcase classname="pex_config.centos-7,py2.tests.test_Config.TestMemory" file="../../../opt/lsst/software/stack/Linux64/utils/13.0-8-gb7ca535+e978158b25/python/lsst/utils/tests.py" line="142" name="testLeaks" time="0.0332939624786"></testcase><testcase classname="pex_config.centos-7,py2.tests.test_Config.ConfigTest" file="tests/test_Config.py" line="410" name="testLoadError" time="0.0395662784576"></testcase><testcase classname="pex_config.centos-7,py2.tests.test_Config.ConfigTest" file="tests/test_Config.py" line="111" name="testValidate" time="0.0417459011078"></testcase><testcase classname="pex_config.centos-7,py2.tests.test_configChoiceField.ConfigChoiceFieldTest" file="tests/test_configChoiceField.py" line="122" name="testNoneValue" time="0.00535702705383"></testcase><testcase classname="pex_config.centos-7,py2.tests.test_configChoiceField.ConfigChoiceFieldTest" file="tests/test_configChoiceField.py" line="105" name="testNoArbitraryAttributes" time="0.00303888320923"></testcase><testcase classname="pex_config.centos-7,py2.tests.test_configDictField.ConfigDictFieldTest" file="tests/test_configDictField.py" line="75" name="testAssignment" time="0.00291585922241"></testcase><testcase classname="pex_config.centos-7,py2.tests.test_configDictField.ConfigDictFieldTest" file="tests/test_configDictField.py" line="122" name="testFreeze" time="0.00376677513123"></testcase><testcase classname="pex_config.centos-7,py2.tests.test_configDictField.ConfigDictFieldTest" file="tests/test_configDictField.py" line="42" name="testConstructor" time="0.000524044036865"></testcase><testcase classname="pex_config.centos-7,py2.tests.test_configDictField.ConfigDictFieldTest" file="tests/test_configDictField.py" line="93" name="testInPlaceModification" time="0.00161266326904"></testcase><testcase classname="pex_config.centos-7,py2.tests.test_configChoiceField.TestMemory" file="../../../opt/lsst/software/stack/Linux64/utils/13.0-8-gb7ca535+e978158b25/python/lsst/utils/tests.py" line="162" name="testFileDescriptorLeaks" time="0.0249660015106"></testcase><testcase classname="pex_config.centos-7,py2.tests.test_configDictField.ConfigDictFieldTest" file="tests/test_configDictField.py" line="132" name="testEquality" time="0.0479652881622"></testcase><testcase classname="pex_config.centos-7,py2.tests.test_configDictField.ConfigDictFieldTest" file="tests/test_configDictField.py" line="128" name="testNoArbitraryAttributes" time="0.000925064086914"></testcase><testcase classname="pex_config.centos-7,py2.tests.test_configChoiceField.ConfigChoiceFieldTest" file="tests/test_configChoiceField.py" line="87" name="testValidate" time="0.00519323348999"></testcase><testcase classname="pex_config.centos-7,py2.tests.test_configurableField.TestMemory" file="../../../opt/lsst/software/stack/Linux64/utils/13.0-8-gb7ca535+e978158b25/python/lsst/utils/tests.py" line="162" name="testFileDescriptorLeaks" time="0.0343132019043"></testcase><testcase classname="pex_config.centos-7,py2.tests.test_configurableField.ConfigurableFieldTest" file="tests/test_configurableField.py" line="52" name="testConstructor" time="0.00130677223206"></testcase><testcase classname="pex_config.centos-7,py2.tests.test_configChoiceField.ConfigChoiceFieldTest" file="tests/test_configChoiceField.py" line="100" name="testFreeze" time="0.00905156135559"></testcase><testcase classname="pex_config.centos-7,py2.tests.test_configurableField.ConfigurableFieldTest" file="tests/test_configurableField.py" line="121" name="testPersistence" time="0.00492191314697"></testcase><testcase classname="pex_config.centos-7,py2.tests.test_configChoiceField.ConfigChoiceFieldTest" file="tests/test_configChoiceField.py" line="108" name="testSelectionSet" time="0.00400972366333"></testcase><testcase classname="pex_config.centos-7,py2.tests.test_configChoiceField.ConfigChoiceFieldTest" file="tests/test_configChoiceField.py" line="67" name="testInit" time="0.00326299667358"></testcase><testcase classname="pex_config.centos-7,py2.tests.test_dictField.DictFieldTest" file="tests/test_dictField.py" line="69" name="testAssignment" time="0.0031840801239"></testcase><testcase classname="pex_config.centos-7,py2.tests.test_configurableField.ConfigurableFieldTest" file="tests/test_configurableField.py" line="115" name="testValidate" time="0.00304293632507"></testcase><testcase classname="pex_config.centos-7,py2.tests.test_configDictField.ConfigDictFieldTest" file="tests/test_configDictField.py" line="100" name="testSave" time="0.00400996208191"></testcase><testcase classname="pex_config.centos-7,py2.tests.test_configChoiceField.TestMemory" file="../../../opt/lsst/software/stack/Linux64/utils/13.0-8-gb7ca535+e978158b25/python/lsst/utils/tests.py" line="142" name="testLeaks" time="0.0206949710846"></testcase><testcase classname="pex_config.centos-7,py2.tests.test_dictField.DictFieldTest" file="tests/test_dictField.py" line="112" name="testEquality" time="0.00348687171936"></testcase><testcase classname="pex_config.centos-7,py2.tests.test_configDictField.ConfigDictFieldTest" file="tests/test_configDictField.py" line="117" name="testToDict" time="0.00159192085266"></testcase><testcase classname="pex_config.centos-7,py2.tests.test_dictField.DictFieldTest" file="tests/test_dictField.py" line="108" name="testNoArbitraryAttributes" time="0.00115704536438"></testcase><testcase classname="pex_config.centos-7,py2.tests.test_dictField.DictFieldTest" file="tests/test_dictField.py" line="36" name="testConstructor" time="0.000452995300293"></testcase><testcase classname="pex_config.centos-7,py2.tests.test_dictField.DictFieldTest" file="tests/test_dictField.py" line="97" name="testInPlaceModification" time="0.00145411491394"></testcase><testcase classname="pex_config.centos-7,py2.tests.test_configChoiceField.ConfigChoiceFieldTest" file="tests/test_configChoiceField.py" line="73" name="testSave" time="0.0164020061493"></testcase><testcase classname="pex_config.centos-7,py2.tests.test_history.HistoryTest" file="tests/test_history.py" line="35" name="testHistory" time="0.00866317749023"></testcase><testcase classname="pex_config.centos-7,py2.tests.test_history.TestMemory" file="../../../opt/lsst/software/stack/Linux64/utils/13.0-8-gb7ca535+e978158b25/python/lsst/utils/tests.py" line="142" name="testLeaks" time="0.0283348560333"></testcase><testcase classname="pex_config.centos-7,py2.tests.test_configDictField.ConfigDictFieldTest" file="tests/test_configDictField.py" line="83" name="testValidate" time="0.00194430351257"></testcase><testcase classname="pex_config.centos-7,py2.tests.test_dictField.DictFieldTest" file="tests/test_dictField.py" line="90" name="testValidate" time="0.00187397003174"></testcase><testcase classname="pex_config.centos-7,py2.tests.test_configurableField.TestMemory" file="../../../opt/lsst/software/stack/Linux64/utils/13.0-8-gb7ca535+e978158b25/python/lsst/utils/tests.py" line="142" name="testLeaks" time="0.0274391174316"></testcase><testcase classname="pex_config.centos-7,py2.tests.test_listField.ListFieldTest" file="tests/test_listField.py" line="124" name="testInPlaceModification" time="0.0030689239502"></testcase><testcase classname="pex_config.centos-7,py2.tests.test_listField.ListFieldTest" file="tests/test_listField.py" line="58" name="testConstructor" time="0.000989198684692"></testcase><testcase classname="pex_config.centos-7,py2.tests.test_history.TestMemory" file="../../../opt/lsst/software/stack/Linux64/utils/13.0-8-gb7ca535+e978158b25/python/lsst/utils/tests.py" line="162" name="testFileDescriptorLeaks" time="0.025003194809"></testcase><testcase classname="pex_config.centos-7,py2.tests.test_configDictField.TestMemory" file="../../../opt/lsst/software/stack/Linux64/utils/13.0-8-gb7ca535+e978158b25/python/lsst/utils/tests.py" line="162" name="testFileDescriptorLeaks" time="0.025711774826"></testcase><testcase classname="pex_config.centos-7,py2.tests.test_dictField.TestMemory" file="../../../opt/lsst/software/stack/Linux64/utils/13.0-8-gb7ca535+e978158b25/python/lsst/utils/tests.py" line="162" name="testFileDescriptorLeaks" time="0.0255467891693"></testcase><testcase classname="pex_config.centos-7,py2.tests.test_listField.ListFieldTest" file="tests/test_listField.py" line="117" name="testValidate" time="0.00199723243713"></testcase><testcase classname="pex_config.centos-7,py2.tests.test_listField.TestMemory" file="../../../opt/lsst/software/stack/Linux64/utils/13.0-8-gb7ca535+e978158b25/python/lsst/utils/tests.py" line="162" name="testFileDescriptorLeaks" time="0.024297952652"></testcase><testcase classname="pex_config.centos-7,py2.tests.test_listField.ListFieldTest" file="tests/test_listField.py" line="138" name="testCastAndTypes" time="0.00199127197266"></testcase><testcase classname="pex_config.centos-7,py2.tests.test_registry.ConfigTest" file="tests/test_registry.py" line="129" name="testExceptions" time="0.00215530395508"></testcase><testcase classname="pex_config.centos-7,py2.tests.test_registry.ConfigTest" file="tests/test_registry.py" line="118" name="testRegistryField" time="0.00201416015625"></testcase><testcase classname="pex_config.centos-7,py2.tests.test_registry.ConfigTest" file="tests/test_registry.py" line="105" name="testNesting" time="0.00416493415833"></testcase><testcase classname="pex_config.centos-7,py2.tests.test_listField.ListFieldTest" file="tests/test_listField.py" line="91" name="testAssignment" time="0.00950598716736"></testcase><testcase classname="pex_config.centos-7,py2.tests.test_registry.ConfigTest" file="tests/test_registry.py" line="94" name="testWrapper" time="0.00137066841125"></testcase><testcase classname="pex_config.centos-7,py2.tests.test_registry.ConfigTest" file="tests/test_registry.py" line="99" name="testReplace" time="0.00111103057861"></testcase><testcase classname="pex_config.centos-7,py2.tests.test_configDictField.TestMemory" file="../../../opt/lsst/software/stack/Linux64/utils/13.0-8-gb7ca535+e978158b25/python/lsst/utils/tests.py" line="142" name="testLeaks" time="0.0238239765167"></testcase><testcase classname="pex_config.centos-7,py2.tests.test_listField.ListFieldTest" file="tests/test_listField.py" line="148" name="testNoArbitraryAttributes" time="0.00171399116516"></testcase><testcase classname="pex_config.centos-7,py2.tests.test_registry.TestMemory" file="../../../opt/lsst/software/stack/Linux64/utils/13.0-8-gb7ca535+e978158b25/python/lsst/utils/tests.py" line="142" name="testLeaks" time="0.0315470695496"></testcase><testcase classname="pex_config.centos-7,py2.tests.test_dictField.TestMemory" file="../../../opt/lsst/software/stack/Linux64/utils/13.0-8-gb7ca535+e978158b25/python/lsst/utils/tests.py" line="142" name="testLeaks" time="0.0291330814362"></testcase><testcase classname="pex_config.centos-7,py2.tests.test_ticket1911.SubConfigDefaultsTest" file="tests/test_ticket1911.py" line="43" name="testCustomDefaults" time="0.0104031562805"><system-out>&lt;class &apos;test_ticket1911.Configurable&apos;&gt;
[&lt;class &apos;test_ticket1911.Configurable&apos;&gt;]
</system-out></testcase><testcase classname="pex_config.centos-7,py2.tests.test_listField.TestMemory" file="../../../opt/lsst/software/stack/Linux64/utils/13.0-8-gb7ca535+e978158b25/python/lsst/utils/tests.py" line="142" name="testLeaks" time="0.0265941619873"></testcase><testcase classname="pex_config.centos-7,py2.tests.test_registry.TestMemory" file="../../../opt/lsst/software/stack/Linux64/utils/13.0-8-gb7ca535+e978158b25/python/lsst/utils/tests.py" line="162" name="testFileDescriptorLeaks" time="0.0259840488434"></testcase><testcase classname="pex_config.centos-7,py2.tests.test_registry.ConfigTest" file="tests/test_registry.py" line="87" name="testBasics" time="0.00145483016968"></testcase><testcase classname="pex_config.centos-7,py2.tests.test_ticket1911.TestMemory" file="../../../opt/lsst/software/stack/Linux64/utils/13.0-8-gb7ca535+e978158b25/python/lsst/utils/tests.py" line="162" name="testFileDescriptorLeaks" time="0.0294952392578"></testcase><testcase classname="pex_config.centos-7,py2.tests.test_ticket1915.TestMemory" file="../../../opt/lsst/software/stack/Linux64/utils/13.0-8-gb7ca535+e978158b25/python/lsst/utils/tests.py" line="162" name="testFileDescriptorLeaks" time="0.0258259773254"></testcase><testcase classname="pex_config.centos-7,py2.tests.test_ticket1914.TestMemory" file="../../../opt/lsst/software/stack/Linux64/utils/13.0-8-gb7ca535+e978158b25/python/lsst/utils/tests.py" line="142" name="testLeaks" time="0.0292069911957"></testcase><testcase classname="pex_config.centos-7,py2.tests.test_configurableField.ConfigurableFieldTest" file="tests/test_configurableField.py" line="77" name="testBasics" time="0.00757575035095"></testcase><testcase classname="pex_config.centos-7,py2.tests.test_ticket1914.TestMemory" file="../../../opt/lsst/software/stack/Linux64/utils/13.0-8-gb7ca535+e978158b25/python/lsst/utils/tests.py" line="162" name="testFileDescriptorLeaks" time="0.0274541378021"></testcase><testcase classname="pex_config.centos-7,py2.tests.test_ticket1929.TestMemory" file="../../../opt/lsst/software/stack/Linux64/utils/13.0-8-gb7ca535+e978158b25/python/lsst/utils/tests.py" line="142" name="testLeaks" time="0.0317978858948"></testcase><testcase classname="pex_config.centos-7,py2.tests.test_ticket1914.FieldNameReportingTest" file="tests/test_ticket1914.py" line="42" name="test" time="0.00218939781189"></testcase><testcase classname="pex_config.centos-7,py2.tests.test_ticket1915.HistoryMergeTest" file="tests/test_ticket1915.py" line="41" name="test" time="0.00434708595276"></testcase><testcase classname="pex_config.centos-7,py2.tests.test_ticket1911.TestMemory" file="../../../opt/lsst/software/stack/Linux64/utils/13.0-8-gb7ca535+e978158b25/python/lsst/utils/tests.py" line="142" name="testLeaks" time="0.0311679840088"></testcase><testcase classname="pex_config.centos-7,py2.tests.test_ticket1915.TestMemory" file="../../../opt/lsst/software/stack/Linux64/utils/13.0-8-gb7ca535+e978158b25/python/lsst/utils/tests.py" line="142" name="testLeaks" time="0.0262429714203"></testcase><testcase classname="pex_config.centos-7,py2.tests.test_ticket1929.SquashingDefaultsTest" file="tests/test_ticket1929.py" line="44" name="test" time="0.00562405586243"></testcase><testcase classname="pex_config.centos-7,py2.tests.test_ticket1995.TestMemory" file="../../../opt/lsst/software/stack/Linux64/utils/13.0-8-gb7ca535+e978158b25/python/lsst/utils/tests.py" line="162" name="testFileDescriptorLeaks" time="0.0308949947357"></testcase><testcase classname="pex_config.centos-7,py2.tests.test_ticket1995.TestMemory" file="../../../opt/lsst/software/stack/Linux64/utils/13.0-8-gb7ca535+e978158b25/python/lsst/utils/tests.py" line="142" name="testLeaks" time="0.0309238433838"></testcase><testcase classname="pex_config.centos-7,py2.tests.test_ticket2818.TestMemory" file="../../../opt/lsst/software/stack/Linux64/utils/13.0-8-gb7ca535+e978158b25/python/lsst/utils/tests.py" line="162" name="testFileDescriptorLeaks" time="0.0260000228882"></testcase><testcase classname="pex_config.centos-7,py2.tests.test_ticket1929.TestMemory" file="../../../opt/lsst/software/stack/Linux64/utils/13.0-8-gb7ca535+e978158b25/python/lsst/utils/tests.py" line="162" name="testFileDescriptorLeaks" time="0.0267479419708"></testcase><testcase classname="pex_config.centos-7,py2.tests.test_ticket1995.LoadSpecialTest" file="tests/test_ticket1995.py" line="48" name="test" time="0.00425314903259"></testcase><testcase classname="pex_config.centos-7,py2.tests.test_ticket1995.EqualityTest" file="tests/test_ticket1995.py" line="37" name="test" time="0.00399494171143"></testcase><testcase classname="pex_config.centos-7,py2.tests.test_wrap.WrapTest" file="tests/test_wrap.py" line="32" name="testMakeControl" time="0.00163531303406"></testcase><testcase classname="pex_config.centos-7,py2.tests.test_ticket2818.TestMemory" file="../../../opt/lsst/software/stack/Linux64/utils/13.0-8-gb7ca535+e978158b25/python/lsst/utils/tests.py" line="142" name="testLeaks" time="0.0190510749817"></testcase><testcase classname="pex_config.centos-7,py2.tests.test_wrap.WrapTest" file="tests/test_wrap.py" line="55" name="testPickle" time="0.00346112251282"></testcase><testcase classname="pex_config.centos-7,py2.tests.test_ticket2818.ImportTest" file="tests/test_ticket2818.py" line="36" name="test" time="0.00531101226807"><system-out>import ticket2818helper.define
assert type(config)==ticket2818helper.define.BaseConfig, &apos;config is of type %s.%s instead of ticket2818helper.define.BaseConfig&apos; % (type(config).__module__, type(config).__name__)
import ticket2818helper.another
config.test.retarget(target=ticket2818helper.another.AnotherConfigurable, ConfigClass=ticket2818helper.another.AnotherConfig)


</system-out></testcase><testcase classname="pex_config.centos-7,py2.tests.test_wrap.NestedWrapTest" file="tests/test_wrap.py" line="85" name="testDefaults" time="0.00150895118713"></testcase><testcase classname="pex_config.centos-7,py2.tests.test_ticketDM-7337.TicketDM7337Test" file="tests/test_ticketDM-7337.py" line="30" name="testStrChoice" time="0.00106739997864"></testcase><testcase classname="pex_config.centos-7,py2.tests.test_ticketDM-7337.TestMemory" file="../../../opt/lsst/software/stack/Linux64/utils/13.0-8-gb7ca535+e978158b25/python/lsst/utils/tests.py" line="142" name="testLeaks" time="0.0149259567261"></testcase><testcase classname="pex_config.centos-7,py2.tests.test_wrap.NestedWrapTest" file="tests/test_wrap.py" line="65" name="testMakeControl" time="0.00231385231018"></testcase><testcase classname="pex_config.centos-7,py2.tests.test_wrap.WrapTest" file="tests/test_wrap.py" line="40" name="testReadControl" time="0.00235795974731"></testcase><testcase classname="pex_config.centos-7,py2.tests.test_wrap.WrapTest" file="tests/test_wrap.py" line="49" name="testDefaults" time="0.00174999237061"></testcase><testcase classname="pex_config.centos-7,py2.tests.test_wrap.NestedWrapTest" file="tests/test_wrap.py" line="91" name="testInt64" time="0.0028510093689"></testcase><testcase classname="pex_config.centos-7,py2.tests.test_wrap.NestedWrapTest" file="tests/test_wrap.py" line="75" name="testReadControl" time="0.00236201286316"></testcase><testcase classname="pex_config.centos-7,py2.tests.test_ticketDM-7337.TestMemory" file="../../../opt/lsst/software/stack/Linux64/utils/13.0-8-gb7ca535+e978158b25/python/lsst/utils/tests.py" line="162" name="testFileDescriptorLeaks" time="0.0252261161804"></testcase><testcase classname="pex_config.centos-7,py2.tests.test_wrap.TestMemory" file="../../../opt/lsst/software/stack/Linux64/utils/13.0-8-gb7ca535+e978158b25/python/lsst/utils/tests.py" line="142" name="testLeaks" time="0.0173580646515"></testcase><testcase classname="pex_config.centos-7,py2.tests.test_wrap.TestMemory" file="../../../opt/lsst/software/stack/Linux64/utils/13.0-8-gb7ca535+e978158b25/python/lsst/utils/tests.py" line="162" name="testFileDescriptorLeaks" time="0.0269968509674"></testcase></testsuite>