<?xml version="1.0" encoding="utf-8"?><testsuite errors="0" failures="0" name="pytest" skips="5" tests="90" time="3.442"><testcase classname="utils.tests.test_executables.UtilsBinaryTester" file="python/lsst/utils/tests.py" line="270" name="test_exe__lsst_build_build_utils_tests_testexe.sh" time="0.0188357830048"><system-out>Running executable &apos;/lsst_build/build/utils/tests/testexe.sh&apos; with no arguments...

</system-out></testcase><testcase classname="utils.tests.test_backtrace.TestMemory" file="python/lsst/utils/tests.py" line="142" name="testLeaks" time="0.00162792205811"></testcase><testcase classname="utils.tests.test_executables.UtilsBinaryTester" file="python/lsst/utils/tests.py" line="199" name="testSanity" time="0.000519037246704"></testcase><testcase classname="utils.tests.test_getPackageDir.GetPackageDirTestCase" file="tests/test_getPackageDir.py" line="41" name="testUnicodeBasics" time="0.00122308731079"></testcase><testcase classname="utils.tests.test_getPackageDir.TestMemory" file="python/lsst/utils/tests.py" line="162" name="testFileDescriptorLeaks" time="0.0346529483795"></testcase><testcase classname="utils.tests.test_getTempFilePath.TestMemory" file="python/lsst/utils/tests.py" line="162" name="testFileDescriptorLeaks" time="0.0290439128876"></testcase><testcase classname="utils.tests.test_backtrace.TestMemory" file="python/lsst/utils/tests.py" line="162" name="testFileDescriptorLeaks" time="0.0349571704865"></testcase><testcase classname="utils.tests.test_getTempFilePath.GetTempFilePathTestCase" file="tests/test_getTempFilePath.py" line="38" name="testMultipleCallDepth" time="0.133352041245"></testcase><testcase classname="utils.tests.test_getPackageDir.GetPackageDirTestCase" file="tests/test_getPackageDir.py" line="30" name="testBasics" time="0.0013599395752"></testcase><testcase classname="utils.tests.test_get_caller_name.GetCallerNameTestCase" file="tests/test_get_caller_name.py" line="52" name="test_class_method" time="0.0627419948578"></testcase><testcase classname="utils.tests.test_get_caller_name.GetCallerNameTestCase" file="tests/test_get_caller_name.py" line="36" name="test_free_function" time="0.0738232135773"></testcase><testcase classname="utils.tests.test_backtrace.BacktraceTestCase" file="tests/test_backtrace.py" line="33" name="test_segfault" time="0.231703996658"></testcase><testcase classname="utils.tests.test_getTempFilePath.TestMemory" file="python/lsst/utils/tests.py" line="142" name="testLeaks" time="0.00154685974121"></testcase><testcase classname="utils.tests.test_lockProtection.LockProtectedTestCase" file="tests/test_lockProtection.py" line="53" name="testSharedLock" time="0.00101828575134"></testcase><testcase classname="utils.tests.test_pybind11.Pybind11TestCase" file="tests/test_pybind11.py" line="127" name="testCppIndex1Axis" time="0.00139927864075"></testcase><testcase classname="utils.tests.test_pybind11.Pybind11TestCase" file="tests/test_pybind11.py" line="148" name="testCppIndex2Axis" time="0.0102961063385"></testcase><testcase classname="utils.tests.test_lockProtection.LockProtectedTestCase" file="tests/test_lockProtection.py" line="62" name="testSharedData" time="0.00189065933228"></testcase><testcase classname="utils.tests.test_getTempFilePath.GetTempFilePathTestCase" file="tests/test_getTempFilePath.py" line="29" name="testBasics" time="0.102569818497"></testcase><testcase classname="utils.tests.test_pybind11.Pybind11TestCase" file="../../../opt/lsst/software/stack/miniconda2-4.2.12/lib/python2.7/unittest/case.py" line="59" name="testExtendedIntegers" time="0.00124192237854"><skipped message="pybind11 does not (yet) support numpy scalar types" type="pytest.skip">../../../opt/lsst/software/stack/miniconda2-4.2.12/lib/python2.7/unittest/case.py:59: &lt;py._xmlgen.raw object at 0x7f7a8e5d2ad0&gt;</skipped></testcase><testcase classname="utils.tests.test_get_caller_name.GetCallerNameTestCase" file="tests/test_get_caller_name.py" line="43" name="test_instance_method" time="0.0665941238403"></testcase><testcase classname="utils.tests.test_pybind11.Pybind11TestCase" file="tests/test_pybind11.py" line="105" name="testFloatingPoints" time="0.00169777870178"></testcase><testcase classname="utils.tests.test_pybind11.Pybind11TestCase" file="tests/test_pybind11.py" line="67" name="testEqualityComparison" time="0.00111722946167"></testcase><testcase classname="utils.tests.test_pybind11.Pybind11TestCase" file="../../../opt/lsst/software/stack/miniconda2-4.2.12/lib/python2.7/unittest/case.py" line="59" name="testReturnCopy" time="0.000616788864136"><skipped message="it is questionable that this is desirable with pybind11" type="pytest.skip">../../../opt/lsst/software/stack/miniconda2-4.2.12/lib/python2.7/unittest/case.py:59: &lt;py._xmlgen.raw object at 0x7f7a8e5d4a10&gt;</skipped></testcase><testcase classname="utils.tests.test_pybind11.Pybind11TestCase" file="../../../opt/lsst/software/stack/miniconda2-4.2.12/lib/python2.7/unittest/case.py" line="59" name="testReturnSelf" time="0.000440120697021"><skipped message="it is questionable that this is desirable with pybind11" type="pytest.skip">../../../opt/lsst/software/stack/miniconda2-4.2.12/lib/python2.7/unittest/case.py:59: &lt;py._xmlgen.raw object at 0x7f7a8e5d4b10&gt;</skipped></testcase><testcase classname="utils.tests.test_pybind11.Pybind11TestCase" file="../../../opt/lsst/software/stack/miniconda2-4.2.12/lib/python2.7/unittest/case.py" line="59" name="testReturnNone" time="0.000475168228149"><skipped message="it is questionable that this is desirable with pybind11" type="pytest.skip">../../../opt/lsst/software/stack/miniconda2-4.2.12/lib/python2.7/unittest/case.py:59: &lt;py._xmlgen.raw object at 0x7f7a8e5e0650&gt;</skipped></testcase><testcase classname="utils.tests.test_pybind11.Pybind11TestCase" file="tests/test_pybind11.py" line="62" name="testStringification" time="0.000436067581177"></testcase><testcase classname="utils.tests.test_raDecToStr.RaDecToStrTestCase" file="tests/test_raDecToStr.py" line="66" name="testDegToStr" time="0.00110411643982"></testcase><testcase classname="utils.tests.test_pybind11.TestMemory" file="python/lsst/utils/tests.py" line="162" name="testFileDescriptorLeaks" time="0.0512089729309"></testcase><testcase classname="utils.tests.test_raDecToStr.RaDecToStrTestCase" file="tests/test_raDecToStr.py" line="59" name="testRadToStr" time="0.000663280487061"></testcase><testcase classname="utils.tests.test_raDecToStr.RaDecToStrTestCase" file="tests/test_raDecToStr.py" line="71" name="testRoundingDec" time="0.000365734100342"></testcase><testcase classname="utils.tests.test_raDecToStr.RaDecToStrTestCase" file="tests/test_raDecToStr.py" line="89" name="testStrToDeg" time="0.00111317634583"></testcase><testcase classname="utils.tests.test_raDecToStr.RaDecToStrTestCase" file="tests/test_raDecToStr.py" line="104" name="testStrToDegDelim" time="0.00171184539795"></testcase><testcase classname="utils.tests.test_raDecToStr.RaDecToStrTestCase" file="tests/test_raDecToStr.py" line="82" name="testStrToRad" time="0.00105881690979"></testcase><testcase classname="utils.tests.test_lockProtection.TestMemory" file="python/lsst/utils/tests.py" line="162" name="testFileDescriptorLeaks" time="0.0647070407867"></testcase><testcase classname="utils.tests.test_raDecToStr.RaDecToStrTestCase" file="tests/test_raDecToStr.py" line="94" name="testStrToRadDelim" time="0.00168704986572"></testcase><testcase classname="utils.tests.test_raDecToStr.TestMemory" file="python/lsst/utils/tests.py" line="142" name="testLeaks" time="0.00625514984131"></testcase><testcase classname="utils.tests.test_lockProtection.TestMemory" file="python/lsst/utils/tests.py" line="142" name="testLeaks" time="0.00127506256104"></testcase><testcase classname="utils.tests.test_sharedData.ShareDataTestCase" file="tests/test_sharedData.py" line="80" name="testAccess" time="0.00252604484558"></testcase><testcase classname="utils.tests.test_ordering.TestCaseOrdering" file="tests/test_ordering.py" line="26" name="testTestOrdering" time="0.00199413299561"></testcase><testcase classname="utils.tests.test_sharedData.ShareDataTestCase" file="tests/test_sharedData.py" line="37" name="testAcquire" time="0.000438928604126"></testcase><testcase classname="utils.tests.test_sharedData.ShareDataTestCase" file="tests/test_sharedData.py" line="104" name="testAdd" time="0.000540018081665"></testcase><testcase classname="utils.tests.test_pybind11.Pybind11TestCase" file="tests/test_pybind11.py" line="39" name="testConstructors" time="0.00084400177002"></testcase><testcase classname="utils.tests.test_sharedData.ShareDataTestCase" file="tests/test_sharedData.py" line="73" name="testInit" time="0.00049877166748"></testcase><testcase classname="utils.tests.test_sharedData.ShareDataTestCase" file="tests/test_sharedData.py" line="64" name="testNoLockRead" time="0.0045850276947"></testcase><testcase classname="utils.tests.test_sharedData.ShareDataTestCase" file="tests/test_sharedData.py" line="48" name="testNoData" time="0.000927925109863"></testcase><testcase classname="utils.tests.test_sharedData.ShareDataTestCase" file="tests/test_sharedData.py" line="96" name="testUpdate" time="0.000497102737427"></testcase><testcase classname="utils.tests.test_pybind11.Pybind11TestCase" file="../../../opt/lsst/software/stack/miniconda2-4.2.12/lib/python2.7/unittest/case.py" line="59" name="testListEqualityComparison" time="0.00439596176147"><skipped message="it is questionable that this is desirable with pybind11" type="pytest.skip">../../../opt/lsst/software/stack/miniconda2-4.2.12/lib/python2.7/unittest/case.py:59: &lt;py._xmlgen.raw object at 0x7f7a8e580e50&gt;</skipped></testcase><testcase classname="utils.tests.test_sharedData.ShareDataTestCase" file="tests/test_sharedData.py" line="56" name="testWith" time="0.000433921813965"></testcase><testcase classname="utils.tests.test_pybind11.TestMemory" file="python/lsst/utils/tests.py" line="142" name="testLeaks" time="0.000690937042236"></testcase><testcase classname="utils.tests.test_sharedData.ReadableShareDataTestCase" file="tests/test_sharedData.py" line="118" name="testAcquire" time="0.000415086746216"></testcase><testcase classname="utils.tests.test_sharedData.ReadableShareDataTestCase" file="tests/test_sharedData.py" line="175" name="testAdd" time="0.000455141067505"></testcase><testcase classname="utils.tests.test_sharedData.ReadableShareDataTestCase" file="tests/test_sharedData.py" line="145" name="testInit" time="0.00156784057617"></testcase><testcase classname="utils.tests.test_sharedData.ReadableShareDataTestCase" file="tests/test_sharedData.py" line="152" name="testAccess" time="0.000437498092651"></testcase><testcase classname="utils.tests.test_sharedData.ReadableShareDataTestCase" file="tests/test_sharedData.py" line="167" name="testUpdate" time="0.000446796417236"></testcase><testcase classname="utils.tests.test_sharedData.ReadableShareDataTestCase" file="tests/test_sharedData.py" line="138" name="testNoLockRead" time="0.000436067581177"></testcase><testcase classname="utils.tests.test_sharedData.MultiThreadTestCase" file="tests/test_sharedData.py" line="189" name="testThreads" time="2.00270605087"></testcase><testcase classname="utils.tests.test_pybind11.Pybind11TestCase" file="tests/test_pybind11.py" line="123" name="testOverloads" time="0.000427722930908"></testcase><testcase classname="utils.tests.test_sharedData.ReadableShareDataTestCase" file="tests/test_sharedData.py" line="129" name="testNoData" time="0.000502347946167"></testcase><testcase classname="utils.tests.test_sharedData.TestMemory" file="python/lsst/utils/tests.py" line="162" name="testFileDescriptorLeaks" time="0.034432888031"></testcase><testcase classname="utils.tests.test_utils.UtilsTestCase" file="tests/test_utils.py" line="47" name="test_assertFloatsAlmostEqual" time="0.0045371055603"></testcase><testcase classname="utils.tests.test_sharedData.TestMemory" file="python/lsst/utils/tests.py" line="142" name="testLeaks" time="0.00106191635132"></testcase><testcase classname="utils.tests.test_utils.TestMemory" file="python/lsst/utils/tests.py" line="162" name="testFileDescriptorLeaks" time="0.0207438468933"></testcase><testcase classname="utils.tests.test_lockProtection.LockProtectedTestCase" file="tests/test_lockProtection.py" line="44" name="testNoLock" time="0.000808000564575"></testcase><testcase classname="utils.tests.test_wrappers.TemplateMetaSimpleTestCase" file="tests/test_wrappers.py" line="225" name="testAliasUnregistered" time="0.000566959381104"></testcase><testcase classname="utils.tests.test_utils.UtilsTestCase" file="tests/test_utils.py" line="151" name="test_assertFloatsNotEqual" time="0.00209093093872"></testcase><testcase classname="utils.tests.test_lockProtection.LockProtectedTestCase" file="tests/test_lockProtection.py" line="71" name="testExitViaException" time="0.00076699256897"></testcase><testcase classname="utils.tests.test_wrappers.TemplateMetaSimpleTestCase" file="tests/test_wrappers.py" line="174" name="testAttributeCopying" time="0.000494003295898"></testcase><testcase classname="utils.tests.test_raDecToStr.TestMemory" file="python/lsst/utils/tests.py" line="162" name="testFileDescriptorLeaks" time="0.0203311443329"></testcase><testcase classname="utils.tests.test_wrappers.TemplateMetaSimpleTestCase" file="tests/test_wrappers.py" line="163" name="testConstruction" time="0.000519037246704"></testcase><testcase classname="utils.tests.test_wrappers.TemplateMetaSimpleTestCase" file="tests/test_wrappers.py" line="141" name="testAliases" time="0.000545024871826"></testcase><testcase classname="utils.tests.test_wrappers.TemplateMetaSimpleTestCase" file="tests/test_wrappers.py" line="132" name="testCorrectRegistration" time="0.000637054443359"></testcase><testcase classname="utils.tests.test_wrappers.TemplateMetaSimpleTestCase" file="tests/test_wrappers.py" line="153" name="testInheritanceHooks" time="0.000700235366821"></testcase><testcase classname="utils.tests.test_wrappers.TemplateMetaSimpleTestCase" file="tests/test_wrappers.py" line="207" name="testNoInheritedDictBehavior" time="0.000549077987671"></testcase><testcase classname="utils.tests.test_wrappers.TemplateMetaSimpleTestCase" file="tests/test_wrappers.py" line="231" name="testRegisterDTypeTwice" time="0.000650882720947"></testcase><testcase classname="utils.tests.test_wrappers.TemplateMetaSimpleTestCase" file="tests/test_wrappers.py" line="237" name="testRegisterTemplateTwice" time="0.00096321105957"></testcase><testcase classname="utils.tests.test_wrappers.TemplateMetaHardTestCase" file="tests/test_wrappers.py" line="305" name="testAliases" time="0.00078821182251"></testcase><testcase classname="utils.tests.test_wrappers.TemplateMetaHardTestCase" file="tests/test_wrappers.py" line="337" name="testConstruction" time="0.000713109970093"></testcase><testcase classname="utils.tests.test_wrappers.DecoratorsTestCase" file="tests/test_wrappers.py" line="68" name="testAttributeCopying" time="0.000478029251099"></testcase><testcase classname="utils.tests.test_wrappers.TemplateMetaHardTestCase" file="tests/test_wrappers.py" line="286" name="testCorrectRegistration" time="0.000592947006226"></testcase><testcase classname="utils.tests.test_wrappers.TemplateMetaHardTestCase" file="tests/test_wrappers.py" line="347" name="testDictBehavior" time="0.000708818435669"></testcase><testcase classname="utils.tests.test_wrappers.TemplateMetaHardTestCase" file="tests/test_wrappers.py" line="325" name="testInheritanceHooks" time="0.000457048416138"></testcase><testcase classname="utils.tests.test_getPackageDir.TestMemory" file="python/lsst/utils/tests.py" line="142" name="testLeaks" time="0.0013108253479"></testcase><testcase classname="utils.tests.test_wrappers.TemplateMetaSimpleTestCase" file="tests/test_wrappers.py" line="191" name="testDictBehavior" time="0.00223803520203"></testcase><testcase classname="utils.tests.test_wrappers.TemplateMetaHardTestCase" file="tests/test_wrappers.py" line="373" name="testRegisterDTypeTwice" time="0.00150108337402"></testcase><testcase classname="utils.tests.test_wrappers.TemplateMetaHardTestCase" file="tests/test_wrappers.py" line="369" name="testRegisterBadKey" time="0.00133514404297"></testcase><testcase classname="utils.tests.test_utils.TestMemory" file="python/lsst/utils/tests.py" line="142" name="testLeaks" time="0.0028600692749"></testcase><testcase classname="utils.tests.test_utils.UtilsTestCase" file="tests/test_utils.py" line="202" name="test_assertFloatsEqual" time="0.00510716438293"></testcase><testcase classname="utils.tests.test_get_caller_name.GetCallerNameTestCase" file="tests/test_get_caller_name.py" line="62" name="test_skip" time="0.0518550872803"></testcase><testcase classname="utils.tests.test_wrappers.TemplateMetaHardTestCase" file="tests/test_wrappers.py" line="379" name="testRegisterTemplateTwice" time="0.00124621391296"></testcase><testcase classname="utils.tests.test_wrappers.TestDefaultMethodCopying" file="tests/test_wrappers.py" line="427" name="testMethodCopyForDefaultType" time="0.00188016891479"></testcase></testsuite>