<?xml version="1.0" encoding="utf-8"?><testsuite errors="0" failures="0" name="pytest" skips="5" tests="90" time="1.597"><testcase classname="utils.osx,py3.tests.test_executables.UtilsBinaryTester" file="python/lsst/utils/tests.py" line="270" name="test_exe__lsst_build_build_utils_tests_testexe.sh" time="0.0100657939911"><system-out>Running executable &apos;/lsst_build/build/utils/tests/testexe.sh&apos; with no arguments...

</system-out></testcase><testcase classname="utils.osx,py3.tests.test_getPackageDir.TestMemory" file="python/lsst/utils/tests.py" line="162" name="testFileDescriptorLeaks" time="0.0311088562012"></testcase><testcase classname="utils.osx,py3.tests.test_backtrace.BacktraceTestCase" file="tests/test_backtrace.py" line="33" name="test_segfault" time="0.261140108109"></testcase><testcase classname="utils.osx,py3.tests.test_backtrace.TestMemory" file="python/lsst/utils/tests.py" line="142" name="testLeaks" time="0.00128507614136"></testcase><testcase classname="utils.osx,py3.tests.test_executables.UtilsBinaryTester" file="python/lsst/utils/tests.py" line="199" name="testSanity" time="0.000531911849976"></testcase><testcase classname="utils.osx,py3.tests.test_getPackageDir.GetPackageDirTestCase" file="tests/test_getPackageDir.py" line="41" name="testUnicodeBasics" time="0.00116991996765"></testcase><testcase classname="utils.osx,py3.tests.test_getTempFilePath.GetTempFilePathTestCase" file="tests/test_getTempFilePath.py" line="38" name="testMultipleCallDepth" time="0.143123149872"></testcase><testcase classname="utils.osx,py3.tests.test_backtrace.TestMemory" file="python/lsst/utils/tests.py" line="162" name="testFileDescriptorLeaks" time="0.0347652435303"></testcase><testcase classname="utils.osx,py3.tests.test_getTempFilePath.TestMemory" file="python/lsst/utils/tests.py" line="162" name="testFileDescriptorLeaks" time="0.032607793808"></testcase><testcase classname="utils.osx,py3.tests.test_getPackageDir.GetPackageDirTestCase" file="tests/test_getPackageDir.py" line="30" name="testBasics" time="0.00143313407898"></testcase><testcase classname="utils.osx,py3.tests.test_getTempFilePath.TestMemory" file="python/lsst/utils/tests.py" line="142" name="testLeaks" time="0.00121998786926"></testcase><testcase classname="utils.osx,py3.tests.test_get_caller_name.GetCallerNameTestCase" file="tests/test_get_caller_name.py" line="52" name="test_class_method" time="0.0759811401367"></testcase><testcase classname="utils.osx,py3.tests.test_get_caller_name.GetCallerNameTestCase" file="tests/test_get_caller_name.py" line="36" name="test_free_function" time="0.0643880367279"></testcase><testcase classname="utils.osx,py3.tests.test_lockProtection.LockProtectedTestCase" file="tests/test_lockProtection.py" line="53" name="testSharedLock" time="0.000826120376587"></testcase><testcase classname="utils.osx,py3.tests.test_pybind11.Pybind11TestCase" file="tests/test_pybind11.py" line="127" name="testCppIndex1Axis" time="0.00126075744629"></testcase><testcase classname="utils.osx,py3.tests.test_pybind11.Pybind11TestCase" file="tests/test_pybind11.py" line="148" name="testCppIndex2Axis" time="0.0083429813385"></testcase><testcase classname="utils.osx,py3.tests.test_pybind11.Pybind11TestCase" file="tests/test_pybind11.py" line="67" name="testEqualityComparison" time="0.000472068786621"></testcase><testcase classname="utils.osx,py3.tests.test_pybind11.Pybind11TestCase" file="../../../opt/lsst/software/stack/miniconda2-4.2.12/lib/python2.7/unittest/case.py" line="59" name="testExtendedIntegers" time="0.000433921813965"><skipped message="pybind11 does not (yet) support numpy scalar types" type="pytest.skip">../../../opt/lsst/software/stack/miniconda2-4.2.12/lib/python2.7/unittest/case.py:59: &lt;py._xmlgen.raw object at 0x7f3aa57bfd10&gt;</skipped></testcase><testcase classname="utils.osx,py3.tests.test_get_caller_name.GetCallerNameTestCase" file="tests/test_get_caller_name.py" line="43" name="test_instance_method" time="0.0941920280457"></testcase><testcase classname="utils.osx,py3.tests.test_getTempFilePath.GetTempFilePathTestCase" file="tests/test_getTempFilePath.py" line="29" name="testBasics" time="0.102986812592"></testcase><testcase classname="utils.osx,py3.tests.test_lockProtection.LockProtectedTestCase" file="tests/test_lockProtection.py" line="62" name="testSharedData" time="0.00142168998718"></testcase><testcase classname="utils.osx,py3.tests.test_pybind11.Pybind11TestCase" file="tests/test_pybind11.py" line="105" name="testFloatingPoints" time="0.00109887123108"></testcase><testcase classname="utils.osx,py3.tests.test_pybind11.Pybind11TestCase" file="../../../opt/lsst/software/stack/miniconda2-4.2.12/lib/python2.7/unittest/case.py" line="59" name="testReturnSelf" time="0.000450849533081"><skipped message="it is questionable that this is desirable with pybind11" type="pytest.skip">../../../opt/lsst/software/stack/miniconda2-4.2.12/lib/python2.7/unittest/case.py:59: &lt;py._xmlgen.raw object at 0x7f3aa57c5b10&gt;</skipped></testcase><testcase classname="utils.osx,py3.tests.test_pybind11.Pybind11TestCase" file="../../../opt/lsst/software/stack/miniconda2-4.2.12/lib/python2.7/unittest/case.py" line="59" name="testReturnCopy" time="0.00239181518555"><skipped message="it is questionable that this is desirable with pybind11" type="pytest.skip">../../../opt/lsst/software/stack/miniconda2-4.2.12/lib/python2.7/unittest/case.py:59: &lt;py._xmlgen.raw object at 0x7f3aa57c5c10&gt;</skipped></testcase><testcase classname="utils.osx,py3.tests.test_pybind11.Pybind11TestCase" file="tests/test_pybind11.py" line="62" name="testStringification" time="0.000507116317749"></testcase><testcase classname="utils.osx,py3.tests.test_pybind11.TestMemory" file="python/lsst/utils/tests.py" line="162" name="testFileDescriptorLeaks" time="0.0707566738129"></testcase><testcase classname="utils.osx,py3.tests.test_pybind11.Pybind11TestCase" file="../../../opt/lsst/software/stack/miniconda2-4.2.12/lib/python2.7/unittest/case.py" line="59" name="testReturnNone" time="0.000508785247803"><skipped message="it is questionable that this is desirable with pybind11" type="pytest.skip">../../../opt/lsst/software/stack/miniconda2-4.2.12/lib/python2.7/unittest/case.py:59: &lt;py._xmlgen.raw object at 0x7f3aa57cf710&gt;</skipped></testcase><testcase classname="utils.osx,py3.tests.test_raDecToStr.RaDecToStrTestCase" file="tests/test_raDecToStr.py" line="66" name="testDegToStr" time="0.00130391120911"></testcase><testcase classname="utils.osx,py3.tests.test_raDecToStr.RaDecToStrTestCase" file="tests/test_raDecToStr.py" line="59" name="testRadToStr" time="0.000648975372314"></testcase><testcase classname="utils.osx,py3.tests.test_lockProtection.TestMemory" file="python/lsst/utils/tests.py" line="142" name="testLeaks" time="0.00106310844421"></testcase><testcase classname="utils.osx,py3.tests.test_ordering.TestCaseOrdering" file="tests/test_ordering.py" line="26" name="testTestOrdering" time="0.00188302993774"></testcase><testcase classname="utils.osx,py3.tests.test_raDecToStr.RaDecToStrTestCase" file="tests/test_raDecToStr.py" line="71" name="testRoundingDec" time="0.000538110733032"></testcase><testcase classname="utils.osx,py3.tests.test_pybind11.Pybind11TestCase" file="tests/test_pybind11.py" line="39" name="testConstructors" time="0.000874996185303"></testcase><testcase classname="utils.osx,py3.tests.test_raDecToStr.RaDecToStrTestCase" file="tests/test_raDecToStr.py" line="89" name="testStrToDeg" time="0.00107383728027"></testcase><testcase classname="utils.osx,py3.tests.test_raDecToStr.RaDecToStrTestCase" file="tests/test_raDecToStr.py" line="94" name="testStrToRadDelim" time="0.00159072875977"></testcase><testcase classname="utils.osx,py3.tests.test_lockProtection.TestMemory" file="python/lsst/utils/tests.py" line="162" name="testFileDescriptorLeaks" time="0.0515818595886"></testcase><testcase classname="utils.osx,py3.tests.test_raDecToStr.RaDecToStrTestCase" file="tests/test_raDecToStr.py" line="104" name="testStrToDegDelim" time="0.0031156539917"></testcase><testcase classname="utils.osx,py3.tests.test_raDecToStr.TestMemory" file="python/lsst/utils/tests.py" line="142" name="testLeaks" time="0.000698804855347"></testcase><testcase classname="utils.osx,py3.tests.test_sharedData.ShareDataTestCase" file="tests/test_sharedData.py" line="80" name="testAccess" time="0.000813007354736"></testcase><testcase classname="utils.osx,py3.tests.test_raDecToStr.RaDecToStrTestCase" file="tests/test_raDecToStr.py" line="82" name="testStrToRad" time="0.0011351108551"></testcase><testcase classname="utils.osx,py3.tests.test_sharedData.ShareDataTestCase" file="tests/test_sharedData.py" line="104" name="testAdd" time="0.000979900360107"></testcase><testcase classname="utils.osx,py3.tests.test_sharedData.ShareDataTestCase" file="tests/test_sharedData.py" line="37" name="testAcquire" time="0.000484228134155"></testcase><testcase classname="utils.osx,py3.tests.test_sharedData.ShareDataTestCase" file="tests/test_sharedData.py" line="73" name="testInit" time="0.000440120697021"></testcase><testcase classname="utils.osx,py3.tests.test_sharedData.ShareDataTestCase" file="tests/test_sharedData.py" line="48" name="testNoData" time="0.00161695480347"></testcase><testcase classname="utils.osx,py3.tests.test_sharedData.ShareDataTestCase" file="tests/test_sharedData.py" line="64" name="testNoLockRead" time="0.0003821849823"></testcase><testcase classname="utils.osx,py3.tests.test_sharedData.ShareDataTestCase" file="tests/test_sharedData.py" line="96" name="testUpdate" time="0.00051474571228"></testcase><testcase classname="utils.osx,py3.tests.test_sharedData.ShareDataTestCase" file="tests/test_sharedData.py" line="56" name="testWith" time="0.000411033630371"></testcase><testcase classname="utils.osx,py3.tests.test_sharedData.ReadableShareDataTestCase" file="tests/test_sharedData.py" line="118" name="testAcquire" time="0.000409841537476"></testcase><testcase classname="utils.osx,py3.tests.test_pybind11.TestMemory" file="python/lsst/utils/tests.py" line="142" name="testLeaks" time="0.000713109970093"></testcase><testcase classname="utils.osx,py3.tests.test_sharedData.ReadableShareDataTestCase" file="tests/test_sharedData.py" line="152" name="testAccess" time="0.00128698348999"></testcase><testcase classname="utils.osx,py3.tests.test_sharedData.ReadableShareDataTestCase" file="tests/test_sharedData.py" line="145" name="testInit" time="0.000436305999756"></testcase><testcase classname="utils.osx,py3.tests.test_sharedData.ReadableShareDataTestCase" file="tests/test_sharedData.py" line="129" name="testNoData" time="0.000822067260742"></testcase><testcase classname="utils.osx,py3.tests.test_sharedData.ReadableShareDataTestCase" file="tests/test_sharedData.py" line="138" name="testNoLockRead" time="0.00039005279541"></testcase><testcase classname="utils.osx,py3.tests.test_sharedData.ReadableShareDataTestCase" file="tests/test_sharedData.py" line="175" name="testAdd" time="0.000537157058716"></testcase><testcase classname="utils.osx,py3.tests.test_pybind11.Pybind11TestCase" file="../../../opt/lsst/software/stack/miniconda2-4.2.12/lib/python2.7/unittest/case.py" line="59" name="testListEqualityComparison" time="0.000853061676025"><skipped message="it is questionable that this is desirable with pybind11" type="pytest.skip">../../../opt/lsst/software/stack/miniconda2-4.2.12/lib/python2.7/unittest/case.py:59: &lt;py._xmlgen.raw object at 0x7f3aa5770f50&gt;</skipped></testcase><testcase classname="utils.osx,py3.tests.test_sharedData.ReadableShareDataTestCase" file="tests/test_sharedData.py" line="167" name="testUpdate" time="0.000553369522095"></testcase><testcase classname="utils.osx,py3.tests.test_sharedData.MultiThreadTestCase" file="tests/test_sharedData.py" line="189" name="testThreads" time="0.0017249584198"></testcase><testcase classname="utils.osx,py3.tests.test_pybind11.Pybind11TestCase" file="tests/test_pybind11.py" line="123" name="testOverloads" time="0.000463962554932"></testcase><testcase classname="utils.osx,py3.tests.test_sharedData.TestMemory" file="python/lsst/utils/tests.py" line="162" name="testFileDescriptorLeaks" time="0.0303120613098"></testcase><testcase classname="utils.osx,py3.tests.test_utils.UtilsTestCase" file="tests/test_utils.py" line="47" name="test_assertFloatsAlmostEqual" time="0.00487208366394"></testcase><testcase classname="utils.osx,py3.tests.test_lockProtection.LockProtectedTestCase" file="tests/test_lockProtection.py" line="71" name="testExitViaException" time="0.00117421150208"></testcase><testcase classname="utils.osx,py3.tests.test_sharedData.TestMemory" file="python/lsst/utils/tests.py" line="142" name="testLeaks" time="0.000842332839966"></testcase><testcase classname="utils.osx,py3.tests.test_utils.UtilsTestCase" file="tests/test_utils.py" line="202" name="test_assertFloatsEqual" time="0.00217866897583"></testcase><testcase classname="utils.osx,py3.tests.test_raDecToStr.TestMemory" file="python/lsst/utils/tests.py" line="162" name="testFileDescriptorLeaks" time="0.0205419063568"></testcase><testcase classname="utils.osx,py3.tests.test_lockProtection.LockProtectedTestCase" file="tests/test_lockProtection.py" line="44" name="testNoLock" time="0.000967741012573"></testcase><testcase classname="utils.osx,py3.tests.test_utils.TestMemory" file="python/lsst/utils/tests.py" line="142" name="testLeaks" time="0.00121092796326"></testcase><testcase classname="utils.osx,py3.tests.test_wrappers.DecoratorsTestCase" file="tests/test_wrappers.py" line="68" name="testAttributeCopying" time="0.000791788101196"></testcase><testcase classname="utils.osx,py3.tests.test_utils.TestMemory" file="python/lsst/utils/tests.py" line="162" name="testFileDescriptorLeaks" time="0.0205719470978"></testcase><testcase classname="utils.osx,py3.tests.test_wrappers.TemplateMetaSimpleTestCase" file="tests/test_wrappers.py" line="225" name="testAliasUnregistered" time="0.000937700271606"></testcase><testcase classname="utils.osx,py3.tests.test_wrappers.TemplateMetaSimpleTestCase" file="tests/test_wrappers.py" line="174" name="testAttributeCopying" time="0.00113987922668"></testcase><testcase classname="utils.osx,py3.tests.test_wrappers.TemplateMetaSimpleTestCase" file="tests/test_wrappers.py" line="163" name="testConstruction" time="0.00389385223389"></testcase><testcase classname="utils.osx,py3.tests.test_wrappers.TemplateMetaSimpleTestCase" file="tests/test_wrappers.py" line="132" name="testCorrectRegistration" time="0.000707864761353"></testcase><testcase classname="utils.osx,py3.tests.test_wrappers.TemplateMetaSimpleTestCase" file="tests/test_wrappers.py" line="153" name="testInheritanceHooks" time="0.000708103179932"></testcase><testcase classname="utils.osx,py3.tests.test_wrappers.TemplateMetaSimpleTestCase" file="tests/test_wrappers.py" line="207" name="testNoInheritedDictBehavior" time="0.000727891921997"></testcase><testcase classname="utils.osx,py3.tests.test_wrappers.TemplateMetaSimpleTestCase" file="tests/test_wrappers.py" line="231" name="testRegisterDTypeTwice" time="0.000712871551514"></testcase><testcase classname="utils.osx,py3.tests.test_wrappers.TemplateMetaSimpleTestCase" file="tests/test_wrappers.py" line="237" name="testRegisterTemplateTwice" time="0.000616788864136"></testcase><testcase classname="utils.osx,py3.tests.test_wrappers.TemplateMetaHardTestCase" file="tests/test_wrappers.py" line="305" name="testAliases" time="0.000753879547119"></testcase><testcase classname="utils.osx,py3.tests.test_wrappers.TemplateMetaHardTestCase" file="tests/test_wrappers.py" line="337" name="testConstruction" time="0.000734090805054"></testcase><testcase classname="utils.osx,py3.tests.test_utils.UtilsTestCase" file="tests/test_utils.py" line="151" name="test_assertFloatsNotEqual" time="0.00183773040771"></testcase><testcase classname="utils.osx,py3.tests.test_wrappers.TemplateMetaHardTestCase" file="tests/test_wrappers.py" line="286" name="testCorrectRegistration" time="0.00100421905518"></testcase><testcase classname="utils.osx,py3.tests.test_wrappers.TemplateMetaHardTestCase" file="tests/test_wrappers.py" line="347" name="testDictBehavior" time="0.000734090805054"></testcase><testcase classname="utils.osx,py3.tests.test_getPackageDir.TestMemory" file="python/lsst/utils/tests.py" line="142" name="testLeaks" time="0.000797033309937"></testcase><testcase classname="utils.osx,py3.tests.test_wrappers.TemplateMetaHardTestCase" file="tests/test_wrappers.py" line="373" name="testRegisterDTypeTwice" time="0.000674247741699"></testcase><testcase classname="utils.osx,py3.tests.test_wrappers.TemplateMetaHardTestCase" file="tests/test_wrappers.py" line="369" name="testRegisterBadKey" time="0.00160384178162"></testcase><testcase classname="utils.osx,py3.tests.test_wrappers.TemplateMetaSimpleTestCase" file="tests/test_wrappers.py" line="191" name="testDictBehavior" time="0.000772714614868"></testcase><testcase classname="utils.osx,py3.tests.test_wrappers.TemplateMetaSimpleTestCase" file="tests/test_wrappers.py" line="141" name="testAliases" time="0.00265002250671"></testcase><testcase classname="utils.osx,py3.tests.test_get_caller_name.GetCallerNameTestCase" file="tests/test_get_caller_name.py" line="62" name="test_skip" time="0.0501523017883"></testcase><testcase classname="utils.osx,py3.tests.test_wrappers.TemplateMetaHardTestCase" file="tests/test_wrappers.py" line="379" name="testRegisterTemplateTwice" time="0.00055193901062"></testcase><testcase classname="utils.osx,py3.tests.test_wrappers.TestDefaultMethodCopying" file="tests/test_wrappers.py" line="427" name="testMethodCopyForDefaultType" time="0.000767946243286"></testcase><testcase classname="utils.osx,py3.tests.test_wrappers.TemplateMetaHardTestCase" file="tests/test_wrappers.py" line="325" name="testInheritanceHooks" time="0.000537872314453"></testcase></testsuite>